<?xml version="1.0" encoding="UTF-8"?>
<testng-results skipped="12" failed="0" total="12" passed="0">
  <reporter-output>
  </reporter-output>
  <suite name="Appium-Framework" duration-ms="27084" started-at="2015-05-08T12:21:05Z" finished-at="2015-05-08T12:21:32Z">
    <groups>
      <group name="iOS_payments">
        <method signature="AddMoneyTest.verifyAddMoney_creditCard()[pri:0, instance:IntegrationTests.Tests.Payments.AddMoneyTest@2d6e8792]" name="verifyAddMoney_creditCard" class="IntegrationTests.Tests.Payments.AddMoneyTest"/>
        <method signature="AddMoneyTest.verifyAddMoney_debitCard()[pri:0, instance:IntegrationTests.Tests.Payments.AddMoneyTest@2d6e8792]" name="verifyAddMoney_debitCard" class="IntegrationTests.Tests.Payments.AddMoneyTest"/>
        <method signature="AddMoneyTest.verifyAddMoney_deleteCard()[pri:0, instance:IntegrationTests.Tests.Payments.AddMoneyTest@2d6e8792]" name="verifyAddMoney_deleteCard" class="IntegrationTests.Tests.Payments.AddMoneyTest"/>
        <method signature="AddMoneyTest.verifyAddMoney_maxLimitPromo()[pri:0, instance:IntegrationTests.Tests.Payments.AddMoneyTest@2d6e8792]" name="verifyAddMoney_maxLimitPromo" class="IntegrationTests.Tests.Payments.AddMoneyTest"/>
        <method signature="AddMoneyTest.verifyAddMoney_netBanking()[pri:0, instance:IntegrationTests.Tests.Payments.AddMoneyTest@2d6e8792]" name="verifyAddMoney_netBanking" class="IntegrationTests.Tests.Payments.AddMoneyTest"/>
        <method signature="AddMoneyTest.verifyAddMoney_savedCard()[pri:0, instance:IntegrationTests.Tests.Payments.AddMoneyTest@2d6e8792]" name="verifyAddMoney_savedCard" class="IntegrationTests.Tests.Payments.AddMoneyTest"/>
        <method signature="AddMoneyTest.verifyAddMoneywithPromo_creditCard()[pri:0, instance:IntegrationTests.Tests.Payments.AddMoneyTest@2d6e8792]" name="verifyAddMoneywithPromo_creditCard" class="IntegrationTests.Tests.Payments.AddMoneyTest"/>
        <method signature="AddMoneyTest.verifyAddMoneywithPromo_debitCard()[pri:0, instance:IntegrationTests.Tests.Payments.AddMoneyTest@2d6e8792]" name="verifyAddMoneywithPromo_debitCard" class="IntegrationTests.Tests.Payments.AddMoneyTest"/>
        <method signature="AddMoneyTest.verifyAddMoneywithPromo_savedCard()[pri:0, instance:IntegrationTests.Tests.Payments.AddMoneyTest@2d6e8792]" name="verifyAddMoneywithPromo_savedCard" class="IntegrationTests.Tests.Payments.AddMoneyTest"/>
        <method signature="AddMoneyTest.verifyEmpty_AddMoney()[pri:0, instance:IntegrationTests.Tests.Payments.AddMoneyTest@2d6e8792]" name="verifyEmpty_AddMoney" class="IntegrationTests.Tests.Payments.AddMoneyTest"/>
        <method signature="AddMoneyTest.verifyless_AddMoney()[pri:0, instance:IntegrationTests.Tests.Payments.AddMoneyTest@2d6e8792]" name="verifyless_AddMoney" class="IntegrationTests.Tests.Payments.AddMoneyTest"/>
        <method signature="AddMoneyTest.verifymore_AddMoney()[pri:0, instance:IntegrationTests.Tests.Payments.AddMoneyTest@2d6e8792]" name="verifymore_AddMoney" class="IntegrationTests.Tests.Payments.AddMoneyTest"/>
      </group> <!-- iOS_payments -->
      <group name="android_payments">
        <method signature="AddMoneyTest.verifyAddMoney_creditCard()[pri:0, instance:IntegrationTests.Tests.Payments.AddMoneyTest@2d6e8792]" name="verifyAddMoney_creditCard" class="IntegrationTests.Tests.Payments.AddMoneyTest"/>
        <method signature="AddMoneyTest.verifyAddMoney_debitCard()[pri:0, instance:IntegrationTests.Tests.Payments.AddMoneyTest@2d6e8792]" name="verifyAddMoney_debitCard" class="IntegrationTests.Tests.Payments.AddMoneyTest"/>
        <method signature="AddMoneyTest.verifyAddMoney_deleteCard()[pri:0, instance:IntegrationTests.Tests.Payments.AddMoneyTest@2d6e8792]" name="verifyAddMoney_deleteCard" class="IntegrationTests.Tests.Payments.AddMoneyTest"/>
        <method signature="AddMoneyTest.verifyAddMoney_maxLimitPromo()[pri:0, instance:IntegrationTests.Tests.Payments.AddMoneyTest@2d6e8792]" name="verifyAddMoney_maxLimitPromo" class="IntegrationTests.Tests.Payments.AddMoneyTest"/>
        <method signature="AddMoneyTest.verifyAddMoney_netBanking()[pri:0, instance:IntegrationTests.Tests.Payments.AddMoneyTest@2d6e8792]" name="verifyAddMoney_netBanking" class="IntegrationTests.Tests.Payments.AddMoneyTest"/>
        <method signature="AddMoneyTest.verifyAddMoney_savedCard()[pri:0, instance:IntegrationTests.Tests.Payments.AddMoneyTest@2d6e8792]" name="verifyAddMoney_savedCard" class="IntegrationTests.Tests.Payments.AddMoneyTest"/>
        <method signature="AddMoneyTest.verifyAddMoneywithPromo_creditCard()[pri:0, instance:IntegrationTests.Tests.Payments.AddMoneyTest@2d6e8792]" name="verifyAddMoneywithPromo_creditCard" class="IntegrationTests.Tests.Payments.AddMoneyTest"/>
        <method signature="AddMoneyTest.verifyAddMoneywithPromo_debitCard()[pri:0, instance:IntegrationTests.Tests.Payments.AddMoneyTest@2d6e8792]" name="verifyAddMoneywithPromo_debitCard" class="IntegrationTests.Tests.Payments.AddMoneyTest"/>
        <method signature="AddMoneyTest.verifyAddMoneywithPromo_savedCard()[pri:0, instance:IntegrationTests.Tests.Payments.AddMoneyTest@2d6e8792]" name="verifyAddMoneywithPromo_savedCard" class="IntegrationTests.Tests.Payments.AddMoneyTest"/>
        <method signature="AddMoneyTest.verifyEmpty_AddMoney()[pri:0, instance:IntegrationTests.Tests.Payments.AddMoneyTest@2d6e8792]" name="verifyEmpty_AddMoney" class="IntegrationTests.Tests.Payments.AddMoneyTest"/>
        <method signature="AddMoneyTest.verifyless_AddMoney()[pri:0, instance:IntegrationTests.Tests.Payments.AddMoneyTest@2d6e8792]" name="verifyless_AddMoney" class="IntegrationTests.Tests.Payments.AddMoneyTest"/>
        <method signature="AddMoneyTest.verifymore_AddMoney()[pri:0, instance:IntegrationTests.Tests.Payments.AddMoneyTest@2d6e8792]" name="verifymore_AddMoney" class="IntegrationTests.Tests.Payments.AddMoneyTest"/>
      </group> <!-- android_payments -->
    </groups>
    <test name="Mobikwik Automation Tests" duration-ms="27084" started-at="2015-05-08T12:21:05Z" finished-at="2015-05-08T12:21:32Z">
      <class name="IntegrationTests.Tests.Payments.AddMoneyTest">
        <test-method status="FAIL" signature="createDriver(java.lang.String, java.lang.String, java.lang.String)[pri:0, instance:IntegrationTests.Tests.Payments.AddMoneyTest@2d6e8792]" name="createDriver" is-config="true" duration-ms="0" started-at="2015-05-08T17:51:05Z" finished-at="2015-05-08T17:51:05Z">
          <params>
            <param index="0">
              <value>
                <![CDATA[android]]>
              </value>
            </param>
            <param index="1">
              <value>
                <![CDATA[stag]]>
              </value>
            </param>
            <param index="2">
              <value is-null="true"/>
            </param>
          </params>
          <exception class="org.openqa.selenium.SessionNotCreatedException">
            <message>
              <![CDATA[A new session could not be created. (Original error: Screen did not unlock) (WARNING: The server did not provide any stacktrace information)
Command duration or timeout: 26.63 seconds
Build info: version: '2.43.1', revision: '5163bce', time: '2014-09-10 16:27:58'
System info: host: 'shanky-Lenovo-B40-70', ip: '127.0.1.1', os.name: 'Linux', os.arch: 'amd64', os.version: '3.11.0-26-generic', java.version: '1.8.0_45'
Driver info: io.appium.java_client.android.AndroidDriver]]>
            </message>
            <full-stacktrace>
              <![CDATA[org.openqa.selenium.SessionNotCreatedException: A new session could not be created. (Original error: Screen did not unlock) (WARNING: The server did not provide any stacktrace information)
Command duration or timeout: 26.63 seconds
Build info: version: '2.43.1', revision: '5163bce', time: '2014-09-10 16:27:58'
System info: host: 'shanky-Lenovo-B40-70', ip: '127.0.1.1', os.name: 'Linux', os.arch: 'amd64', os.version: '3.11.0-26-generic', java.version: '1.8.0_45'
Driver info: io.appium.java_client.android.AndroidDriver
	at sun.reflect.NativeConstructorAccessorImpl.newInstance0(Native Method)
	at sun.reflect.NativeConstructorAccessorImpl.newInstance(NativeConstructorAccessorImpl.java:62)
	at sun.reflect.DelegatingConstructorAccessorImpl.newInstance(DelegatingConstructorAccessorImpl.java:45)
	at java.lang.reflect.Constructor.newInstance(Constructor.java:422)
	at org.openqa.selenium.remote.ErrorHandler.createThrowable(ErrorHandler.java:204)
	at org.openqa.selenium.remote.ErrorHandler.throwIfResponseFailed(ErrorHandler.java:156)
	at org.openqa.selenium.remote.RemoteWebDriver.execute(RemoteWebDriver.java:599)
	at io.appium.java_client.AppiumDriver.execute(AppiumDriver.java:180)
	at org.openqa.selenium.remote.RemoteWebDriver.startSession(RemoteWebDriver.java:240)
	at org.openqa.selenium.remote.RemoteWebDriver.<init>(RemoteWebDriver.java:126)
	at org.openqa.selenium.remote.RemoteWebDriver.<init>(RemoteWebDriver.java:153)
	at io.appium.java_client.AppiumDriver.<init>(AppiumDriver.java:109)
	at io.appium.java_client.android.AndroidDriver.<init>(AndroidDriver.java:39)
	at UITestFramework.CreateSession.androidDriver(Unknown Source)
	at UITestFramework.CreateSession.createDriver(Unknown Source)
	at sun.reflect.NativeMethodAccessorImpl.invoke0(Native Method)
	at sun.reflect.NativeMethodAccessorImpl.invoke(NativeMethodAccessorImpl.java:62)
	at sun.reflect.DelegatingMethodAccessorImpl.invoke(DelegatingMethodAccessorImpl.java:43)
	at java.lang.reflect.Method.invoke(Method.java:497)
	at org.testng.internal.MethodInvocationHelper.invokeMethod(MethodInvocationHelper.java:84)
	at org.testng.internal.Invoker.invokeConfigurationMethod(Invoker.java:564)
	at org.testng.internal.Invoker.invokeConfigurations(Invoker.java:213)
	at org.testng.internal.Invoker.invokeMethod(Invoker.java:653)
	at org.testng.internal.Invoker.invokeTestMethod(Invoker.java:901)
	at org.testng.internal.Invoker.invokeTestMethods(Invoker.java:1231)
	at org.testng.internal.TestMethodWorker.invokeTestMethods(TestMethodWorker.java:127)
	at org.testng.internal.TestMethodWorker.run(TestMethodWorker.java:111)
	at org.testng.TestRunner.privateRun(TestRunner.java:767)
	at org.testng.TestRunner.run(TestRunner.java:617)
	at org.testng.SuiteRunner.runTest(SuiteRunner.java:334)
	at org.testng.SuiteRunner.runSequentially(SuiteRunner.java:329)
	at org.testng.SuiteRunner.privateRun(SuiteRunner.java:291)
	at org.testng.SuiteRunner.run(SuiteRunner.java:240)
	at org.testng.SuiteRunnerWorker.runSuite(SuiteRunnerWorker.java:52)
	at org.testng.SuiteRunnerWorker.run(SuiteRunnerWorker.java:86)
	at org.testng.TestNG.runSuitesSequentially(TestNG.java:1224)
	at org.testng.TestNG.runSuitesLocally(TestNG.java:1149)
	at org.testng.TestNG.run(TestNG.java:1057)
	at org.testng.TestNG.privateMain(TestNG.java:1364)
	at org.testng.TestNG.main(TestNG.java:1333)
]]>
            </full-stacktrace>
          </exception> <!-- org.openqa.selenium.SessionNotCreatedException -->
          <reporter-output>
          </reporter-output>
        </test-method> <!-- createDriver -->
        <test-method status="SKIP" signature="verifyAddMoney_creditCard()[pri:0, instance:IntegrationTests.Tests.Payments.AddMoneyTest@2d6e8792]" name="verifyAddMoney_creditCard" duration-ms="0" started-at="2015-05-08T17:51:32Z" finished-at="2015-05-08T17:51:32Z">
          <reporter-output>
          </reporter-output>
        </test-method> <!-- verifyAddMoney_creditCard -->
        <test-method status="FAIL" signature="teardown()[pri:0, instance:IntegrationTests.Tests.Payments.AddMoneyTest@2d6e8792]" name="teardown" is-config="true" duration-ms="0" started-at="2015-05-08T17:51:32Z" finished-at="2015-05-08T17:51:32Z">
          <exception class="java.lang.NullPointerException">
            <full-stacktrace>
              <![CDATA[java.lang.NullPointerException
	at UITestFramework.CreateSession.teardown(Unknown Source)
	at sun.reflect.NativeMethodAccessorImpl.invoke0(Native Method)
	at sun.reflect.NativeMethodAccessorImpl.invoke(NativeMethodAccessorImpl.java:62)
	at sun.reflect.DelegatingMethodAccessorImpl.invoke(DelegatingMethodAccessorImpl.java:43)
	at java.lang.reflect.Method.invoke(Method.java:497)
	at org.testng.internal.MethodInvocationHelper.invokeMethod(MethodInvocationHelper.java:84)
	at org.testng.internal.Invoker.invokeConfigurationMethod(Invoker.java:564)
	at org.testng.internal.Invoker.invokeConfigurations(Invoker.java:213)
	at org.testng.internal.Invoker.invokeMethod(Invoker.java:786)
	at org.testng.internal.Invoker.invokeTestMethod(Invoker.java:901)
	at org.testng.internal.Invoker.invokeTestMethods(Invoker.java:1231)
	at org.testng.internal.TestMethodWorker.invokeTestMethods(TestMethodWorker.java:127)
	at org.testng.internal.TestMethodWorker.run(TestMethodWorker.java:111)
	at org.testng.TestRunner.privateRun(TestRunner.java:767)
	at org.testng.TestRunner.run(TestRunner.java:617)
	at org.testng.SuiteRunner.runTest(SuiteRunner.java:334)
	at org.testng.SuiteRunner.runSequentially(SuiteRunner.java:329)
	at org.testng.SuiteRunner.privateRun(SuiteRunner.java:291)
	at org.testng.SuiteRunner.run(SuiteRunner.java:240)
	at org.testng.SuiteRunnerWorker.runSuite(SuiteRunnerWorker.java:52)
	at org.testng.SuiteRunnerWorker.run(SuiteRunnerWorker.java:86)
	at org.testng.TestNG.runSuitesSequentially(TestNG.java:1224)
	at org.testng.TestNG.runSuitesLocally(TestNG.java:1149)
	at org.testng.TestNG.run(TestNG.java:1057)
	at org.testng.TestNG.privateMain(TestNG.java:1364)
	at org.testng.TestNG.main(TestNG.java:1333)
]]>
            </full-stacktrace>
          </exception> <!-- java.lang.NullPointerException -->
          <reporter-output>
          </reporter-output>
        </test-method> <!-- teardown -->
        <test-method status="SKIP" signature="instantiateHelpers(java.lang.String)[pri:0, instance:IntegrationTests.Tests.Payments.AddMoneyTest@2d6e8792]" name="instantiateHelpers" is-config="true" duration-ms="0" started-at="2015-05-08T17:51:32Z" finished-at="2015-05-08T17:51:32Z">
          <reporter-output>
          </reporter-output>
        </test-method> <!-- instantiateHelpers -->
        <test-method status="SKIP" signature="createDriver(java.lang.String, java.lang.String, java.lang.String)[pri:0, instance:IntegrationTests.Tests.Payments.AddMoneyTest@2d6e8792]" name="createDriver" is-config="true" duration-ms="0" started-at="2015-05-08T17:51:32Z" finished-at="2015-05-08T17:51:32Z">
          <reporter-output>
          </reporter-output>
        </test-method> <!-- createDriver -->
        <test-method status="FAIL" signature="teardown()[pri:0, instance:IntegrationTests.Tests.Payments.AddMoneyTest@2d6e8792]" name="teardown" is-config="true" duration-ms="0" started-at="2015-05-08T17:51:32Z" finished-at="2015-05-08T17:51:32Z">
          <exception class="java.lang.NullPointerException">
            <full-stacktrace>
              <![CDATA[java.lang.NullPointerException
	at UITestFramework.CreateSession.teardown(Unknown Source)
	at sun.reflect.NativeMethodAccessorImpl.invoke0(Native Method)
	at sun.reflect.NativeMethodAccessorImpl.invoke(NativeMethodAccessorImpl.java:62)
	at sun.reflect.DelegatingMethodAccessorImpl.invoke(DelegatingMethodAccessorImpl.java:43)
	at java.lang.reflect.Method.invoke(Method.java:497)
	at org.testng.internal.MethodInvocationHelper.invokeMethod(MethodInvocationHelper.java:84)
	at org.testng.internal.Invoker.invokeConfigurationMethod(Invoker.java:564)
	at org.testng.internal.Invoker.invokeConfigurations(Invoker.java:213)
	at org.testng.internal.Invoker.invokeMethod(Invoker.java:786)
	at org.testng.internal.Invoker.invokeTestMethod(Invoker.java:901)
	at org.testng.internal.Invoker.invokeTestMethods(Invoker.java:1231)
	at org.testng.internal.TestMethodWorker.invokeTestMethods(TestMethodWorker.java:127)
	at org.testng.internal.TestMethodWorker.run(TestMethodWorker.java:111)
	at org.testng.TestRunner.privateRun(TestRunner.java:767)
	at org.testng.TestRunner.run(TestRunner.java:617)
	at org.testng.SuiteRunner.runTest(SuiteRunner.java:334)
	at org.testng.SuiteRunner.runSequentially(SuiteRunner.java:329)
	at org.testng.SuiteRunner.privateRun(SuiteRunner.java:291)
	at org.testng.SuiteRunner.run(SuiteRunner.java:240)
	at org.testng.SuiteRunnerWorker.runSuite(SuiteRunnerWorker.java:52)
	at org.testng.SuiteRunnerWorker.run(SuiteRunnerWorker.java:86)
	at org.testng.TestNG.runSuitesSequentially(TestNG.java:1224)
	at org.testng.TestNG.runSuitesLocally(TestNG.java:1149)
	at org.testng.TestNG.run(TestNG.java:1057)
	at org.testng.TestNG.privateMain(TestNG.java:1364)
	at org.testng.TestNG.main(TestNG.java:1333)
]]>
            </full-stacktrace>
          </exception> <!-- java.lang.NullPointerException -->
          <reporter-output>
          </reporter-output>
        </test-method> <!-- teardown -->
        <test-method status="SKIP" signature="verifyAddMoney_debitCard()[pri:0, instance:IntegrationTests.Tests.Payments.AddMoneyTest@2d6e8792]" name="verifyAddMoney_debitCard" duration-ms="0" started-at="2015-05-08T17:51:32Z" finished-at="2015-05-08T17:51:32Z">
          <reporter-output>
          </reporter-output>
        </test-method> <!-- verifyAddMoney_debitCard -->
        <test-method status="SKIP" signature="instantiateHelpers(java.lang.String)[pri:0, instance:IntegrationTests.Tests.Payments.AddMoneyTest@2d6e8792]" name="instantiateHelpers" is-config="true" duration-ms="0" started-at="2015-05-08T17:51:32Z" finished-at="2015-05-08T17:51:32Z">
          <reporter-output>
          </reporter-output>
        </test-method> <!-- instantiateHelpers -->
        <test-method status="SKIP" signature="createDriver(java.lang.String, java.lang.String, java.lang.String)[pri:0, instance:IntegrationTests.Tests.Payments.AddMoneyTest@2d6e8792]" name="createDriver" is-config="true" duration-ms="0" started-at="2015-05-08T17:51:32Z" finished-at="2015-05-08T17:51:32Z">
          <reporter-output>
          </reporter-output>
        </test-method> <!-- createDriver -->
        <test-method status="SKIP" signature="verifyAddMoney_deleteCard()[pri:0, instance:IntegrationTests.Tests.Payments.AddMoneyTest@2d6e8792]" name="verifyAddMoney_deleteCard" duration-ms="0" started-at="2015-05-08T17:51:32Z" finished-at="2015-05-08T17:51:32Z">
          <reporter-output>
          </reporter-output>
        </test-method> <!-- verifyAddMoney_deleteCard -->
        <test-method status="SKIP" signature="instantiateHelpers(java.lang.String)[pri:0, instance:IntegrationTests.Tests.Payments.AddMoneyTest@2d6e8792]" name="instantiateHelpers" is-config="true" duration-ms="0" started-at="2015-05-08T17:51:32Z" finished-at="2015-05-08T17:51:32Z">
          <reporter-output>
          </reporter-output>
        </test-method> <!-- instantiateHelpers -->
        <test-method status="FAIL" signature="teardown()[pri:0, instance:IntegrationTests.Tests.Payments.AddMoneyTest@2d6e8792]" name="teardown" is-config="true" duration-ms="0" started-at="2015-05-08T17:51:32Z" finished-at="2015-05-08T17:51:32Z">
          <exception class="java.lang.NullPointerException">
            <full-stacktrace>
              <![CDATA[java.lang.NullPointerException
	at UITestFramework.CreateSession.teardown(Unknown Source)
	at sun.reflect.NativeMethodAccessorImpl.invoke0(Native Method)
	at sun.reflect.NativeMethodAccessorImpl.invoke(NativeMethodAccessorImpl.java:62)
	at sun.reflect.DelegatingMethodAccessorImpl.invoke(DelegatingMethodAccessorImpl.java:43)
	at java.lang.reflect.Method.invoke(Method.java:497)
	at org.testng.internal.MethodInvocationHelper.invokeMethod(MethodInvocationHelper.java:84)
	at org.testng.internal.Invoker.invokeConfigurationMethod(Invoker.java:564)
	at org.testng.internal.Invoker.invokeConfigurations(Invoker.java:213)
	at org.testng.internal.Invoker.invokeMethod(Invoker.java:786)
	at org.testng.internal.Invoker.invokeTestMethod(Invoker.java:901)
	at org.testng.internal.Invoker.invokeTestMethods(Invoker.java:1231)
	at org.testng.internal.TestMethodWorker.invokeTestMethods(TestMethodWorker.java:127)
	at org.testng.internal.TestMethodWorker.run(TestMethodWorker.java:111)
	at org.testng.TestRunner.privateRun(TestRunner.java:767)
	at org.testng.TestRunner.run(TestRunner.java:617)
	at org.testng.SuiteRunner.runTest(SuiteRunner.java:334)
	at org.testng.SuiteRunner.runSequentially(SuiteRunner.java:329)
	at org.testng.SuiteRunner.privateRun(SuiteRunner.java:291)
	at org.testng.SuiteRunner.run(SuiteRunner.java:240)
	at org.testng.SuiteRunnerWorker.runSuite(SuiteRunnerWorker.java:52)
	at org.testng.SuiteRunnerWorker.run(SuiteRunnerWorker.java:86)
	at org.testng.TestNG.runSuitesSequentially(TestNG.java:1224)
	at org.testng.TestNG.runSuitesLocally(TestNG.java:1149)
	at org.testng.TestNG.run(TestNG.java:1057)
	at org.testng.TestNG.privateMain(TestNG.java:1364)
	at org.testng.TestNG.main(TestNG.java:1333)
]]>
            </full-stacktrace>
          </exception> <!-- java.lang.NullPointerException -->
          <reporter-output>
          </reporter-output>
        </test-method> <!-- teardown -->
        <test-method status="SKIP" signature="createDriver(java.lang.String, java.lang.String, java.lang.String)[pri:0, instance:IntegrationTests.Tests.Payments.AddMoneyTest@2d6e8792]" name="createDriver" is-config="true" duration-ms="0" started-at="2015-05-08T17:51:32Z" finished-at="2015-05-08T17:51:32Z">
          <reporter-output>
          </reporter-output>
        </test-method> <!-- createDriver -->
        <test-method status="SKIP" signature="instantiateHelpers(java.lang.String)[pri:0, instance:IntegrationTests.Tests.Payments.AddMoneyTest@2d6e8792]" name="instantiateHelpers" is-config="true" duration-ms="0" started-at="2015-05-08T17:51:32Z" finished-at="2015-05-08T17:51:32Z">
          <reporter-output>
          </reporter-output>
        </test-method> <!-- instantiateHelpers -->
        <test-method status="SKIP" signature="verifyAddMoney_maxLimitPromo()[pri:0, instance:IntegrationTests.Tests.Payments.AddMoneyTest@2d6e8792]" name="verifyAddMoney_maxLimitPromo" duration-ms="0" started-at="2015-05-08T17:51:32Z" finished-at="2015-05-08T17:51:32Z">
          <reporter-output>
          </reporter-output>
        </test-method> <!-- verifyAddMoney_maxLimitPromo -->
        <test-method status="FAIL" signature="teardown()[pri:0, instance:IntegrationTests.Tests.Payments.AddMoneyTest@2d6e8792]" name="teardown" is-config="true" duration-ms="0" started-at="2015-05-08T17:51:32Z" finished-at="2015-05-08T17:51:32Z">
          <exception class="java.lang.NullPointerException">
            <full-stacktrace>
              <![CDATA[java.lang.NullPointerException
	at UITestFramework.CreateSession.teardown(Unknown Source)
	at sun.reflect.NativeMethodAccessorImpl.invoke0(Native Method)
	at sun.reflect.NativeMethodAccessorImpl.invoke(NativeMethodAccessorImpl.java:62)
	at sun.reflect.DelegatingMethodAccessorImpl.invoke(DelegatingMethodAccessorImpl.java:43)
	at java.lang.reflect.Method.invoke(Method.java:497)
	at org.testng.internal.MethodInvocationHelper.invokeMethod(MethodInvocationHelper.java:84)
	at org.testng.internal.Invoker.invokeConfigurationMethod(Invoker.java:564)
	at org.testng.internal.Invoker.invokeConfigurations(Invoker.java:213)
	at org.testng.internal.Invoker.invokeMethod(Invoker.java:786)
	at org.testng.internal.Invoker.invokeTestMethod(Invoker.java:901)
	at org.testng.internal.Invoker.invokeTestMethods(Invoker.java:1231)
	at org.testng.internal.TestMethodWorker.invokeTestMethods(TestMethodWorker.java:127)
	at org.testng.internal.TestMethodWorker.run(TestMethodWorker.java:111)
	at org.testng.TestRunner.privateRun(TestRunner.java:767)
	at org.testng.TestRunner.run(TestRunner.java:617)
	at org.testng.SuiteRunner.runTest(SuiteRunner.java:334)
	at org.testng.SuiteRunner.runSequentially(SuiteRunner.java:329)
	at org.testng.SuiteRunner.privateRun(SuiteRunner.java:291)
	at org.testng.SuiteRunner.run(SuiteRunner.java:240)
	at org.testng.SuiteRunnerWorker.runSuite(SuiteRunnerWorker.java:52)
	at org.testng.SuiteRunnerWorker.run(SuiteRunnerWorker.java:86)
	at org.testng.TestNG.runSuitesSequentially(TestNG.java:1224)
	at org.testng.TestNG.runSuitesLocally(TestNG.java:1149)
	at org.testng.TestNG.run(TestNG.java:1057)
	at org.testng.TestNG.privateMain(TestNG.java:1364)
	at org.testng.TestNG.main(TestNG.java:1333)
]]>
            </full-stacktrace>
          </exception> <!-- java.lang.NullPointerException -->
          <reporter-output>
          </reporter-output>
        </test-method> <!-- teardown -->
        <test-method status="SKIP" signature="createDriver(java.lang.String, java.lang.String, java.lang.String)[pri:0, instance:IntegrationTests.Tests.Payments.AddMoneyTest@2d6e8792]" name="createDriver" is-config="true" duration-ms="0" started-at="2015-05-08T17:51:32Z" finished-at="2015-05-08T17:51:32Z">
          <reporter-output>
          </reporter-output>
        </test-method> <!-- createDriver -->
        <test-method status="SKIP" signature="verifyAddMoney_netBanking()[pri:0, instance:IntegrationTests.Tests.Payments.AddMoneyTest@2d6e8792]" name="verifyAddMoney_netBanking" duration-ms="6" started-at="2015-05-08T17:51:32Z" finished-at="2015-05-08T17:51:32Z">
          <reporter-output>
          </reporter-output>
        </test-method> <!-- verifyAddMoney_netBanking -->
        <test-method status="SKIP" signature="instantiateHelpers(java.lang.String)[pri:0, instance:IntegrationTests.Tests.Payments.AddMoneyTest@2d6e8792]" name="instantiateHelpers" is-config="true" duration-ms="0" started-at="2015-05-08T17:51:32Z" finished-at="2015-05-08T17:51:32Z">
          <reporter-output>
          </reporter-output>
        </test-method> <!-- instantiateHelpers -->
        <test-method status="FAIL" signature="teardown()[pri:0, instance:IntegrationTests.Tests.Payments.AddMoneyTest@2d6e8792]" name="teardown" is-config="true" duration-ms="0" started-at="2015-05-08T17:51:32Z" finished-at="2015-05-08T17:51:32Z">
          <exception class="java.lang.NullPointerException">
            <full-stacktrace>
              <![CDATA[java.lang.NullPointerException
	at UITestFramework.CreateSession.teardown(Unknown Source)
	at sun.reflect.NativeMethodAccessorImpl.invoke0(Native Method)
	at sun.reflect.NativeMethodAccessorImpl.invoke(NativeMethodAccessorImpl.java:62)
	at sun.reflect.DelegatingMethodAccessorImpl.invoke(DelegatingMethodAccessorImpl.java:43)
	at java.lang.reflect.Method.invoke(Method.java:497)
	at org.testng.internal.MethodInvocationHelper.invokeMethod(MethodInvocationHelper.java:84)
	at org.testng.internal.Invoker.invokeConfigurationMethod(Invoker.java:564)
	at org.testng.internal.Invoker.invokeConfigurations(Invoker.java:213)
	at org.testng.internal.Invoker.invokeMethod(Invoker.java:786)
	at org.testng.internal.Invoker.invokeTestMethod(Invoker.java:901)
	at org.testng.internal.Invoker.invokeTestMethods(Invoker.java:1231)
	at org.testng.internal.TestMethodWorker.invokeTestMethods(TestMethodWorker.java:127)
	at org.testng.internal.TestMethodWorker.run(TestMethodWorker.java:111)
	at org.testng.TestRunner.privateRun(TestRunner.java:767)
	at org.testng.TestRunner.run(TestRunner.java:617)
	at org.testng.SuiteRunner.runTest(SuiteRunner.java:334)
	at org.testng.SuiteRunner.runSequentially(SuiteRunner.java:329)
	at org.testng.SuiteRunner.privateRun(SuiteRunner.java:291)
	at org.testng.SuiteRunner.run(SuiteRunner.java:240)
	at org.testng.SuiteRunnerWorker.runSuite(SuiteRunnerWorker.java:52)
	at org.testng.SuiteRunnerWorker.run(SuiteRunnerWorker.java:86)
	at org.testng.TestNG.runSuitesSequentially(TestNG.java:1224)
	at org.testng.TestNG.runSuitesLocally(TestNG.java:1149)
	at org.testng.TestNG.run(TestNG.java:1057)
	at org.testng.TestNG.privateMain(TestNG.java:1364)
	at org.testng.TestNG.main(TestNG.java:1333)
]]>
            </full-stacktrace>
          </exception> <!-- java.lang.NullPointerException -->
          <reporter-output>
          </reporter-output>
        </test-method> <!-- teardown -->
        <test-method status="SKIP" signature="createDriver(java.lang.String, java.lang.String, java.lang.String)[pri:0, instance:IntegrationTests.Tests.Payments.AddMoneyTest@2d6e8792]" name="createDriver" is-config="true" duration-ms="0" started-at="2015-05-08T17:51:32Z" finished-at="2015-05-08T17:51:32Z">
          <reporter-output>
          </reporter-output>
        </test-method> <!-- createDriver -->
        <test-method status="SKIP" signature="verifyAddMoney_savedCard()[pri:0, instance:IntegrationTests.Tests.Payments.AddMoneyTest@2d6e8792]" name="verifyAddMoney_savedCard" duration-ms="0" started-at="2015-05-08T17:51:32Z" finished-at="2015-05-08T17:51:32Z">
          <reporter-output>
          </reporter-output>
        </test-method> <!-- verifyAddMoney_savedCard -->
        <test-method status="SKIP" signature="instantiateHelpers(java.lang.String)[pri:0, instance:IntegrationTests.Tests.Payments.AddMoneyTest@2d6e8792]" name="instantiateHelpers" is-config="true" duration-ms="0" started-at="2015-05-08T17:51:32Z" finished-at="2015-05-08T17:51:32Z">
          <reporter-output>
          </reporter-output>
        </test-method> <!-- instantiateHelpers -->
        <test-method status="FAIL" signature="teardown()[pri:0, instance:IntegrationTests.Tests.Payments.AddMoneyTest@2d6e8792]" name="teardown" is-config="true" duration-ms="0" started-at="2015-05-08T17:51:32Z" finished-at="2015-05-08T17:51:32Z">
          <exception class="java.lang.NullPointerException">
            <full-stacktrace>
              <![CDATA[java.lang.NullPointerException
	at UITestFramework.CreateSession.teardown(Unknown Source)
	at sun.reflect.NativeMethodAccessorImpl.invoke0(Native Method)
	at sun.reflect.NativeMethodAccessorImpl.invoke(NativeMethodAccessorImpl.java:62)
	at sun.reflect.DelegatingMethodAccessorImpl.invoke(DelegatingMethodAccessorImpl.java:43)
	at java.lang.reflect.Method.invoke(Method.java:497)
	at org.testng.internal.MethodInvocationHelper.invokeMethod(MethodInvocationHelper.java:84)
	at org.testng.internal.Invoker.invokeConfigurationMethod(Invoker.java:564)
	at org.testng.internal.Invoker.invokeConfigurations(Invoker.java:213)
	at org.testng.internal.Invoker.invokeMethod(Invoker.java:786)
	at org.testng.internal.Invoker.invokeTestMethod(Invoker.java:901)
	at org.testng.internal.Invoker.invokeTestMethods(Invoker.java:1231)
	at org.testng.internal.TestMethodWorker.invokeTestMethods(TestMethodWorker.java:127)
	at org.testng.internal.TestMethodWorker.run(TestMethodWorker.java:111)
	at org.testng.TestRunner.privateRun(TestRunner.java:767)
	at org.testng.TestRunner.run(TestRunner.java:617)
	at org.testng.SuiteRunner.runTest(SuiteRunner.java:334)
	at org.testng.SuiteRunner.runSequentially(SuiteRunner.java:329)
	at org.testng.SuiteRunner.privateRun(SuiteRunner.java:291)
	at org.testng.SuiteRunner.run(SuiteRunner.java:240)
	at org.testng.SuiteRunnerWorker.runSuite(SuiteRunnerWorker.java:52)
	at org.testng.SuiteRunnerWorker.run(SuiteRunnerWorker.java:86)
	at org.testng.TestNG.runSuitesSequentially(TestNG.java:1224)
	at org.testng.TestNG.runSuitesLocally(TestNG.java:1149)
	at org.testng.TestNG.run(TestNG.java:1057)
	at org.testng.TestNG.privateMain(TestNG.java:1364)
	at org.testng.TestNG.main(TestNG.java:1333)
]]>
            </full-stacktrace>
          </exception> <!-- java.lang.NullPointerException -->
          <reporter-output>
          </reporter-output>
        </test-method> <!-- teardown -->
        <test-method status="FAIL" signature="teardown()[pri:0, instance:IntegrationTests.Tests.Payments.AddMoneyTest@2d6e8792]" name="teardown" is-config="true" duration-ms="0" started-at="2015-05-08T17:51:32Z" finished-at="2015-05-08T17:51:32Z">
          <exception class="java.lang.NullPointerException">
            <full-stacktrace>
              <![CDATA[java.lang.NullPointerException
	at UITestFramework.CreateSession.teardown(Unknown Source)
	at sun.reflect.NativeMethodAccessorImpl.invoke0(Native Method)
	at sun.reflect.NativeMethodAccessorImpl.invoke(NativeMethodAccessorImpl.java:62)
	at sun.reflect.DelegatingMethodAccessorImpl.invoke(DelegatingMethodAccessorImpl.java:43)
	at java.lang.reflect.Method.invoke(Method.java:497)
	at org.testng.internal.MethodInvocationHelper.invokeMethod(MethodInvocationHelper.java:84)
	at org.testng.internal.Invoker.invokeConfigurationMethod(Invoker.java:564)
	at org.testng.internal.Invoker.invokeConfigurations(Invoker.java:213)
	at org.testng.internal.Invoker.invokeMethod(Invoker.java:786)
	at org.testng.internal.Invoker.invokeTestMethod(Invoker.java:901)
	at org.testng.internal.Invoker.invokeTestMethods(Invoker.java:1231)
	at org.testng.internal.TestMethodWorker.invokeTestMethods(TestMethodWorker.java:127)
	at org.testng.internal.TestMethodWorker.run(TestMethodWorker.java:111)
	at org.testng.TestRunner.privateRun(TestRunner.java:767)
	at org.testng.TestRunner.run(TestRunner.java:617)
	at org.testng.SuiteRunner.runTest(SuiteRunner.java:334)
	at org.testng.SuiteRunner.runSequentially(SuiteRunner.java:329)
	at org.testng.SuiteRunner.privateRun(SuiteRunner.java:291)
	at org.testng.SuiteRunner.run(SuiteRunner.java:240)
	at org.testng.SuiteRunnerWorker.runSuite(SuiteRunnerWorker.java:52)
	at org.testng.SuiteRunnerWorker.run(SuiteRunnerWorker.java:86)
	at org.testng.TestNG.runSuitesSequentially(TestNG.java:1224)
	at org.testng.TestNG.runSuitesLocally(TestNG.java:1149)
	at org.testng.TestNG.run(TestNG.java:1057)
	at org.testng.TestNG.privateMain(TestNG.java:1364)
	at org.testng.TestNG.main(TestNG.java:1333)
]]>
            </full-stacktrace>
          </exception> <!-- java.lang.NullPointerException -->
          <reporter-output>
          </reporter-output>
        </test-method> <!-- teardown -->
        <test-method status="SKIP" signature="instantiateHelpers(java.lang.String)[pri:0, instance:IntegrationTests.Tests.Payments.AddMoneyTest@2d6e8792]" name="instantiateHelpers" is-config="true" duration-ms="0" started-at="2015-05-08T17:51:32Z" finished-at="2015-05-08T17:51:32Z">
          <reporter-output>
          </reporter-output>
        </test-method> <!-- instantiateHelpers -->
        <test-method status="SKIP" signature="createDriver(java.lang.String, java.lang.String, java.lang.String)[pri:0, instance:IntegrationTests.Tests.Payments.AddMoneyTest@2d6e8792]" name="createDriver" is-config="true" duration-ms="0" started-at="2015-05-08T17:51:32Z" finished-at="2015-05-08T17:51:32Z">
          <reporter-output>
          </reporter-output>
        </test-method> <!-- createDriver -->
        <test-method status="SKIP" signature="verifyAddMoneywithPromo_creditCard()[pri:0, instance:IntegrationTests.Tests.Payments.AddMoneyTest@2d6e8792]" name="verifyAddMoneywithPromo_creditCard" duration-ms="0" started-at="2015-05-08T17:51:32Z" finished-at="2015-05-08T17:51:32Z">
          <reporter-output>
          </reporter-output>
        </test-method> <!-- verifyAddMoneywithPromo_creditCard -->
        <test-method status="SKIP" signature="instantiateHelpers(java.lang.String)[pri:0, instance:IntegrationTests.Tests.Payments.AddMoneyTest@2d6e8792]" name="instantiateHelpers" is-config="true" duration-ms="0" started-at="2015-05-08T17:51:32Z" finished-at="2015-05-08T17:51:32Z">
          <reporter-output>
          </reporter-output>
        </test-method> <!-- instantiateHelpers -->
        <test-method status="SKIP" signature="verifyAddMoneywithPromo_debitCard()[pri:0, instance:IntegrationTests.Tests.Payments.AddMoneyTest@2d6e8792]" name="verifyAddMoneywithPromo_debitCard" duration-ms="0" started-at="2015-05-08T17:51:32Z" finished-at="2015-05-08T17:51:32Z">
          <reporter-output>
          </reporter-output>
        </test-method> <!-- verifyAddMoneywithPromo_debitCard -->
        <test-method status="FAIL" signature="teardown()[pri:0, instance:IntegrationTests.Tests.Payments.AddMoneyTest@2d6e8792]" name="teardown" is-config="true" duration-ms="0" started-at="2015-05-08T17:51:32Z" finished-at="2015-05-08T17:51:32Z">
          <exception class="java.lang.NullPointerException">
            <full-stacktrace>
              <![CDATA[java.lang.NullPointerException
	at UITestFramework.CreateSession.teardown(Unknown Source)
	at sun.reflect.NativeMethodAccessorImpl.invoke0(Native Method)
	at sun.reflect.NativeMethodAccessorImpl.invoke(NativeMethodAccessorImpl.java:62)
	at sun.reflect.DelegatingMethodAccessorImpl.invoke(DelegatingMethodAccessorImpl.java:43)
	at java.lang.reflect.Method.invoke(Method.java:497)
	at org.testng.internal.MethodInvocationHelper.invokeMethod(MethodInvocationHelper.java:84)
	at org.testng.internal.Invoker.invokeConfigurationMethod(Invoker.java:564)
	at org.testng.internal.Invoker.invokeConfigurations(Invoker.java:213)
	at org.testng.internal.Invoker.invokeMethod(Invoker.java:786)
	at org.testng.internal.Invoker.invokeTestMethod(Invoker.java:901)
	at org.testng.internal.Invoker.invokeTestMethods(Invoker.java:1231)
	at org.testng.internal.TestMethodWorker.invokeTestMethods(TestMethodWorker.java:127)
	at org.testng.internal.TestMethodWorker.run(TestMethodWorker.java:111)
	at org.testng.TestRunner.privateRun(TestRunner.java:767)
	at org.testng.TestRunner.run(TestRunner.java:617)
	at org.testng.SuiteRunner.runTest(SuiteRunner.java:334)
	at org.testng.SuiteRunner.runSequentially(SuiteRunner.java:329)
	at org.testng.SuiteRunner.privateRun(SuiteRunner.java:291)
	at org.testng.SuiteRunner.run(SuiteRunner.java:240)
	at org.testng.SuiteRunnerWorker.runSuite(SuiteRunnerWorker.java:52)
	at org.testng.SuiteRunnerWorker.run(SuiteRunnerWorker.java:86)
	at org.testng.TestNG.runSuitesSequentially(TestNG.java:1224)
	at org.testng.TestNG.runSuitesLocally(TestNG.java:1149)
	at org.testng.TestNG.run(TestNG.java:1057)
	at org.testng.TestNG.privateMain(TestNG.java:1364)
	at org.testng.TestNG.main(TestNG.java:1333)
]]>
            </full-stacktrace>
          </exception> <!-- java.lang.NullPointerException -->
          <reporter-output>
          </reporter-output>
        </test-method> <!-- teardown -->
        <test-method status="SKIP" signature="createDriver(java.lang.String, java.lang.String, java.lang.String)[pri:0, instance:IntegrationTests.Tests.Payments.AddMoneyTest@2d6e8792]" name="createDriver" is-config="true" duration-ms="0" started-at="2015-05-08T17:51:32Z" finished-at="2015-05-08T17:51:32Z">
          <reporter-output>
          </reporter-output>
        </test-method> <!-- createDriver -->
        <test-method status="SKIP" signature="createDriver(java.lang.String, java.lang.String, java.lang.String)[pri:0, instance:IntegrationTests.Tests.Payments.AddMoneyTest@2d6e8792]" name="createDriver" is-config="true" duration-ms="0" started-at="2015-05-08T17:51:32Z" finished-at="2015-05-08T17:51:32Z">
          <reporter-output>
          </reporter-output>
        </test-method> <!-- createDriver -->
        <test-method status="FAIL" signature="teardown()[pri:0, instance:IntegrationTests.Tests.Payments.AddMoneyTest@2d6e8792]" name="teardown" is-config="true" duration-ms="0" started-at="2015-05-08T17:51:32Z" finished-at="2015-05-08T17:51:32Z">
          <exception class="java.lang.NullPointerException">
            <full-stacktrace>
              <![CDATA[java.lang.NullPointerException
	at UITestFramework.CreateSession.teardown(Unknown Source)
	at sun.reflect.NativeMethodAccessorImpl.invoke0(Native Method)
	at sun.reflect.NativeMethodAccessorImpl.invoke(NativeMethodAccessorImpl.java:62)
	at sun.reflect.DelegatingMethodAccessorImpl.invoke(DelegatingMethodAccessorImpl.java:43)
	at java.lang.reflect.Method.invoke(Method.java:497)
	at org.testng.internal.MethodInvocationHelper.invokeMethod(MethodInvocationHelper.java:84)
	at org.testng.internal.Invoker.invokeConfigurationMethod(Invoker.java:564)
	at org.testng.internal.Invoker.invokeConfigurations(Invoker.java:213)
	at org.testng.internal.Invoker.invokeMethod(Invoker.java:786)
	at org.testng.internal.Invoker.invokeTestMethod(Invoker.java:901)
	at org.testng.internal.Invoker.invokeTestMethods(Invoker.java:1231)
	at org.testng.internal.TestMethodWorker.invokeTestMethods(TestMethodWorker.java:127)
	at org.testng.internal.TestMethodWorker.run(TestMethodWorker.java:111)
	at org.testng.TestRunner.privateRun(TestRunner.java:767)
	at org.testng.TestRunner.run(TestRunner.java:617)
	at org.testng.SuiteRunner.runTest(SuiteRunner.java:334)
	at org.testng.SuiteRunner.runSequentially(SuiteRunner.java:329)
	at org.testng.SuiteRunner.privateRun(SuiteRunner.java:291)
	at org.testng.SuiteRunner.run(SuiteRunner.java:240)
	at org.testng.SuiteRunnerWorker.runSuite(SuiteRunnerWorker.java:52)
	at org.testng.SuiteRunnerWorker.run(SuiteRunnerWorker.java:86)
	at org.testng.TestNG.runSuitesSequentially(TestNG.java:1224)
	at org.testng.TestNG.runSuitesLocally(TestNG.java:1149)
	at org.testng.TestNG.run(TestNG.java:1057)
	at org.testng.TestNG.privateMain(TestNG.java:1364)
	at org.testng.TestNG.main(TestNG.java:1333)
]]>
            </full-stacktrace>
          </exception> <!-- java.lang.NullPointerException -->
          <reporter-output>
          </reporter-output>
        </test-method> <!-- teardown -->
        <test-method status="SKIP" signature="verifyAddMoneywithPromo_savedCard()[pri:0, instance:IntegrationTests.Tests.Payments.AddMoneyTest@2d6e8792]" name="verifyAddMoneywithPromo_savedCard" duration-ms="0" started-at="2015-05-08T17:51:32Z" finished-at="2015-05-08T17:51:32Z">
          <reporter-output>
          </reporter-output>
        </test-method> <!-- verifyAddMoneywithPromo_savedCard -->
        <test-method status="SKIP" signature="instantiateHelpers(java.lang.String)[pri:0, instance:IntegrationTests.Tests.Payments.AddMoneyTest@2d6e8792]" name="instantiateHelpers" is-config="true" duration-ms="0" started-at="2015-05-08T17:51:32Z" finished-at="2015-05-08T17:51:32Z">
          <reporter-output>
          </reporter-output>
        </test-method> <!-- instantiateHelpers -->
        <test-method status="SKIP" signature="instantiateHelpers(java.lang.String)[pri:0, instance:IntegrationTests.Tests.Payments.AddMoneyTest@2d6e8792]" name="instantiateHelpers" is-config="true" duration-ms="0" started-at="2015-05-08T17:51:32Z" finished-at="2015-05-08T17:51:32Z">
          <reporter-output>
          </reporter-output>
        </test-method> <!-- instantiateHelpers -->
        <test-method status="FAIL" signature="teardown()[pri:0, instance:IntegrationTests.Tests.Payments.AddMoneyTest@2d6e8792]" name="teardown" is-config="true" duration-ms="0" started-at="2015-05-08T17:51:32Z" finished-at="2015-05-08T17:51:32Z">
          <exception class="java.lang.NullPointerException">
            <full-stacktrace>
              <![CDATA[java.lang.NullPointerException
	at UITestFramework.CreateSession.teardown(Unknown Source)
	at sun.reflect.NativeMethodAccessorImpl.invoke0(Native Method)
	at sun.reflect.NativeMethodAccessorImpl.invoke(NativeMethodAccessorImpl.java:62)
	at sun.reflect.DelegatingMethodAccessorImpl.invoke(DelegatingMethodAccessorImpl.java:43)
	at java.lang.reflect.Method.invoke(Method.java:497)
	at org.testng.internal.MethodInvocationHelper.invokeMethod(MethodInvocationHelper.java:84)
	at org.testng.internal.Invoker.invokeConfigurationMethod(Invoker.java:564)
	at org.testng.internal.Invoker.invokeConfigurations(Invoker.java:213)
	at org.testng.internal.Invoker.invokeMethod(Invoker.java:786)
	at org.testng.internal.Invoker.invokeTestMethod(Invoker.java:901)
	at org.testng.internal.Invoker.invokeTestMethods(Invoker.java:1231)
	at org.testng.internal.TestMethodWorker.invokeTestMethods(TestMethodWorker.java:127)
	at org.testng.internal.TestMethodWorker.run(TestMethodWorker.java:111)
	at org.testng.TestRunner.privateRun(TestRunner.java:767)
	at org.testng.TestRunner.run(TestRunner.java:617)
	at org.testng.SuiteRunner.runTest(SuiteRunner.java:334)
	at org.testng.SuiteRunner.runSequentially(SuiteRunner.java:329)
	at org.testng.SuiteRunner.privateRun(SuiteRunner.java:291)
	at org.testng.SuiteRunner.run(SuiteRunner.java:240)
	at org.testng.SuiteRunnerWorker.runSuite(SuiteRunnerWorker.java:52)
	at org.testng.SuiteRunnerWorker.run(SuiteRunnerWorker.java:86)
	at org.testng.TestNG.runSuitesSequentially(TestNG.java:1224)
	at org.testng.TestNG.runSuitesLocally(TestNG.java:1149)
	at org.testng.TestNG.run(TestNG.java:1057)
	at org.testng.TestNG.privateMain(TestNG.java:1364)
	at org.testng.TestNG.main(TestNG.java:1333)
]]>
            </full-stacktrace>
          </exception> <!-- java.lang.NullPointerException -->
          <reporter-output>
          </reporter-output>
        </test-method> <!-- teardown -->
        <test-method status="SKIP" signature="createDriver(java.lang.String, java.lang.String, java.lang.String)[pri:0, instance:IntegrationTests.Tests.Payments.AddMoneyTest@2d6e8792]" name="createDriver" is-config="true" duration-ms="0" started-at="2015-05-08T17:51:32Z" finished-at="2015-05-08T17:51:32Z">
          <reporter-output>
          </reporter-output>
        </test-method> <!-- createDriver -->
        <test-method status="SKIP" signature="verifyEmpty_AddMoney()[pri:0, instance:IntegrationTests.Tests.Payments.AddMoneyTest@2d6e8792]" name="verifyEmpty_AddMoney" duration-ms="0" started-at="2015-05-08T17:51:32Z" finished-at="2015-05-08T17:51:32Z">
          <reporter-output>
          </reporter-output>
        </test-method> <!-- verifyEmpty_AddMoney -->
        <test-method status="SKIP" signature="verifyless_AddMoney()[pri:0, instance:IntegrationTests.Tests.Payments.AddMoneyTest@2d6e8792]" name="verifyless_AddMoney" duration-ms="1" started-at="2015-05-08T17:51:32Z" finished-at="2015-05-08T17:51:32Z">
          <reporter-output>
          </reporter-output>
        </test-method> <!-- verifyless_AddMoney -->
        <test-method status="SKIP" signature="createDriver(java.lang.String, java.lang.String, java.lang.String)[pri:0, instance:IntegrationTests.Tests.Payments.AddMoneyTest@2d6e8792]" name="createDriver" is-config="true" duration-ms="0" started-at="2015-05-08T17:51:32Z" finished-at="2015-05-08T17:51:32Z">
          <reporter-output>
          </reporter-output>
        </test-method> <!-- createDriver -->
        <test-method status="SKIP" signature="instantiateHelpers(java.lang.String)[pri:0, instance:IntegrationTests.Tests.Payments.AddMoneyTest@2d6e8792]" name="instantiateHelpers" is-config="true" duration-ms="0" started-at="2015-05-08T17:51:32Z" finished-at="2015-05-08T17:51:32Z">
          <reporter-output>
          </reporter-output>
        </test-method> <!-- instantiateHelpers -->
        <test-method status="FAIL" signature="teardown()[pri:0, instance:IntegrationTests.Tests.Payments.AddMoneyTest@2d6e8792]" name="teardown" is-config="true" duration-ms="0" started-at="2015-05-08T17:51:32Z" finished-at="2015-05-08T17:51:32Z">
          <exception class="java.lang.NullPointerException">
            <full-stacktrace>
              <![CDATA[java.lang.NullPointerException
	at UITestFramework.CreateSession.teardown(Unknown Source)
	at sun.reflect.NativeMethodAccessorImpl.invoke0(Native Method)
	at sun.reflect.NativeMethodAccessorImpl.invoke(NativeMethodAccessorImpl.java:62)
	at sun.reflect.DelegatingMethodAccessorImpl.invoke(DelegatingMethodAccessorImpl.java:43)
	at java.lang.reflect.Method.invoke(Method.java:497)
	at org.testng.internal.MethodInvocationHelper.invokeMethod(MethodInvocationHelper.java:84)
	at org.testng.internal.Invoker.invokeConfigurationMethod(Invoker.java:564)
	at org.testng.internal.Invoker.invokeConfigurations(Invoker.java:213)
	at org.testng.internal.Invoker.invokeMethod(Invoker.java:786)
	at org.testng.internal.Invoker.invokeTestMethod(Invoker.java:901)
	at org.testng.internal.Invoker.invokeTestMethods(Invoker.java:1231)
	at org.testng.internal.TestMethodWorker.invokeTestMethods(TestMethodWorker.java:127)
	at org.testng.internal.TestMethodWorker.run(TestMethodWorker.java:111)
	at org.testng.TestRunner.privateRun(TestRunner.java:767)
	at org.testng.TestRunner.run(TestRunner.java:617)
	at org.testng.SuiteRunner.runTest(SuiteRunner.java:334)
	at org.testng.SuiteRunner.runSequentially(SuiteRunner.java:329)
	at org.testng.SuiteRunner.privateRun(SuiteRunner.java:291)
	at org.testng.SuiteRunner.run(SuiteRunner.java:240)
	at org.testng.SuiteRunnerWorker.runSuite(SuiteRunnerWorker.java:52)
	at org.testng.SuiteRunnerWorker.run(SuiteRunnerWorker.java:86)
	at org.testng.TestNG.runSuitesSequentially(TestNG.java:1224)
	at org.testng.TestNG.runSuitesLocally(TestNG.java:1149)
	at org.testng.TestNG.run(TestNG.java:1057)
	at org.testng.TestNG.privateMain(TestNG.java:1364)
	at org.testng.TestNG.main(TestNG.java:1333)
]]>
            </full-stacktrace>
          </exception> <!-- java.lang.NullPointerException -->
          <reporter-output>
          </reporter-output>
        </test-method> <!-- teardown -->
        <test-method status="SKIP" signature="verifymore_AddMoney()[pri:0, instance:IntegrationTests.Tests.Payments.AddMoneyTest@2d6e8792]" name="verifymore_AddMoney" duration-ms="0" started-at="2015-05-08T17:51:32Z" finished-at="2015-05-08T17:51:32Z">
          <reporter-output>
          </reporter-output>
        </test-method> <!-- verifymore_AddMoney -->
        <test-method status="SKIP" signature="createDriver(java.lang.String, java.lang.String, java.lang.String)[pri:0, instance:IntegrationTests.Tests.Payments.AddMoneyTest@2d6e8792]" name="createDriver" is-config="true" duration-ms="0" started-at="2015-05-08T17:51:32Z" finished-at="2015-05-08T17:51:32Z">
          <reporter-output>
          </reporter-output>
        </test-method> <!-- createDriver -->
        <test-method status="SKIP" signature="instantiateHelpers(java.lang.String)[pri:0, instance:IntegrationTests.Tests.Payments.AddMoneyTest@2d6e8792]" name="instantiateHelpers" is-config="true" duration-ms="0" started-at="2015-05-08T17:51:32Z" finished-at="2015-05-08T17:51:32Z">
          <reporter-output>
          </reporter-output>
        </test-method> <!-- instantiateHelpers -->
        <test-method status="FAIL" signature="teardown()[pri:0, instance:IntegrationTests.Tests.Payments.AddMoneyTest@2d6e8792]" name="teardown" is-config="true" duration-ms="0" started-at="2015-05-08T17:51:32Z" finished-at="2015-05-08T17:51:32Z">
          <exception class="java.lang.NullPointerException">
            <full-stacktrace>
              <![CDATA[java.lang.NullPointerException
	at UITestFramework.CreateSession.teardown(Unknown Source)
	at sun.reflect.NativeMethodAccessorImpl.invoke0(Native Method)
	at sun.reflect.NativeMethodAccessorImpl.invoke(NativeMethodAccessorImpl.java:62)
	at sun.reflect.DelegatingMethodAccessorImpl.invoke(DelegatingMethodAccessorImpl.java:43)
	at java.lang.reflect.Method.invoke(Method.java:497)
	at org.testng.internal.MethodInvocationHelper.invokeMethod(MethodInvocationHelper.java:84)
	at org.testng.internal.Invoker.invokeConfigurationMethod(Invoker.java:564)
	at org.testng.internal.Invoker.invokeConfigurations(Invoker.java:213)
	at org.testng.internal.Invoker.invokeMethod(Invoker.java:786)
	at org.testng.internal.Invoker.invokeTestMethod(Invoker.java:901)
	at org.testng.internal.Invoker.invokeTestMethods(Invoker.java:1231)
	at org.testng.internal.TestMethodWorker.invokeTestMethods(TestMethodWorker.java:127)
	at org.testng.internal.TestMethodWorker.run(TestMethodWorker.java:111)
	at org.testng.TestRunner.privateRun(TestRunner.java:767)
	at org.testng.TestRunner.run(TestRunner.java:617)
	at org.testng.SuiteRunner.runTest(SuiteRunner.java:334)
	at org.testng.SuiteRunner.runSequentially(SuiteRunner.java:329)
	at org.testng.SuiteRunner.privateRun(SuiteRunner.java:291)
	at org.testng.SuiteRunner.run(SuiteRunner.java:240)
	at org.testng.SuiteRunnerWorker.runSuite(SuiteRunnerWorker.java:52)
	at org.testng.SuiteRunnerWorker.run(SuiteRunnerWorker.java:86)
	at org.testng.TestNG.runSuitesSequentially(TestNG.java:1224)
	at org.testng.TestNG.runSuitesLocally(TestNG.java:1149)
	at org.testng.TestNG.run(TestNG.java:1057)
	at org.testng.TestNG.privateMain(TestNG.java:1364)
	at org.testng.TestNG.main(TestNG.java:1333)
]]>
            </full-stacktrace>
          </exception> <!-- java.lang.NullPointerException -->
          <reporter-output>
          </reporter-output>
        </test-method> <!-- teardown -->
      </class> <!-- IntegrationTests.Tests.Payments.AddMoneyTest -->
    </test> <!-- Mobikwik Automation Tests -->
  </suite> <!-- Appium-Framework -->
</testng-results>
