<?xml version="1.0" encoding="UTF-8"?>
<!-- Generated by org.testng.reporters.JUnitXMLReporter -->
<testsuite hostname="shanky-Lenovo-B40-70" name="Mobikwik Automation Tests" tests="3" failures="0" timestamp="22 Apr 2015 05:06:15 GMT" time="269.791" errors="0">
  <testcase name="verifySavedConnectionsFeatures" time="132.272" classname="IntegrationTests.tests.payments.SavedConnectionsTest"/>
  <testcase name="verifyLoginLogoutTest" time="47.533" classname="IntegrationTests.tests.payments.LoginTest"/>
  <testcase name="verifyInvalidLoginTest" time="51.771" classname="IntegrationTests.tests.payments.LoginTest"/>
</testsuite> <!-- Mobikwik Automation Tests -->
