<?xml version="1.0" encoding="UTF-8"?>
<testng-results skipped="0" failed="1" total="1" passed="0">
  <reporter-output>
  </reporter-output>
  <suite name="Appium-Framework" duration-ms="112907" started-at="2015-04-22T04:08:52Z" finished-at="2015-04-22T04:10:44Z">
    <groups>
      <group name="sanity">
        <method signature="InvalidLoginTest.verifyInvalidLoginTest()[pri:0, instance:IntegrationTests.tests.payments.InvalidLoginTest@edf4efb]" name="verifyInvalidLoginTest" class="IntegrationTests.tests.payments.InvalidLoginTest"/>
      </group> <!-- sanity -->
    </groups>
    <test name="Mobikwik Automation Tests" duration-ms="112907" started-at="2015-04-22T04:08:52Z" finished-at="2015-04-22T04:10:44Z">
      <class name="IntegrationTests.tests.payments.InvalidLoginTest">
        <test-method status="PASS" signature="createDriver(java.lang.String)[pri:0, instance:IntegrationTests.tests.payments.InvalidLoginTest@edf4efb]" name="createDriver" is-config="true" duration-ms="15555" started-at="2015-04-22T09:38:52Z" finished-at="2015-04-22T09:39:07Z">
          <params>
            <param index="0">
              <value>
                <![CDATA[android]]>
              </value>
            </param>
          </params>
          <reporter-output>
          </reporter-output>
        </test-method> <!-- createDriver -->
        <test-method status="PASS" signature="instantiateHelpers(java.lang.String)[pri:0, instance:IntegrationTests.tests.payments.InvalidLoginTest@edf4efb]" name="instantiateHelpers" is-config="true" duration-ms="5" started-at="2015-04-22T09:39:07Z" finished-at="2015-04-22T09:39:07Z">
          <params>
            <param index="0">
              <value>
                <![CDATA[android]]>
              </value>
            </param>
          </params>
          <reporter-output>
          </reporter-output>
        </test-method> <!-- instantiateHelpers -->
        <test-method status="FAIL" signature="verifyInvalidLoginTest()[pri:0, instance:IntegrationTests.tests.payments.InvalidLoginTest@edf4efb]" name="verifyInvalidLoginTest" duration-ms="96309" started-at="2015-04-22T09:39:07Z" finished-at="2015-04-22T09:40:43Z">
          <exception class="org.openqa.selenium.TimeoutException">
            <message>
              <![CDATA[Build info: version: '2.43.1', revision: '5163bce', time: '2014-09-10 16:27:58'
System info: host: 'shanky-Lenovo-B40-70', ip: '127.0.1.1', os.name: 'Linux', os.arch: 'amd64', os.version: '3.11.0-26-generic', java.version: '1.8.0_45'
Driver info: driver.version: unknown]]>
            </message>
            <full-stacktrace>
              <![CDATA[org.openqa.selenium.TimeoutException: Build info: version: '2.43.1', revision: '5163bce', time: '2014-09-10 16:27:58'
System info: host: 'shanky-Lenovo-B40-70', ip: '127.0.1.1', os.name: 'Linux', os.arch: 'amd64', os.version: '3.11.0-26-generic', java.version: '1.8.0_45'
Driver info: driver.version: unknown
	at UITestFramework.MobiKwikScreen.waitForVisibility(Unknown Source)
	at IntegrationTests.helpers.android.payments.AndroidLoginHelper.mbLogin(Unknown Source)
	at IntegrationTests.tests.payments.InvalidLoginTest.verifyInvalidLoginTest(Unknown Source)
	at sun.reflect.NativeMethodAccessorImpl.invoke0(Native Method)
	at sun.reflect.NativeMethodAccessorImpl.invoke(NativeMethodAccessorImpl.java:62)
	at sun.reflect.DelegatingMethodAccessorImpl.invoke(DelegatingMethodAccessorImpl.java:43)
	at java.lang.reflect.Method.invoke(Method.java:497)
	at org.testng.internal.MethodInvocationHelper.invokeMethod(MethodInvocationHelper.java:84)
	at org.testng.internal.Invoker.invokeMethod(Invoker.java:714)
	at org.testng.internal.Invoker.invokeTestMethod(Invoker.java:901)
	at org.testng.internal.Invoker.invokeTestMethods(Invoker.java:1231)
	at org.testng.internal.TestMethodWorker.invokeTestMethods(TestMethodWorker.java:127)
	at org.testng.internal.TestMethodWorker.run(TestMethodWorker.java:111)
	at org.testng.TestRunner.privateRun(TestRunner.java:767)
	at org.testng.TestRunner.run(TestRunner.java:617)
	at org.testng.SuiteRunner.runTest(SuiteRunner.java:334)
	at org.testng.SuiteRunner.runSequentially(SuiteRunner.java:329)
	at org.testng.SuiteRunner.privateRun(SuiteRunner.java:291)
	at org.testng.SuiteRunner.run(SuiteRunner.java:240)
	at org.testng.SuiteRunnerWorker.runSuite(SuiteRunnerWorker.java:52)
	at org.testng.SuiteRunnerWorker.run(SuiteRunnerWorker.java:86)
	at org.testng.TestNG.runSuitesSequentially(TestNG.java:1224)
	at org.testng.TestNG.runSuitesLocally(TestNG.java:1149)
	at org.testng.TestNG.run(TestNG.java:1057)
	at org.testng.TestNG.privateMain(TestNG.java:1364)
	at org.testng.TestNG.main(TestNG.java:1333)
]]>
            </full-stacktrace>
          </exception> <!-- org.openqa.selenium.TimeoutException -->
          <reporter-output>
          </reporter-output>
        </test-method> <!-- verifyInvalidLoginTest -->
        <test-method status="PASS" signature="teardown()[pri:0, instance:IntegrationTests.tests.payments.InvalidLoginTest@edf4efb]" name="teardown" is-config="true" duration-ms="1029" started-at="2015-04-22T09:40:43Z" finished-at="2015-04-22T09:40:44Z">
          <reporter-output>
          </reporter-output>
        </test-method> <!-- teardown -->
      </class> <!-- IntegrationTests.tests.payments.InvalidLoginTest -->
      <class name="IntegrationTests.tests.payments.SavedConnectionsTest">
        <test-method status="PASS" signature="invokeAppium()[pri:0, instance:IntegrationTests.tests.payments.SavedConnectionsTest@4411d970]" name="invokeAppium" is-config="true" duration-ms="5068" started-at="2015-04-22T09:38:47Z" finished-at="2015-04-22T09:38:52Z">
          <reporter-output>
          </reporter-output>
        </test-method> <!-- invokeAppium -->
        <test-method status="FAIL" signature="stopAppium()[pri:0, instance:IntegrationTests.tests.payments.SavedConnectionsTest@4411d970]" name="stopAppium" is-config="true" duration-ms="0" started-at="2015-04-22T09:40:44Z" finished-at="2015-04-22T09:40:44Z">
          <exception class="java.lang.Exception">
            <full-stacktrace>
              <![CDATA[java.lang.Exception
	at UITestFramework.CreateSession.stopAppium(Unknown Source)
	at sun.reflect.NativeMethodAccessorImpl.invoke0(Native Method)
	at sun.reflect.NativeMethodAccessorImpl.invoke(NativeMethodAccessorImpl.java:62)
	at sun.reflect.DelegatingMethodAccessorImpl.invoke(DelegatingMethodAccessorImpl.java:43)
	at java.lang.reflect.Method.invoke(Method.java:497)
	at org.testng.internal.MethodInvocationHelper.invokeMethod(MethodInvocationHelper.java:84)
	at org.testng.internal.Invoker.invokeConfigurationMethod(Invoker.java:564)
	at org.testng.internal.Invoker.invokeConfigurations(Invoker.java:213)
	at org.testng.internal.Invoker.invokeConfigurations(Invoker.java:138)
	at org.testng.SuiteRunner.privateRun(SuiteRunner.java:308)
	at org.testng.SuiteRunner.run(SuiteRunner.java:240)
	at org.testng.SuiteRunnerWorker.runSuite(SuiteRunnerWorker.java:52)
	at org.testng.SuiteRunnerWorker.run(SuiteRunnerWorker.java:86)
	at org.testng.TestNG.runSuitesSequentially(TestNG.java:1224)
	at org.testng.TestNG.runSuitesLocally(TestNG.java:1149)
	at org.testng.TestNG.run(TestNG.java:1057)
	at org.testng.TestNG.privateMain(TestNG.java:1364)
	at org.testng.TestNG.main(TestNG.java:1333)
]]>
            </full-stacktrace>
          </exception> <!-- java.lang.Exception -->
          <reporter-output>
          </reporter-output>
        </test-method> <!-- stopAppium -->
      </class> <!-- IntegrationTests.tests.payments.SavedConnectionsTest -->
    </test> <!-- Mobikwik Automation Tests -->
  </suite> <!-- Appium-Framework -->
</testng-results>
