<?xml version="1.0" encoding="UTF-8"?>
<testng-results skipped="0" failed="1" total="2" passed="1">
  <reporter-output>
    <line>
      <![CDATA[<br>]]>
    </line>
    <line>
      <![CDATA[<Font Color=#008000> PASS </Font>Login verification]]>
    </line>
    <line>
      <![CDATA[<br>]]>
    </line>
    <line>
      <![CDATA[<Font Color=#008000> PASS </Font>Logout verification]]>
    </line>
  </reporter-output>
  <suite name="Appium-Framework" duration-ms="148876" started-at="2015-04-22T04:58:24Z" finished-at="2015-04-22T05:00:53Z">
    <groups>
      <group name="sanity">
        <method signature="LoginTest.verifyInvalidLoginTest()[pri:0, instance:IntegrationTests.tests.payments.LoginTest@35f983a6]" name="verifyInvalidLoginTest" class="IntegrationTests.tests.payments.LoginTest"/>
        <method signature="LoginTest.verifyLoginLogoutTest()[pri:0, instance:IntegrationTests.tests.payments.LoginTest@35f983a6]" name="verifyLoginLogoutTest" class="IntegrationTests.tests.payments.LoginTest"/>
      </group> <!-- sanity -->
    </groups>
    <test name="Mobikwik Automation Tests" duration-ms="148876" started-at="2015-04-22T04:58:24Z" finished-at="2015-04-22T05:00:53Z">
      <class name="IntegrationTests.tests.payments.LoginTest">
        <test-method status="PASS" signature="createDriver(java.lang.String)[pri:0, instance:IntegrationTests.tests.payments.LoginTest@35f983a6]" name="createDriver" is-config="true" duration-ms="17513" started-at="2015-04-22T10:28:24Z" finished-at="2015-04-22T10:28:41Z">
          <params>
            <param index="0">
              <value>
                <![CDATA[android]]>
              </value>
            </param>
          </params>
          <reporter-output>
          </reporter-output>
        </test-method> <!-- createDriver -->
        <test-method status="PASS" signature="instantiateHelpers(java.lang.String)[pri:0, instance:IntegrationTests.tests.payments.LoginTest@35f983a6]" name="instantiateHelpers" is-config="true" duration-ms="5" started-at="2015-04-22T10:28:41Z" finished-at="2015-04-22T10:28:41Z">
          <params>
            <param index="0">
              <value>
                <![CDATA[android]]>
              </value>
            </param>
          </params>
          <reporter-output>
          </reporter-output>
        </test-method> <!-- instantiateHelpers -->
        <test-method status="PASS" signature="verifyLoginLogoutTest()[pri:0, instance:IntegrationTests.tests.payments.LoginTest@35f983a6]" name="verifyLoginLogoutTest" duration-ms="47742" started-at="2015-04-22T10:28:41Z" finished-at="2015-04-22T10:29:29Z">
          <reporter-output>
            <line>
              <![CDATA[<br>]]>
            </line>
            <line>
              <![CDATA[<Font Color=#008000> PASS </Font>Login verification]]>
            </line>
            <line>
              <![CDATA[<br>]]>
            </line>
            <line>
              <![CDATA[<Font Color=#008000> PASS </Font>Logout verification]]>
            </line>
          </reporter-output>
        </test-method> <!-- verifyLoginLogoutTest -->
        <test-method status="PASS" signature="teardown()[pri:0, instance:IntegrationTests.tests.payments.LoginTest@35f983a6]" name="teardown" is-config="true" duration-ms="983" started-at="2015-04-22T10:29:29Z" finished-at="2015-04-22T10:29:30Z">
          <reporter-output>
          </reporter-output>
        </test-method> <!-- teardown -->
        <test-method status="PASS" signature="createDriver(java.lang.String)[pri:0, instance:IntegrationTests.tests.payments.LoginTest@35f983a6]" name="createDriver" is-config="true" duration-ms="11310" started-at="2015-04-22T10:29:30Z" finished-at="2015-04-22T10:29:41Z">
          <params>
            <param index="0">
              <value>
                <![CDATA[android]]>
              </value>
            </param>
          </params>
          <reporter-output>
          </reporter-output>
        </test-method> <!-- createDriver -->
        <test-method status="PASS" signature="instantiateHelpers(java.lang.String)[pri:0, instance:IntegrationTests.tests.payments.LoginTest@35f983a6]" name="instantiateHelpers" is-config="true" duration-ms="0" started-at="2015-04-22T10:29:41Z" finished-at="2015-04-22T10:29:41Z">
          <params>
            <param index="0">
              <value>
                <![CDATA[android]]>
              </value>
            </param>
          </params>
          <reporter-output>
          </reporter-output>
        </test-method> <!-- instantiateHelpers -->
        <test-method status="FAIL" signature="verifyInvalidLoginTest()[pri:0, instance:IntegrationTests.tests.payments.LoginTest@35f983a6]" name="verifyInvalidLoginTest" duration-ms="70330" started-at="2015-04-22T10:29:41Z" finished-at="2015-04-22T10:30:52Z">
          <exception class="org.openqa.selenium.TimeoutException">
            <message>
              <![CDATA[Build info: version: '2.43.1', revision: '5163bce', time: '2014-09-10 16:27:58'
System info: host: 'shanky-Lenovo-B40-70', ip: '127.0.1.1', os.name: 'Linux', os.arch: 'amd64', os.version: '3.11.0-26-generic', java.version: '1.8.0_45'
Driver info: driver.version: unknown]]>
            </message>
            <full-stacktrace>
              <![CDATA[org.openqa.selenium.TimeoutException: Build info: version: '2.43.1', revision: '5163bce', time: '2014-09-10 16:27:58'
System info: host: 'shanky-Lenovo-B40-70', ip: '127.0.1.1', os.name: 'Linux', os.arch: 'amd64', os.version: '3.11.0-26-generic', java.version: '1.8.0_45'
Driver info: driver.version: unknown
	at UITestFramework.MobiKwikScreen.waitForVisibility(Unknown Source)
	at IntegrationTests.helpers.android.payments.AndroidLoginHelper.mbEmailId(Unknown Source)
	at IntegrationTests.tests.payments.LoginTest.verifyInvalidLoginTest(Unknown Source)
	at sun.reflect.NativeMethodAccessorImpl.invoke0(Native Method)
	at sun.reflect.NativeMethodAccessorImpl.invoke(NativeMethodAccessorImpl.java:62)
	at sun.reflect.DelegatingMethodAccessorImpl.invoke(DelegatingMethodAccessorImpl.java:43)
	at java.lang.reflect.Method.invoke(Method.java:497)
	at org.testng.internal.MethodInvocationHelper.invokeMethod(MethodInvocationHelper.java:84)
	at org.testng.internal.Invoker.invokeMethod(Invoker.java:714)
	at org.testng.internal.Invoker.invokeTestMethod(Invoker.java:901)
	at org.testng.internal.Invoker.invokeTestMethods(Invoker.java:1231)
	at org.testng.internal.TestMethodWorker.invokeTestMethods(TestMethodWorker.java:127)
	at org.testng.internal.TestMethodWorker.run(TestMethodWorker.java:111)
	at org.testng.TestRunner.privateRun(TestRunner.java:767)
	at org.testng.TestRunner.run(TestRunner.java:617)
	at org.testng.SuiteRunner.runTest(SuiteRunner.java:334)
	at org.testng.SuiteRunner.runSequentially(SuiteRunner.java:329)
	at org.testng.SuiteRunner.privateRun(SuiteRunner.java:291)
	at org.testng.SuiteRunner.run(SuiteRunner.java:240)
	at org.testng.SuiteRunnerWorker.runSuite(SuiteRunnerWorker.java:52)
	at org.testng.SuiteRunnerWorker.run(SuiteRunnerWorker.java:86)
	at org.testng.TestNG.runSuitesSequentially(TestNG.java:1224)
	at org.testng.TestNG.runSuitesLocally(TestNG.java:1149)
	at org.testng.TestNG.run(TestNG.java:1057)
	at org.testng.TestNG.privateMain(TestNG.java:1364)
	at org.testng.TestNG.main(TestNG.java:1333)
]]>
            </full-stacktrace>
          </exception> <!-- org.openqa.selenium.TimeoutException -->
          <reporter-output>
          </reporter-output>
        </test-method> <!-- verifyInvalidLoginTest -->
        <test-method status="PASS" signature="teardown()[pri:0, instance:IntegrationTests.tests.payments.LoginTest@35f983a6]" name="teardown" is-config="true" duration-ms="977" started-at="2015-04-22T10:30:52Z" finished-at="2015-04-22T10:30:53Z">
          <reporter-output>
          </reporter-output>
        </test-method> <!-- teardown -->
      </class> <!-- IntegrationTests.tests.payments.LoginTest -->
    </test> <!-- Mobikwik Automation Tests -->
  </suite> <!-- Appium-Framework -->
</testng-results>
