<?xml version="1.0" encoding="UTF-8"?>
<testng-results skipped="127" failed="0" total="127" passed="0">
  <reporter-output>
  </reporter-output>
  <suite name="Appium-Framework" duration-ms="207" started-at="2015-07-07T16:32:03Z" finished-at="2015-07-07T16:32:03Z">
    <groups>
      <group name="cashpay">
        <method signature="CashPayTest.cashPay_CashPayAmount_PendingTransaction()[pri:0, instance:IntegrationTests.Tests.Payments.CashPayTest@6b143ee9]" name="cashPay_CashPayAmount_PendingTransaction" class="IntegrationTests.Tests.Payments.CashPayTest"/>
        <method signature="CashPayTest.cashPay_CashPayAmount_maxOrders()[pri:0, instance:IntegrationTests.Tests.Payments.CashPayTest@6b143ee9]" name="cashPay_CashPayAmount_maxOrders" class="IntegrationTests.Tests.Payments.CashPayTest"/>
        <method signature="CashPayTest.cashPay_LoggedOut()[pri:0, instance:IntegrationTests.Tests.Payments.CashPayTest@6b143ee9]" name="cashPay_LoggedOut" class="IntegrationTests.Tests.Payments.CashPayTest"/>
        <method signature="CashPayTest.cashPay_UserLoggedOut()[pri:0, instance:IntegrationTests.Tests.Payments.CashPayTest@6b143ee9]" name="cashPay_UserLoggedOut" class="IntegrationTests.Tests.Payments.CashPayTest"/>
        <method signature="CashPayTest.cashPay_ZeroAmount()[pri:0, instance:IntegrationTests.Tests.Payments.CashPayTest@6b143ee9]" name="cashPay_ZeroAmount" class="IntegrationTests.Tests.Payments.CashPayTest"/>
        <method signature="CashPayTest.cashPay_exceedAmount()[pri:0, instance:IntegrationTests.Tests.Payments.CashPayTest@6b143ee9]" name="cashPay_exceedAmount" class="IntegrationTests.Tests.Payments.CashPayTest"/>
      </group> <!-- cashpay -->
      <group name="refer_earn">
        <method signature="Refer_EarnTest.refer_earnAmount()[pri:0, instance:IntegrationTests.Tests.Payments.Refer_EarnTest@1936f0f5]" name="refer_earnAmount" class="IntegrationTests.Tests.Payments.Refer_EarnTest"/>
        <method signature="Refer_EarnTest.verify_refer_earnInVisibility()[pri:0, instance:IntegrationTests.Tests.Payments.Refer_EarnTest@1936f0f5]" name="verify_refer_earnInVisibility" class="IntegrationTests.Tests.Payments.Refer_EarnTest"/>
        <method signature="Refer_EarnTest.verify_refer_earnInVisibilityLoggedOut()[pri:0, instance:IntegrationTests.Tests.Payments.Refer_EarnTest@1936f0f5]" name="verify_refer_earnInVisibilityLoggedOut" class="IntegrationTests.Tests.Payments.Refer_EarnTest"/>
        <method signature="Refer_EarnTest.verify_refer_earnSendMoneyAccept()[pri:0, instance:IntegrationTests.Tests.Payments.Refer_EarnTest@1936f0f5]" name="verify_refer_earnSendMoneyAccept" class="IntegrationTests.Tests.Payments.Refer_EarnTest"/>
        <method signature="Refer_EarnTest.verify_refer_earnSendMoneyCancel()[pri:0, instance:IntegrationTests.Tests.Payments.Refer_EarnTest@1936f0f5]" name="verify_refer_earnSendMoneyCancel" class="IntegrationTests.Tests.Payments.Refer_EarnTest"/>
        <method signature="Refer_EarnTest.verify_refer_earnSendMoney_multipleUsers()[pri:0, instance:IntegrationTests.Tests.Payments.Refer_EarnTest@1936f0f5]" name="verify_refer_earnSendMoney_multipleUsers" class="IntegrationTests.Tests.Payments.Refer_EarnTest"/>
        <method signature="Refer_EarnTest.verify_refer_earnVisibility()[pri:0, instance:IntegrationTests.Tests.Payments.Refer_EarnTest@1936f0f5]" name="verify_refer_earnVisibility" class="IntegrationTests.Tests.Payments.Refer_EarnTest"/>
      </group> <!-- refer_earn -->
      <group name="addMoney">
        <method signature="AddMoneyTest.verifyAddMoney_creditCard()[pri:0, instance:IntegrationTests.Tests.Payments.AddMoneyTest@3567135c]" name="verifyAddMoney_creditCard" class="IntegrationTests.Tests.Payments.AddMoneyTest"/>
        <method signature="AddMoneyTest.verifyAddMoney_creditCard2()[pri:0, instance:IntegrationTests.Tests.Payments.AddMoneyTest@3567135c]" name="verifyAddMoney_creditCard2" class="IntegrationTests.Tests.Payments.AddMoneyTest"/>
        <method signature="AddMoneyTest.verifyAddMoney_creditCard3()[pri:0, instance:IntegrationTests.Tests.Payments.AddMoneyTest@3567135c]" name="verifyAddMoney_creditCard3" class="IntegrationTests.Tests.Payments.AddMoneyTest"/>
        <method signature="AddMoneyTest.verifyAddMoney_debitCard()[pri:0, instance:IntegrationTests.Tests.Payments.AddMoneyTest@3567135c]" name="verifyAddMoney_debitCard" class="IntegrationTests.Tests.Payments.AddMoneyTest"/>
        <method signature="AddMoneyTest.verifyAddMoney_debitCard2()[pri:0, instance:IntegrationTests.Tests.Payments.AddMoneyTest@3567135c]" name="verifyAddMoney_debitCard2" class="IntegrationTests.Tests.Payments.AddMoneyTest"/>
        <method signature="AddMoneyTest.verifyAddMoney_debitCard3()[pri:0, instance:IntegrationTests.Tests.Payments.AddMoneyTest@3567135c]" name="verifyAddMoney_debitCard3" class="IntegrationTests.Tests.Payments.AddMoneyTest"/>
        <method signature="AddMoneyTest.verifyAddMoney_deleteCard()[pri:0, instance:IntegrationTests.Tests.Payments.AddMoneyTest@3567135c]" name="verifyAddMoney_deleteCard" class="IntegrationTests.Tests.Payments.AddMoneyTest"/>
        <method signature="AddMoneyTest.verifyAddMoney_maxLimitPromo()[pri:0, instance:IntegrationTests.Tests.Payments.AddMoneyTest@3567135c]" name="verifyAddMoney_maxLimitPromo" class="IntegrationTests.Tests.Payments.AddMoneyTest"/>
        <method signature="AddMoneyTest.verifyAddMoney_netBanking()[pri:0, instance:IntegrationTests.Tests.Payments.AddMoneyTest@3567135c]" name="verifyAddMoney_netBanking" class="IntegrationTests.Tests.Payments.AddMoneyTest"/>
        <method signature="AddMoneyTest.verifyAddMoney_netBanking2()[pri:0, instance:IntegrationTests.Tests.Payments.AddMoneyTest@3567135c]" name="verifyAddMoney_netBanking2" class="IntegrationTests.Tests.Payments.AddMoneyTest"/>
        <method signature="AddMoneyTest.verifyAddMoney_netBanking3()[pri:0, instance:IntegrationTests.Tests.Payments.AddMoneyTest@3567135c]" name="verifyAddMoney_netBanking3" class="IntegrationTests.Tests.Payments.AddMoneyTest"/>
        <method signature="AddMoneyTest.verifyAddMoney_savedCard()[pri:0, instance:IntegrationTests.Tests.Payments.AddMoneyTest@3567135c]" name="verifyAddMoney_savedCard" class="IntegrationTests.Tests.Payments.AddMoneyTest"/>
        <method signature="AddMoneyTest.verifyAddMoneywithPromo_creditCard()[pri:0, instance:IntegrationTests.Tests.Payments.AddMoneyTest@3567135c]" name="verifyAddMoneywithPromo_creditCard" class="IntegrationTests.Tests.Payments.AddMoneyTest"/>
        <method signature="AddMoneyTest.verifyAddMoneywithPromo_debitCard()[pri:0, instance:IntegrationTests.Tests.Payments.AddMoneyTest@3567135c]" name="verifyAddMoneywithPromo_debitCard" class="IntegrationTests.Tests.Payments.AddMoneyTest"/>
        <method signature="AddMoneyTest.verifyAddMoneywithPromo_savedCard()[pri:0, instance:IntegrationTests.Tests.Payments.AddMoneyTest@3567135c]" name="verifyAddMoneywithPromo_savedCard" class="IntegrationTests.Tests.Payments.AddMoneyTest"/>
        <method signature="AddMoneyTest.verifyEmpty_AddMoney()[pri:0, instance:IntegrationTests.Tests.Payments.AddMoneyTest@3567135c]" name="verifyEmpty_AddMoney" class="IntegrationTests.Tests.Payments.AddMoneyTest"/>
        <method signature="AddMoneyTest.verifyless_AddMoney()[pri:0, instance:IntegrationTests.Tests.Payments.AddMoneyTest@3567135c]" name="verifyless_AddMoney" class="IntegrationTests.Tests.Payments.AddMoneyTest"/>
        <method signature="AddMoneyTest.verifymore_AddMoney()[pri:0, instance:IntegrationTests.Tests.Payments.AddMoneyTest@3567135c]" name="verifymore_AddMoney" class="IntegrationTests.Tests.Payments.AddMoneyTest"/>
      </group> <!-- addMoney -->
      <group name="sanity">
        <method signature="AddMoneyTest.verifyAddMoney_creditCard()[pri:0, instance:IntegrationTests.Tests.Payments.AddMoneyTest@3567135c]" name="verifyAddMoney_creditCard" class="IntegrationTests.Tests.Payments.AddMoneyTest"/>
        <method signature="AddMoneyTest.verifyAddMoney_creditCard2()[pri:0, instance:IntegrationTests.Tests.Payments.AddMoneyTest@3567135c]" name="verifyAddMoney_creditCard2" class="IntegrationTests.Tests.Payments.AddMoneyTest"/>
        <method signature="AddMoneyTest.verifyAddMoney_creditCard3()[pri:0, instance:IntegrationTests.Tests.Payments.AddMoneyTest@3567135c]" name="verifyAddMoney_creditCard3" class="IntegrationTests.Tests.Payments.AddMoneyTest"/>
        <method signature="AddMoneyTest.verifyAddMoney_debitCard()[pri:0, instance:IntegrationTests.Tests.Payments.AddMoneyTest@3567135c]" name="verifyAddMoney_debitCard" class="IntegrationTests.Tests.Payments.AddMoneyTest"/>
        <method signature="AddMoneyTest.verifyAddMoney_debitCard2()[pri:0, instance:IntegrationTests.Tests.Payments.AddMoneyTest@3567135c]" name="verifyAddMoney_debitCard2" class="IntegrationTests.Tests.Payments.AddMoneyTest"/>
        <method signature="AddMoneyTest.verifyAddMoney_debitCard3()[pri:0, instance:IntegrationTests.Tests.Payments.AddMoneyTest@3567135c]" name="verifyAddMoney_debitCard3" class="IntegrationTests.Tests.Payments.AddMoneyTest"/>
        <method signature="AddMoneyTest.verifyAddMoney_deleteCard()[pri:0, instance:IntegrationTests.Tests.Payments.AddMoneyTest@3567135c]" name="verifyAddMoney_deleteCard" class="IntegrationTests.Tests.Payments.AddMoneyTest"/>
        <method signature="AddMoneyTest.verifyAddMoney_maxLimitPromo()[pri:0, instance:IntegrationTests.Tests.Payments.AddMoneyTest@3567135c]" name="verifyAddMoney_maxLimitPromo" class="IntegrationTests.Tests.Payments.AddMoneyTest"/>
        <method signature="AddMoneyTest.verifyAddMoney_netBanking()[pri:0, instance:IntegrationTests.Tests.Payments.AddMoneyTest@3567135c]" name="verifyAddMoney_netBanking" class="IntegrationTests.Tests.Payments.AddMoneyTest"/>
        <method signature="AddMoneyTest.verifyAddMoney_netBanking2()[pri:0, instance:IntegrationTests.Tests.Payments.AddMoneyTest@3567135c]" name="verifyAddMoney_netBanking2" class="IntegrationTests.Tests.Payments.AddMoneyTest"/>
        <method signature="AddMoneyTest.verifyAddMoney_netBanking3()[pri:0, instance:IntegrationTests.Tests.Payments.AddMoneyTest@3567135c]" name="verifyAddMoney_netBanking3" class="IntegrationTests.Tests.Payments.AddMoneyTest"/>
        <method signature="AddMoneyTest.verifyAddMoney_savedCard()[pri:0, instance:IntegrationTests.Tests.Payments.AddMoneyTest@3567135c]" name="verifyAddMoney_savedCard" class="IntegrationTests.Tests.Payments.AddMoneyTest"/>
        <method signature="AddMoneyTest.verifyAddMoneywithPromo_creditCard()[pri:0, instance:IntegrationTests.Tests.Payments.AddMoneyTest@3567135c]" name="verifyAddMoneywithPromo_creditCard" class="IntegrationTests.Tests.Payments.AddMoneyTest"/>
        <method signature="AddMoneyTest.verifyAddMoneywithPromo_debitCard()[pri:0, instance:IntegrationTests.Tests.Payments.AddMoneyTest@3567135c]" name="verifyAddMoneywithPromo_debitCard" class="IntegrationTests.Tests.Payments.AddMoneyTest"/>
        <method signature="AddMoneyTest.verifyAddMoneywithPromo_savedCard()[pri:0, instance:IntegrationTests.Tests.Payments.AddMoneyTest@3567135c]" name="verifyAddMoneywithPromo_savedCard" class="IntegrationTests.Tests.Payments.AddMoneyTest"/>
        <method signature="AddMoneyTest.verifyEmpty_AddMoney()[pri:0, instance:IntegrationTests.Tests.Payments.AddMoneyTest@3567135c]" name="verifyEmpty_AddMoney" class="IntegrationTests.Tests.Payments.AddMoneyTest"/>
        <method signature="AddMoneyTest.verifyless_AddMoney()[pri:0, instance:IntegrationTests.Tests.Payments.AddMoneyTest@3567135c]" name="verifyless_AddMoney" class="IntegrationTests.Tests.Payments.AddMoneyTest"/>
        <method signature="AddMoneyTest.verifymore_AddMoney()[pri:0, instance:IntegrationTests.Tests.Payments.AddMoneyTest@3567135c]" name="verifymore_AddMoney" class="IntegrationTests.Tests.Payments.AddMoneyTest"/>
        <method signature="CashPayTest.cashPay_CashPayAmount_PendingTransaction()[pri:0, instance:IntegrationTests.Tests.Payments.CashPayTest@6b143ee9]" name="cashPay_CashPayAmount_PendingTransaction" class="IntegrationTests.Tests.Payments.CashPayTest"/>
        <method signature="CashPayTest.cashPay_CashPayAmount_maxOrders()[pri:0, instance:IntegrationTests.Tests.Payments.CashPayTest@6b143ee9]" name="cashPay_CashPayAmount_maxOrders" class="IntegrationTests.Tests.Payments.CashPayTest"/>
        <method signature="CashPayTest.cashPay_LoggedOut()[pri:0, instance:IntegrationTests.Tests.Payments.CashPayTest@6b143ee9]" name="cashPay_LoggedOut" class="IntegrationTests.Tests.Payments.CashPayTest"/>
        <method signature="CashPayTest.cashPay_UserLoggedOut()[pri:0, instance:IntegrationTests.Tests.Payments.CashPayTest@6b143ee9]" name="cashPay_UserLoggedOut" class="IntegrationTests.Tests.Payments.CashPayTest"/>
        <method signature="CashPayTest.cashPay_ZeroAmount()[pri:0, instance:IntegrationTests.Tests.Payments.CashPayTest@6b143ee9]" name="cashPay_ZeroAmount" class="IntegrationTests.Tests.Payments.CashPayTest"/>
        <method signature="CashPayTest.cashPay_exceedAmount()[pri:0, instance:IntegrationTests.Tests.Payments.CashPayTest@6b143ee9]" name="cashPay_exceedAmount" class="IntegrationTests.Tests.Payments.CashPayTest"/>
        <method signature="CashpickupTest.getCashpickup()[pri:0, instance:IntegrationTests.Tests.Payments.CashpickupTest@6be46e8f]" name="getCashpickup" class="IntegrationTests.Tests.Payments.CashpickupTest"/>
        <method signature="CashpickupTest.locationserviceDisabled()[pri:0, instance:IntegrationTests.Tests.Payments.CashpickupTest@6be46e8f]" name="locationserviceDisabled" class="IntegrationTests.Tests.Payments.CashpickupTest"/>
        <method signature="CashpickupTest.locationserviceEnable()[pri:0, instance:IntegrationTests.Tests.Payments.CashpickupTest@6be46e8f]" name="locationserviceEnable" class="IntegrationTests.Tests.Payments.CashpickupTest"/>
        <method signature="CashpickupTest.loggedoutCashpickup()[pri:0, instance:IntegrationTests.Tests.Payments.CashpickupTest@6be46e8f]" name="loggedoutCashpickup" class="IntegrationTests.Tests.Payments.CashpickupTest"/>
        <method signature="HelpTest.checkFeatures()[pri:0, instance:IntegrationTests.Tests.Payments.HelpTest@3a03464]" name="checkFeatures" class="IntegrationTests.Tests.Payments.HelpTest"/>
        <method signature="HelpTest.check_ReolvedQuery()[pri:0, instance:IntegrationTests.Tests.Payments.HelpTest@3a03464]" name="check_ReolvedQuery" class="IntegrationTests.Tests.Payments.HelpTest"/>
        <method signature="HelpTest.check_UserLoggedout_ReolvedQuery()[pri:0, instance:IntegrationTests.Tests.Payments.HelpTest@3a03464]" name="check_UserLoggedout_ReolvedQuery" class="IntegrationTests.Tests.Payments.HelpTest"/>
        <method signature="HelpTest.check_otherfeature()[pri:0, instance:IntegrationTests.Tests.Payments.HelpTest@3a03464]" name="check_otherfeature" class="IntegrationTests.Tests.Payments.HelpTest"/>
        <method signature="HelpTest.check_resolvedtopquestions()[pri:0, instance:IntegrationTests.Tests.Payments.HelpTest@3a03464]" name="check_resolvedtopquestions" class="IntegrationTests.Tests.Payments.HelpTest"/>
        <method signature="HelpTest.check_unresolvedtopquestions()[pri:0, instance:IntegrationTests.Tests.Payments.HelpTest@3a03464]" name="check_unresolvedtopquestions" class="IntegrationTests.Tests.Payments.HelpTest"/>
        <method signature="HelpTest.check_userLoggedOut()[pri:0, instance:IntegrationTests.Tests.Payments.HelpTest@3a03464]" name="check_userLoggedOut" class="IntegrationTests.Tests.Payments.HelpTest"/>
        <method signature="HelpTest.check_viewtopsolutions()[pri:0, instance:IntegrationTests.Tests.Payments.HelpTest@3a03464]" name="check_viewtopsolutions" class="IntegrationTests.Tests.Payments.HelpTest"/>
        <method signature="HelpTest.verifying_CategoryResolved()[pri:0, instance:IntegrationTests.Tests.Payments.HelpTest@3a03464]" name="verifying_CategoryResolved" class="IntegrationTests.Tests.Payments.HelpTest"/>
        <method signature="HelpTest.verifying_CategoryResolved_userLoggedOut()[pri:0, instance:IntegrationTests.Tests.Payments.HelpTest@3a03464]" name="verifying_CategoryResolved_userLoggedOut" class="IntegrationTests.Tests.Payments.HelpTest"/>
        <method signature="HelpTest.verifying_CategoryUnresolved()[pri:0, instance:IntegrationTests.Tests.Payments.HelpTest@3a03464]" name="verifying_CategoryUnresolved" class="IntegrationTests.Tests.Payments.HelpTest"/>
        <method signature="HelpTest.verifying_FAQ_Categories()[pri:0, instance:IntegrationTests.Tests.Payments.HelpTest@3a03464]" name="verifying_FAQ_Categories" class="IntegrationTests.Tests.Payments.HelpTest"/>
        <method signature="HomeScreenTest.condition_LoggedIn()[pri:0, instance:IntegrationTests.Tests.Payments.HomeScreenTest@47f6473]" name="condition_LoggedIn" class="IntegrationTests.Tests.Payments.HomeScreenTest"/>
        <method signature="HomeScreenTest.condition_NonLoggedIn()[pri:0, instance:IntegrationTests.Tests.Payments.HomeScreenTest@47f6473]" name="condition_NonLoggedIn" class="IntegrationTests.Tests.Payments.HomeScreenTest"/>
        <method signature="HomeScreenTest.verifyWalletOffers_HomeScreen()[pri:0, instance:IntegrationTests.Tests.Payments.HomeScreenTest@47f6473]" name="verifyWalletOffers_HomeScreen" class="IntegrationTests.Tests.Payments.HomeScreenTest"/>
        <method signature="ImpsTest.checkImps()[pri:0, instance:IntegrationTests.Tests.Payments.ImpsTest@4909b8da]" name="checkImps" class="IntegrationTests.Tests.Payments.ImpsTest"/>
        <method signature="ImpsTest.checkImpsFields()[pri:0, instance:IntegrationTests.Tests.Payments.ImpsTest@4909b8da]" name="checkImpsFields" class="IntegrationTests.Tests.Payments.ImpsTest"/>
        <method signature="LoginTest.verifyForgotPasswordTest()[pri:0, instance:IntegrationTests.Tests.Payments.LoginTest@2d554825]" name="verifyForgotPasswordTest" class="IntegrationTests.Tests.Payments.LoginTest"/>
        <method signature="LoginTest.verifyInvalidLoginTest()[pri:0, instance:IntegrationTests.Tests.Payments.LoginTest@2d554825]" name="verifyInvalidLoginTest" class="IntegrationTests.Tests.Payments.LoginTest"/>
        <method signature="LoginTest.verifyLoginLogoutTest()[pri:0, instance:IntegrationTests.Tests.Payments.LoginTest@2d554825]" name="verifyLoginLogoutTest" class="IntegrationTests.Tests.Payments.LoginTest"/>
        <method signature="MiscellaneousTest.verifyNotification()[pri:0, instance:IntegrationTests.Tests.Payments.MiscellaneousTest@77b52d12]" name="verifyNotification" class="IntegrationTests.Tests.Payments.MiscellaneousTest"/>
        <method signature="MiscellaneousTest.verify_AboutUs()[pri:0, instance:IntegrationTests.Tests.Payments.MiscellaneousTest@77b52d12]" name="verify_AboutUs" class="IntegrationTests.Tests.Payments.MiscellaneousTest"/>
        <method signature="MyaccountTest.checkFeatures()[pri:0, instance:IntegrationTests.Tests.Payments.MyaccountTest@614c5515]" name="checkFeatures" class="IntegrationTests.Tests.Payments.MyaccountTest"/>
        <method signature="MyaccountTest.checkMyaccount()[pri:0, instance:IntegrationTests.Tests.Payments.MyaccountTest@614c5515]" name="checkMyaccount" class="IntegrationTests.Tests.Payments.MyaccountTest"/>
        <method signature="PaybackTest.payback_RedeemAllPoints()[pri:0, instance:IntegrationTests.Tests.Payments.PaybackTest@2d3fcdbd]" name="payback_RedeemAllPoints" class="IntegrationTests.Tests.Payments.PaybackTest"/>
        <method signature="PaybackTest.payback_RedeemLimitedPoints()[pri:0, instance:IntegrationTests.Tests.Payments.PaybackTest@2d3fcdbd]" name="payback_RedeemLimitedPoints" class="IntegrationTests.Tests.Payments.PaybackTest"/>
        <method signature="PaybackTest.payback_RedeemZeroPoints()[pri:0, instance:IntegrationTests.Tests.Payments.PaybackTest@2d3fcdbd]" name="payback_RedeemZeroPoints" class="IntegrationTests.Tests.Payments.PaybackTest"/>
        <method signature="PaybackTest.payback_checkNotification()[pri:0, instance:IntegrationTests.Tests.Payments.PaybackTest@2d3fcdbd]" name="payback_checkNotification" class="IntegrationTests.Tests.Payments.PaybackTest"/>
        <method signature="PaybackTest.payback_checkNotificationLoggedOut()[pri:0, instance:IntegrationTests.Tests.Payments.PaybackTest@2d3fcdbd]" name="payback_checkNotificationLoggedOut" class="IntegrationTests.Tests.Payments.PaybackTest"/>
        <method signature="Refer_EarnTest.refer_earnAmount()[pri:0, instance:IntegrationTests.Tests.Payments.Refer_EarnTest@1936f0f5]" name="refer_earnAmount" class="IntegrationTests.Tests.Payments.Refer_EarnTest"/>
        <method signature="Refer_EarnTest.verify_refer_earnInVisibility()[pri:0, instance:IntegrationTests.Tests.Payments.Refer_EarnTest@1936f0f5]" name="verify_refer_earnInVisibility" class="IntegrationTests.Tests.Payments.Refer_EarnTest"/>
        <method signature="Refer_EarnTest.verify_refer_earnInVisibilityLoggedOut()[pri:0, instance:IntegrationTests.Tests.Payments.Refer_EarnTest@1936f0f5]" name="verify_refer_earnInVisibilityLoggedOut" class="IntegrationTests.Tests.Payments.Refer_EarnTest"/>
        <method signature="Refer_EarnTest.verify_refer_earnSendMoneyAccept()[pri:0, instance:IntegrationTests.Tests.Payments.Refer_EarnTest@1936f0f5]" name="verify_refer_earnSendMoneyAccept" class="IntegrationTests.Tests.Payments.Refer_EarnTest"/>
        <method signature="Refer_EarnTest.verify_refer_earnSendMoneyCancel()[pri:0, instance:IntegrationTests.Tests.Payments.Refer_EarnTest@1936f0f5]" name="verify_refer_earnSendMoneyCancel" class="IntegrationTests.Tests.Payments.Refer_EarnTest"/>
        <method signature="Refer_EarnTest.verify_refer_earnSendMoney_multipleUsers()[pri:0, instance:IntegrationTests.Tests.Payments.Refer_EarnTest@1936f0f5]" name="verify_refer_earnSendMoney_multipleUsers" class="IntegrationTests.Tests.Payments.Refer_EarnTest"/>
        <method signature="Refer_EarnTest.verify_refer_earnVisibility()[pri:0, instance:IntegrationTests.Tests.Payments.Refer_EarnTest@1936f0f5]" name="verify_refer_earnVisibility" class="IntegrationTests.Tests.Payments.Refer_EarnTest"/>
        <method signature="RequestMoneyTest.verifyRequestMoneyCases_equalsZero_viaContacts()[pri:0, instance:IntegrationTests.Tests.Payments.RequestMoneyTest@6537cf78]" name="verifyRequestMoneyCases_equalsZero_viaContacts" class="IntegrationTests.Tests.Payments.RequestMoneyTest"/>
        <method signature="RequestMoneyTest.verifyRequestMoneyCases_equalsZero_viaEmail()[pri:0, instance:IntegrationTests.Tests.Payments.RequestMoneyTest@6537cf78]" name="verifyRequestMoneyCases_equalsZero_viaEmail" class="IntegrationTests.Tests.Payments.RequestMoneyTest"/>
        <method signature="RequestMoneyTest.verifyRequestMoneyCases_equalsZero_viaMobile()[pri:0, instance:IntegrationTests.Tests.Payments.RequestMoneyTest@6537cf78]" name="verifyRequestMoneyCases_equalsZero_viaMobile" class="IntegrationTests.Tests.Payments.RequestMoneyTest"/>
        <method signature="RequestMoneyTest.verifyRequestMoneyCases_invalidAmount_viaContacts()[pri:0, instance:IntegrationTests.Tests.Payments.RequestMoneyTest@6537cf78]" name="verifyRequestMoneyCases_invalidAmount_viaContacts" class="IntegrationTests.Tests.Payments.RequestMoneyTest"/>
        <method signature="RequestMoneyTest.verifyRequestMoneyCases_invalidAmount_viaEmail()[pri:0, instance:IntegrationTests.Tests.Payments.RequestMoneyTest@6537cf78]" name="verifyRequestMoneyCases_invalidAmount_viaEmail" class="IntegrationTests.Tests.Payments.RequestMoneyTest"/>
        <method signature="RequestMoneyTest.verifyRequestMoneyCases_invalidAmount_viaMobile()[pri:0, instance:IntegrationTests.Tests.Payments.RequestMoneyTest@6537cf78]" name="verifyRequestMoneyCases_invalidAmount_viaMobile" class="IntegrationTests.Tests.Payments.RequestMoneyTest"/>
        <method signature="RequestMoneyTest.verifyRequestMoneyCases_topupLimitReached_viaContacts()[pri:0, instance:IntegrationTests.Tests.Payments.RequestMoneyTest@6537cf78]" name="verifyRequestMoneyCases_topupLimitReached_viaContacts" class="IntegrationTests.Tests.Payments.RequestMoneyTest"/>
        <method signature="RequestMoneyTest.verifyRequestMoneyCases_topupLimitReached_viaMobile()[pri:0, instance:IntegrationTests.Tests.Payments.RequestMoneyTest@6537cf78]" name="verifyRequestMoneyCases_topupLimitReached_viaMobile" class="IntegrationTests.Tests.Payments.RequestMoneyTest"/>
        <method signature="RequestMoneyTest.verifyRequestMoneyCases_userLoggedout()[pri:0, instance:IntegrationTests.Tests.Payments.RequestMoneyTest@6537cf78]" name="verifyRequestMoneyCases_userLoggedout" class="IntegrationTests.Tests.Payments.RequestMoneyTest"/>
        <method signature="RequestMoneyTest.verifyRequestMoneyCases_validAmount_viaContacts()[pri:0, instance:IntegrationTests.Tests.Payments.RequestMoneyTest@6537cf78]" name="verifyRequestMoneyCases_validAmount_viaContacts" class="IntegrationTests.Tests.Payments.RequestMoneyTest"/>
        <method signature="RequestMoneyTest.verifyRequestMoneyCases_validAmount_viaEmail()[pri:0, instance:IntegrationTests.Tests.Payments.RequestMoneyTest@6537cf78]" name="verifyRequestMoneyCases_validAmount_viaEmail" class="IntegrationTests.Tests.Payments.RequestMoneyTest"/>
        <method signature="RequestMoneyTest.verifyRequestMoneyCases_validAmount_viaMobile()[pri:0, instance:IntegrationTests.Tests.Payments.RequestMoneyTest@6537cf78]" name="verifyRequestMoneyCases_validAmount_viaMobile" class="IntegrationTests.Tests.Payments.RequestMoneyTest"/>
        <method signature="RequestMoneyTest.verifyRequestMoneyCases_viaContacts_Accepts()[pri:0, instance:IntegrationTests.Tests.Payments.RequestMoneyTest@6537cf78]" name="verifyRequestMoneyCases_viaContacts_Accepts" class="IntegrationTests.Tests.Payments.RequestMoneyTest"/>
        <method signature="RequestMoneyTest.verifyRequestMoneyCases_viaContacts_Cancels()[pri:0, instance:IntegrationTests.Tests.Payments.RequestMoneyTest@6537cf78]" name="verifyRequestMoneyCases_viaContacts_Cancels" class="IntegrationTests.Tests.Payments.RequestMoneyTest"/>
        <method signature="RequestMoneyTest.verifyRequestMoneyCases_viaEmail_Accepts()[pri:0, instance:IntegrationTests.Tests.Payments.RequestMoneyTest@6537cf78]" name="verifyRequestMoneyCases_viaEmail_Accepts" class="IntegrationTests.Tests.Payments.RequestMoneyTest"/>
        <method signature="RequestMoneyTest.verifyRequestMoneyCases_viaEmail_Cancels()[pri:0, instance:IntegrationTests.Tests.Payments.RequestMoneyTest@6537cf78]" name="verifyRequestMoneyCases_viaEmail_Cancels" class="IntegrationTests.Tests.Payments.RequestMoneyTest"/>
        <method signature="RequestMoneyTest.verifyRequestMoneyCases_viaInvalidEmail()[pri:0, instance:IntegrationTests.Tests.Payments.RequestMoneyTest@6537cf78]" name="verifyRequestMoneyCases_viaInvalidEmail" class="IntegrationTests.Tests.Payments.RequestMoneyTest"/>
        <method signature="RequestMoneyTest.verifyRequestMoneyCases_viaInvalidMobile()[pri:0, instance:IntegrationTests.Tests.Payments.RequestMoneyTest@6537cf78]" name="verifyRequestMoneyCases_viaInvalidMobile" class="IntegrationTests.Tests.Payments.RequestMoneyTest"/>
        <method signature="RequestMoneyTest.verifyRequestMoneyCases_viaMobile_Accepts()[pri:0, instance:IntegrationTests.Tests.Payments.RequestMoneyTest@6537cf78]" name="verifyRequestMoneyCases_viaMobile_Accepts" class="IntegrationTests.Tests.Payments.RequestMoneyTest"/>
        <method signature="RequestMoneyTest.verifyRequestMoneyCases_viaMobile_Cancels()[pri:0, instance:IntegrationTests.Tests.Payments.RequestMoneyTest@6537cf78]" name="verifyRequestMoneyCases_viaMobile_Cancels" class="IntegrationTests.Tests.Payments.RequestMoneyTest"/>
        <method signature="RequestMoneyTest.verifyRequestMoneyCases_viaNon_existingEmail()[pri:0, instance:IntegrationTests.Tests.Payments.RequestMoneyTest@6537cf78]" name="verifyRequestMoneyCases_viaNon_existingEmail" class="IntegrationTests.Tests.Payments.RequestMoneyTest"/>
        <method signature="RequestMoneyTest.verifyRequestMoneyCases_viaNon_existingMobile()[pri:0, instance:IntegrationTests.Tests.Payments.RequestMoneyTest@6537cf78]" name="verifyRequestMoneyCases_viaNon_existingMobile" class="IntegrationTests.Tests.Payments.RequestMoneyTest"/>
        <method signature="RequestMoneyTest.verifyRequestMoneyCases_viaSelfEmail()[pri:0, instance:IntegrationTests.Tests.Payments.RequestMoneyTest@6537cf78]" name="verifyRequestMoneyCases_viaSelfEmail" class="IntegrationTests.Tests.Payments.RequestMoneyTest"/>
        <method signature="RequestMoneyTest.verifyRequestMoneyCases_viaSelfMobile()[pri:0, instance:IntegrationTests.Tests.Payments.RequestMoneyTest@6537cf78]" name="verifyRequestMoneyCases_viaSelfMobile" class="IntegrationTests.Tests.Payments.RequestMoneyTest"/>
        <method signature="RequestMoneyTest.verifySendMoneyCases_topupLimitReached_viaEmail()[pri:0, instance:IntegrationTests.Tests.Payments.RequestMoneyTest@6537cf78]" name="verifySendMoneyCases_topupLimitReached_viaEmail" class="IntegrationTests.Tests.Payments.RequestMoneyTest"/>
        <method signature="SavedConnectionsTest.verifySavedConnectionsFeatures()[pri:0, instance:IntegrationTests.Tests.Payments.SavedConnectionsTest@327471b5]" name="verifySavedConnectionsFeatures" class="IntegrationTests.Tests.Payments.SavedConnectionsTest"/>
        <method signature="SecurityTest.changing_PIN()[pri:0, instance:IntegrationTests.Tests.Payments.SecurityTest@90f6bfd]" name="changing_PIN" class="IntegrationTests.Tests.Payments.SecurityTest"/>
        <method signature="SecurityTest.disablePIN()[pri:0, instance:IntegrationTests.Tests.Payments.SecurityTest@90f6bfd]" name="disablePIN" class="IntegrationTests.Tests.Payments.SecurityTest"/>
        <method signature="SecurityTest.enablePIN()[pri:0, instance:IntegrationTests.Tests.Payments.SecurityTest@90f6bfd]" name="enablePIN" class="IntegrationTests.Tests.Payments.SecurityTest"/>
        <method signature="SecurityTest.enablePIN_contacts()[pri:0, instance:IntegrationTests.Tests.Payments.SecurityTest@90f6bfd]" name="enablePIN_contacts" class="IntegrationTests.Tests.Payments.SecurityTest"/>
        <method signature="SecurityTest.forgot_Pin()[pri:0, instance:IntegrationTests.Tests.Payments.SecurityTest@90f6bfd]" name="forgot_Pin" class="IntegrationTests.Tests.Payments.SecurityTest"/>
        <method signature="SecurityTest.invalid_incorrectPIN()[pri:0, instance:IntegrationTests.Tests.Payments.SecurityTest@90f6bfd]" name="invalid_incorrectPIN" class="IntegrationTests.Tests.Payments.SecurityTest"/>
        <method signature="SecurityTest.verifyRemoteWipe()[pri:0, instance:IntegrationTests.Tests.Payments.SecurityTest@90f6bfd]" name="verifyRemoteWipe" class="IntegrationTests.Tests.Payments.SecurityTest"/>
        <method signature="SecurityTest.verify_disablePinPayment()[pri:0, instance:IntegrationTests.Tests.Payments.SecurityTest@90f6bfd]" name="verify_disablePinPayment" class="IntegrationTests.Tests.Payments.SecurityTest"/>
        <method signature="SecurityTest.verify_enablePinPayment()[pri:0, instance:IntegrationTests.Tests.Payments.SecurityTest@90f6bfd]" name="verify_enablePinPayment" class="IntegrationTests.Tests.Payments.SecurityTest"/>
        <method signature="SecurityTest.verify_forgotPassword_Recharges()[pri:0, instance:IntegrationTests.Tests.Payments.SecurityTest@90f6bfd]" name="verify_forgotPassword_Recharges" class="IntegrationTests.Tests.Payments.SecurityTest"/>
        <method signature="SecurityTest.verify_invalidPin()[pri:0, instance:IntegrationTests.Tests.Payments.SecurityTest@90f6bfd]" name="verify_invalidPin" class="IntegrationTests.Tests.Payments.SecurityTest"/>
        <method signature="SendMoneyTest.verifySendMoneyCases_equalsZero_viaContacts()[pri:0, instance:IntegrationTests.Tests.Payments.SendMoneyTest@180bc464]" name="verifySendMoneyCases_equalsZero_viaContacts" class="IntegrationTests.Tests.Payments.SendMoneyTest"/>
        <method signature="SendMoneyTest.verifySendMoneyCases_equalsZero_viaEmail()[pri:0, instance:IntegrationTests.Tests.Payments.SendMoneyTest@180bc464]" name="verifySendMoneyCases_equalsZero_viaEmail" class="IntegrationTests.Tests.Payments.SendMoneyTest"/>
        <method signature="SendMoneyTest.verifySendMoneyCases_equalsZero_viaMobile()[pri:0, instance:IntegrationTests.Tests.Payments.SendMoneyTest@180bc464]" name="verifySendMoneyCases_equalsZero_viaMobile" class="IntegrationTests.Tests.Payments.SendMoneyTest"/>
        <method signature="SendMoneyTest.verifySendMoneyCases_insufficientWalletAmount_viaContacts()[pri:0, instance:IntegrationTests.Tests.Payments.SendMoneyTest@180bc464]" name="verifySendMoneyCases_insufficientWalletAmount_viaContacts" class="IntegrationTests.Tests.Payments.SendMoneyTest"/>
        <method signature="SendMoneyTest.verifySendMoneyCases_insufficientWalletAmount_viaEmail()[pri:0, instance:IntegrationTests.Tests.Payments.SendMoneyTest@180bc464]" name="verifySendMoneyCases_insufficientWalletAmount_viaEmail" class="IntegrationTests.Tests.Payments.SendMoneyTest"/>
        <method signature="SendMoneyTest.verifySendMoneyCases_insufficientWalletAmount_viaMobile()[pri:0, instance:IntegrationTests.Tests.Payments.SendMoneyTest@180bc464]" name="verifySendMoneyCases_insufficientWalletAmount_viaMobile" class="IntegrationTests.Tests.Payments.SendMoneyTest"/>
        <method signature="SendMoneyTest.verifySendMoneyCases_invalidAmount_viaContacts()[pri:0, instance:IntegrationTests.Tests.Payments.SendMoneyTest@180bc464]" name="verifySendMoneyCases_invalidAmount_viaContacts" class="IntegrationTests.Tests.Payments.SendMoneyTest"/>
        <method signature="SendMoneyTest.verifySendMoneyCases_invalidAmount_viaEmail()[pri:0, instance:IntegrationTests.Tests.Payments.SendMoneyTest@180bc464]" name="verifySendMoneyCases_invalidAmount_viaEmail" class="IntegrationTests.Tests.Payments.SendMoneyTest"/>
        <method signature="SendMoneyTest.verifySendMoneyCases_invalidAmount_viaMobile()[pri:0, instance:IntegrationTests.Tests.Payments.SendMoneyTest@180bc464]" name="verifySendMoneyCases_invalidAmount_viaMobile" class="IntegrationTests.Tests.Payments.SendMoneyTest"/>
        <method signature="SendMoneyTest.verifySendMoneyCases_userLoggedout()[pri:0, instance:IntegrationTests.Tests.Payments.SendMoneyTest@180bc464]" name="verifySendMoneyCases_userLoggedout" class="IntegrationTests.Tests.Payments.SendMoneyTest"/>
        <method signature="SendMoneyTest.verifySendMoneyCases_validAmount_viaContacts()[pri:0, instance:IntegrationTests.Tests.Payments.SendMoneyTest@180bc464]" name="verifySendMoneyCases_validAmount_viaContacts" class="IntegrationTests.Tests.Payments.SendMoneyTest"/>
        <method signature="SendMoneyTest.verifySendMoneyCases_validAmount_viaEmail()[pri:0, instance:IntegrationTests.Tests.Payments.SendMoneyTest@180bc464]" name="verifySendMoneyCases_validAmount_viaEmail" class="IntegrationTests.Tests.Payments.SendMoneyTest"/>
        <method signature="SendMoneyTest.verifySendMoneyCases_validAmount_viaMobile()[pri:0, instance:IntegrationTests.Tests.Payments.SendMoneyTest@180bc464]" name="verifySendMoneyCases_validAmount_viaMobile" class="IntegrationTests.Tests.Payments.SendMoneyTest"/>
        <method signature="SendMoneyTest.verifySendMoneyCases_viaContacts_Accepts()[pri:0, instance:IntegrationTests.Tests.Payments.SendMoneyTest@180bc464]" name="verifySendMoneyCases_viaContacts_Accepts" class="IntegrationTests.Tests.Payments.SendMoneyTest"/>
        <method signature="SendMoneyTest.verifySendMoneyCases_viaContacts_Cancels()[pri:0, instance:IntegrationTests.Tests.Payments.SendMoneyTest@180bc464]" name="verifySendMoneyCases_viaContacts_Cancels" class="IntegrationTests.Tests.Payments.SendMoneyTest"/>
        <method signature="SendMoneyTest.verifySendMoneyCases_viaEmail_Accepts()[pri:0, instance:IntegrationTests.Tests.Payments.SendMoneyTest@180bc464]" name="verifySendMoneyCases_viaEmail_Accepts" class="IntegrationTests.Tests.Payments.SendMoneyTest"/>
        <method signature="SendMoneyTest.verifySendMoneyCases_viaEmail_Cancels()[pri:0, instance:IntegrationTests.Tests.Payments.SendMoneyTest@180bc464]" name="verifySendMoneyCases_viaEmail_Cancels" class="IntegrationTests.Tests.Payments.SendMoneyTest"/>
        <method signature="SendMoneyTest.verifySendMoneyCases_viaInvalidEmail()[pri:0, instance:IntegrationTests.Tests.Payments.SendMoneyTest@180bc464]" name="verifySendMoneyCases_viaInvalidEmail" class="IntegrationTests.Tests.Payments.SendMoneyTest"/>
        <method signature="SendMoneyTest.verifySendMoneyCases_viaInvalidMobile()[pri:0, instance:IntegrationTests.Tests.Payments.SendMoneyTest@180bc464]" name="verifySendMoneyCases_viaInvalidMobile" class="IntegrationTests.Tests.Payments.SendMoneyTest"/>
        <method signature="SendMoneyTest.verifySendMoneyCases_viaMobile_Accepts()[pri:0, instance:IntegrationTests.Tests.Payments.SendMoneyTest@180bc464]" name="verifySendMoneyCases_viaMobile_Accepts" class="IntegrationTests.Tests.Payments.SendMoneyTest"/>
        <method signature="SendMoneyTest.verifySendMoneyCases_viaMobile_Cancels()[pri:0, instance:IntegrationTests.Tests.Payments.SendMoneyTest@180bc464]" name="verifySendMoneyCases_viaMobile_Cancels" class="IntegrationTests.Tests.Payments.SendMoneyTest"/>
        <method signature="SendMoneyTest.verifySendMoneyCases_viaMobile_Declines()[pri:0, instance:IntegrationTests.Tests.Payments.SendMoneyTest@180bc464]" name="verifySendMoneyCases_viaMobile_Declines" class="IntegrationTests.Tests.Payments.SendMoneyTest"/>
        <method signature="SendMoneyTest.verifySendMoneyCases_viaNon_existingEmail()[pri:0, instance:IntegrationTests.Tests.Payments.SendMoneyTest@180bc464]" name="verifySendMoneyCases_viaNon_existingEmail" class="IntegrationTests.Tests.Payments.SendMoneyTest"/>
        <method signature="SendMoneyTest.verifySendMoneyCases_viaNon_existingMobile()[pri:0, instance:IntegrationTests.Tests.Payments.SendMoneyTest@180bc464]" name="verifySendMoneyCases_viaNon_existingMobile" class="IntegrationTests.Tests.Payments.SendMoneyTest"/>
        <method signature="SendMoneyTest.verifySendMoneyCases_viaSelfEmail()[pri:0, instance:IntegrationTests.Tests.Payments.SendMoneyTest@180bc464]" name="verifySendMoneyCases_viaSelfEmail" class="IntegrationTests.Tests.Payments.SendMoneyTest"/>
        <method signature="SendMoneyTest.verifySendMoneyCases_viaSelfMobile()[pri:0, instance:IntegrationTests.Tests.Payments.SendMoneyTest@180bc464]" name="verifySendMoneyCases_viaSelfMobile" class="IntegrationTests.Tests.Payments.SendMoneyTest"/>
      </group> <!-- sanity -->
      <group name="prod_sanity">
        <method signature="AddMoneyTest.verifyAddMoney_debitCard()[pri:0, instance:IntegrationTests.Tests.Payments.AddMoneyTest@3567135c]" name="verifyAddMoney_debitCard" class="IntegrationTests.Tests.Payments.AddMoneyTest"/>
        <method signature="AddMoneyTest.verifyAddMoney_debitCard2()[pri:0, instance:IntegrationTests.Tests.Payments.AddMoneyTest@3567135c]" name="verifyAddMoney_debitCard2" class="IntegrationTests.Tests.Payments.AddMoneyTest"/>
        <method signature="AddMoneyTest.verifyAddMoney_deleteCard()[pri:0, instance:IntegrationTests.Tests.Payments.AddMoneyTest@3567135c]" name="verifyAddMoney_deleteCard" class="IntegrationTests.Tests.Payments.AddMoneyTest"/>
        <method signature="AddMoneyTest.verifyAddMoney_netBanking3()[pri:0, instance:IntegrationTests.Tests.Payments.AddMoneyTest@3567135c]" name="verifyAddMoney_netBanking3" class="IntegrationTests.Tests.Payments.AddMoneyTest"/>
        <method signature="AddMoneyTest.verifyAddMoney_savedCard()[pri:0, instance:IntegrationTests.Tests.Payments.AddMoneyTest@3567135c]" name="verifyAddMoney_savedCard" class="IntegrationTests.Tests.Payments.AddMoneyTest"/>
        <method signature="AddMoneyTest.verifyAddMoneywithPromo_debitCard()[pri:0, instance:IntegrationTests.Tests.Payments.AddMoneyTest@3567135c]" name="verifyAddMoneywithPromo_debitCard" class="IntegrationTests.Tests.Payments.AddMoneyTest"/>
        <method signature="HomeScreenTest.verifyWalletOffers_HomeScreen()[pri:0, instance:IntegrationTests.Tests.Payments.HomeScreenTest@47f6473]" name="verifyWalletOffers_HomeScreen" class="IntegrationTests.Tests.Payments.HomeScreenTest"/>
        <method signature="LoginTest.verifyForgotPasswordTest()[pri:0, instance:IntegrationTests.Tests.Payments.LoginTest@2d554825]" name="verifyForgotPasswordTest" class="IntegrationTests.Tests.Payments.LoginTest"/>
        <method signature="LoginTest.verifyLoginLogoutTest()[pri:0, instance:IntegrationTests.Tests.Payments.LoginTest@2d554825]" name="verifyLoginLogoutTest" class="IntegrationTests.Tests.Payments.LoginTest"/>
        <method signature="PaybackTest.payback_RedeemZeroPoints()[pri:0, instance:IntegrationTests.Tests.Payments.PaybackTest@2d3fcdbd]" name="payback_RedeemZeroPoints" class="IntegrationTests.Tests.Payments.PaybackTest"/>
        <method signature="Refer_EarnTest.refer_earnAmount()[pri:0, instance:IntegrationTests.Tests.Payments.Refer_EarnTest@1936f0f5]" name="refer_earnAmount" class="IntegrationTests.Tests.Payments.Refer_EarnTest"/>
        <method signature="RequestMoneyTest.verifyRequestMoneyCases_validAmount_viaMobile()[pri:0, instance:IntegrationTests.Tests.Payments.RequestMoneyTest@6537cf78]" name="verifyRequestMoneyCases_validAmount_viaMobile" class="IntegrationTests.Tests.Payments.RequestMoneyTest"/>
        <method signature="RequestMoneyTest.verifyRequestMoneyCases_viaMobile_Accepts()[pri:0, instance:IntegrationTests.Tests.Payments.RequestMoneyTest@6537cf78]" name="verifyRequestMoneyCases_viaMobile_Accepts" class="IntegrationTests.Tests.Payments.RequestMoneyTest"/>
        <method signature="RequestMoneyTest.verifyRequestMoneyCases_viaMobile_Cancels()[pri:0, instance:IntegrationTests.Tests.Payments.RequestMoneyTest@6537cf78]" name="verifyRequestMoneyCases_viaMobile_Cancels" class="IntegrationTests.Tests.Payments.RequestMoneyTest"/>
        <method signature="SavedConnectionsTest.verifySavedConnectionsFeatures()[pri:0, instance:IntegrationTests.Tests.Payments.SavedConnectionsTest@327471b5]" name="verifySavedConnectionsFeatures" class="IntegrationTests.Tests.Payments.SavedConnectionsTest"/>
        <method signature="SendMoneyTest.verifySendMoneyCases_validAmount_viaContacts()[pri:0, instance:IntegrationTests.Tests.Payments.SendMoneyTest@180bc464]" name="verifySendMoneyCases_validAmount_viaContacts" class="IntegrationTests.Tests.Payments.SendMoneyTest"/>
        <method signature="SendMoneyTest.verifySendMoneyCases_validAmount_viaMobile()[pri:0, instance:IntegrationTests.Tests.Payments.SendMoneyTest@180bc464]" name="verifySendMoneyCases_validAmount_viaMobile" class="IntegrationTests.Tests.Payments.SendMoneyTest"/>
        <method signature="SendMoneyTest.verifySendMoneyCases_viaMobile_Accepts()[pri:0, instance:IntegrationTests.Tests.Payments.SendMoneyTest@180bc464]" name="verifySendMoneyCases_viaMobile_Accepts" class="IntegrationTests.Tests.Payments.SendMoneyTest"/>
      </group> <!-- prod_sanity -->
      <group name="login">
        <method signature="LoginTest.verifyForgotPasswordTest()[pri:0, instance:IntegrationTests.Tests.Payments.LoginTest@2d554825]" name="verifyForgotPasswordTest" class="IntegrationTests.Tests.Payments.LoginTest"/>
        <method signature="LoginTest.verifyInvalidLoginTest()[pri:0, instance:IntegrationTests.Tests.Payments.LoginTest@2d554825]" name="verifyInvalidLoginTest" class="IntegrationTests.Tests.Payments.LoginTest"/>
        <method signature="LoginTest.verifyLoginLogoutTest()[pri:0, instance:IntegrationTests.Tests.Payments.LoginTest@2d554825]" name="verifyLoginLogoutTest" class="IntegrationTests.Tests.Payments.LoginTest"/>
      </group> <!-- login -->
      <group name="home">
        <method signature="HomeScreenTest.condition_LoggedIn()[pri:0, instance:IntegrationTests.Tests.Payments.HomeScreenTest@47f6473]" name="condition_LoggedIn" class="IntegrationTests.Tests.Payments.HomeScreenTest"/>
        <method signature="HomeScreenTest.condition_NonLoggedIn()[pri:0, instance:IntegrationTests.Tests.Payments.HomeScreenTest@47f6473]" name="condition_NonLoggedIn" class="IntegrationTests.Tests.Payments.HomeScreenTest"/>
        <method signature="HomeScreenTest.verifyWalletOffers_HomeScreen()[pri:0, instance:IntegrationTests.Tests.Payments.HomeScreenTest@47f6473]" name="verifyWalletOffers_HomeScreen" class="IntegrationTests.Tests.Payments.HomeScreenTest"/>
      </group> <!-- home -->
      <group name="sendMoney">
        <method signature="SendMoneyTest.verifySendMoneyCases_equalsZero_viaContacts()[pri:0, instance:IntegrationTests.Tests.Payments.SendMoneyTest@180bc464]" name="verifySendMoneyCases_equalsZero_viaContacts" class="IntegrationTests.Tests.Payments.SendMoneyTest"/>
        <method signature="SendMoneyTest.verifySendMoneyCases_equalsZero_viaEmail()[pri:0, instance:IntegrationTests.Tests.Payments.SendMoneyTest@180bc464]" name="verifySendMoneyCases_equalsZero_viaEmail" class="IntegrationTests.Tests.Payments.SendMoneyTest"/>
        <method signature="SendMoneyTest.verifySendMoneyCases_equalsZero_viaMobile()[pri:0, instance:IntegrationTests.Tests.Payments.SendMoneyTest@180bc464]" name="verifySendMoneyCases_equalsZero_viaMobile" class="IntegrationTests.Tests.Payments.SendMoneyTest"/>
        <method signature="SendMoneyTest.verifySendMoneyCases_insufficientWalletAmount_viaContacts()[pri:0, instance:IntegrationTests.Tests.Payments.SendMoneyTest@180bc464]" name="verifySendMoneyCases_insufficientWalletAmount_viaContacts" class="IntegrationTests.Tests.Payments.SendMoneyTest"/>
        <method signature="SendMoneyTest.verifySendMoneyCases_insufficientWalletAmount_viaEmail()[pri:0, instance:IntegrationTests.Tests.Payments.SendMoneyTest@180bc464]" name="verifySendMoneyCases_insufficientWalletAmount_viaEmail" class="IntegrationTests.Tests.Payments.SendMoneyTest"/>
        <method signature="SendMoneyTest.verifySendMoneyCases_insufficientWalletAmount_viaMobile()[pri:0, instance:IntegrationTests.Tests.Payments.SendMoneyTest@180bc464]" name="verifySendMoneyCases_insufficientWalletAmount_viaMobile" class="IntegrationTests.Tests.Payments.SendMoneyTest"/>
        <method signature="SendMoneyTest.verifySendMoneyCases_invalidAmount_viaContacts()[pri:0, instance:IntegrationTests.Tests.Payments.SendMoneyTest@180bc464]" name="verifySendMoneyCases_invalidAmount_viaContacts" class="IntegrationTests.Tests.Payments.SendMoneyTest"/>
        <method signature="SendMoneyTest.verifySendMoneyCases_invalidAmount_viaEmail()[pri:0, instance:IntegrationTests.Tests.Payments.SendMoneyTest@180bc464]" name="verifySendMoneyCases_invalidAmount_viaEmail" class="IntegrationTests.Tests.Payments.SendMoneyTest"/>
        <method signature="SendMoneyTest.verifySendMoneyCases_invalidAmount_viaMobile()[pri:0, instance:IntegrationTests.Tests.Payments.SendMoneyTest@180bc464]" name="verifySendMoneyCases_invalidAmount_viaMobile" class="IntegrationTests.Tests.Payments.SendMoneyTest"/>
        <method signature="SendMoneyTest.verifySendMoneyCases_userLoggedout()[pri:0, instance:IntegrationTests.Tests.Payments.SendMoneyTest@180bc464]" name="verifySendMoneyCases_userLoggedout" class="IntegrationTests.Tests.Payments.SendMoneyTest"/>
        <method signature="SendMoneyTest.verifySendMoneyCases_validAmount_viaContacts()[pri:0, instance:IntegrationTests.Tests.Payments.SendMoneyTest@180bc464]" name="verifySendMoneyCases_validAmount_viaContacts" class="IntegrationTests.Tests.Payments.SendMoneyTest"/>
        <method signature="SendMoneyTest.verifySendMoneyCases_validAmount_viaEmail()[pri:0, instance:IntegrationTests.Tests.Payments.SendMoneyTest@180bc464]" name="verifySendMoneyCases_validAmount_viaEmail" class="IntegrationTests.Tests.Payments.SendMoneyTest"/>
        <method signature="SendMoneyTest.verifySendMoneyCases_validAmount_viaMobile()[pri:0, instance:IntegrationTests.Tests.Payments.SendMoneyTest@180bc464]" name="verifySendMoneyCases_validAmount_viaMobile" class="IntegrationTests.Tests.Payments.SendMoneyTest"/>
        <method signature="SendMoneyTest.verifySendMoneyCases_viaContacts_Accepts()[pri:0, instance:IntegrationTests.Tests.Payments.SendMoneyTest@180bc464]" name="verifySendMoneyCases_viaContacts_Accepts" class="IntegrationTests.Tests.Payments.SendMoneyTest"/>
        <method signature="SendMoneyTest.verifySendMoneyCases_viaContacts_Cancels()[pri:0, instance:IntegrationTests.Tests.Payments.SendMoneyTest@180bc464]" name="verifySendMoneyCases_viaContacts_Cancels" class="IntegrationTests.Tests.Payments.SendMoneyTest"/>
        <method signature="SendMoneyTest.verifySendMoneyCases_viaEmail_Accepts()[pri:0, instance:IntegrationTests.Tests.Payments.SendMoneyTest@180bc464]" name="verifySendMoneyCases_viaEmail_Accepts" class="IntegrationTests.Tests.Payments.SendMoneyTest"/>
        <method signature="SendMoneyTest.verifySendMoneyCases_viaEmail_Cancels()[pri:0, instance:IntegrationTests.Tests.Payments.SendMoneyTest@180bc464]" name="verifySendMoneyCases_viaEmail_Cancels" class="IntegrationTests.Tests.Payments.SendMoneyTest"/>
        <method signature="SendMoneyTest.verifySendMoneyCases_viaInvalidEmail()[pri:0, instance:IntegrationTests.Tests.Payments.SendMoneyTest@180bc464]" name="verifySendMoneyCases_viaInvalidEmail" class="IntegrationTests.Tests.Payments.SendMoneyTest"/>
        <method signature="SendMoneyTest.verifySendMoneyCases_viaInvalidMobile()[pri:0, instance:IntegrationTests.Tests.Payments.SendMoneyTest@180bc464]" name="verifySendMoneyCases_viaInvalidMobile" class="IntegrationTests.Tests.Payments.SendMoneyTest"/>
        <method signature="SendMoneyTest.verifySendMoneyCases_viaMobile_Accepts()[pri:0, instance:IntegrationTests.Tests.Payments.SendMoneyTest@180bc464]" name="verifySendMoneyCases_viaMobile_Accepts" class="IntegrationTests.Tests.Payments.SendMoneyTest"/>
        <method signature="SendMoneyTest.verifySendMoneyCases_viaMobile_Cancels()[pri:0, instance:IntegrationTests.Tests.Payments.SendMoneyTest@180bc464]" name="verifySendMoneyCases_viaMobile_Cancels" class="IntegrationTests.Tests.Payments.SendMoneyTest"/>
        <method signature="SendMoneyTest.verifySendMoneyCases_viaMobile_Declines()[pri:0, instance:IntegrationTests.Tests.Payments.SendMoneyTest@180bc464]" name="verifySendMoneyCases_viaMobile_Declines" class="IntegrationTests.Tests.Payments.SendMoneyTest"/>
        <method signature="SendMoneyTest.verifySendMoneyCases_viaNon_existingEmail()[pri:0, instance:IntegrationTests.Tests.Payments.SendMoneyTest@180bc464]" name="verifySendMoneyCases_viaNon_existingEmail" class="IntegrationTests.Tests.Payments.SendMoneyTest"/>
        <method signature="SendMoneyTest.verifySendMoneyCases_viaNon_existingMobile()[pri:0, instance:IntegrationTests.Tests.Payments.SendMoneyTest@180bc464]" name="verifySendMoneyCases_viaNon_existingMobile" class="IntegrationTests.Tests.Payments.SendMoneyTest"/>
        <method signature="SendMoneyTest.verifySendMoneyCases_viaSelfEmail()[pri:0, instance:IntegrationTests.Tests.Payments.SendMoneyTest@180bc464]" name="verifySendMoneyCases_viaSelfEmail" class="IntegrationTests.Tests.Payments.SendMoneyTest"/>
        <method signature="SendMoneyTest.verifySendMoneyCases_viaSelfMobile()[pri:0, instance:IntegrationTests.Tests.Payments.SendMoneyTest@180bc464]" name="verifySendMoneyCases_viaSelfMobile" class="IntegrationTests.Tests.Payments.SendMoneyTest"/>
      </group> <!-- sendMoney -->
      <group name="help">
        <method signature="HelpTest.checkFeatures()[pri:0, instance:IntegrationTests.Tests.Payments.HelpTest@3a03464]" name="checkFeatures" class="IntegrationTests.Tests.Payments.HelpTest"/>
        <method signature="HelpTest.check_ReolvedQuery()[pri:0, instance:IntegrationTests.Tests.Payments.HelpTest@3a03464]" name="check_ReolvedQuery" class="IntegrationTests.Tests.Payments.HelpTest"/>
        <method signature="HelpTest.check_UserLoggedout_ReolvedQuery()[pri:0, instance:IntegrationTests.Tests.Payments.HelpTest@3a03464]" name="check_UserLoggedout_ReolvedQuery" class="IntegrationTests.Tests.Payments.HelpTest"/>
        <method signature="HelpTest.check_otherfeature()[pri:0, instance:IntegrationTests.Tests.Payments.HelpTest@3a03464]" name="check_otherfeature" class="IntegrationTests.Tests.Payments.HelpTest"/>
        <method signature="HelpTest.check_resolvedtopquestions()[pri:0, instance:IntegrationTests.Tests.Payments.HelpTest@3a03464]" name="check_resolvedtopquestions" class="IntegrationTests.Tests.Payments.HelpTest"/>
        <method signature="HelpTest.check_unresolvedtopquestions()[pri:0, instance:IntegrationTests.Tests.Payments.HelpTest@3a03464]" name="check_unresolvedtopquestions" class="IntegrationTests.Tests.Payments.HelpTest"/>
        <method signature="HelpTest.check_userLoggedOut()[pri:0, instance:IntegrationTests.Tests.Payments.HelpTest@3a03464]" name="check_userLoggedOut" class="IntegrationTests.Tests.Payments.HelpTest"/>
        <method signature="HelpTest.check_viewtopsolutions()[pri:0, instance:IntegrationTests.Tests.Payments.HelpTest@3a03464]" name="check_viewtopsolutions" class="IntegrationTests.Tests.Payments.HelpTest"/>
        <method signature="HelpTest.verifying_CategoryResolved()[pri:0, instance:IntegrationTests.Tests.Payments.HelpTest@3a03464]" name="verifying_CategoryResolved" class="IntegrationTests.Tests.Payments.HelpTest"/>
        <method signature="HelpTest.verifying_CategoryResolved_userLoggedOut()[pri:0, instance:IntegrationTests.Tests.Payments.HelpTest@3a03464]" name="verifying_CategoryResolved_userLoggedOut" class="IntegrationTests.Tests.Payments.HelpTest"/>
        <method signature="HelpTest.verifying_CategoryUnresolved()[pri:0, instance:IntegrationTests.Tests.Payments.HelpTest@3a03464]" name="verifying_CategoryUnresolved" class="IntegrationTests.Tests.Payments.HelpTest"/>
        <method signature="HelpTest.verifying_FAQ_Categories()[pri:0, instance:IntegrationTests.Tests.Payments.HelpTest@3a03464]" name="verifying_FAQ_Categories" class="IntegrationTests.Tests.Payments.HelpTest"/>
      </group> <!-- help -->
      <group name="security">
        <method signature="SecurityTest.changing_PIN()[pri:0, instance:IntegrationTests.Tests.Payments.SecurityTest@90f6bfd]" name="changing_PIN" class="IntegrationTests.Tests.Payments.SecurityTest"/>
        <method signature="SecurityTest.disablePIN()[pri:0, instance:IntegrationTests.Tests.Payments.SecurityTest@90f6bfd]" name="disablePIN" class="IntegrationTests.Tests.Payments.SecurityTest"/>
        <method signature="SecurityTest.enablePIN()[pri:0, instance:IntegrationTests.Tests.Payments.SecurityTest@90f6bfd]" name="enablePIN" class="IntegrationTests.Tests.Payments.SecurityTest"/>
        <method signature="SecurityTest.enablePIN_contacts()[pri:0, instance:IntegrationTests.Tests.Payments.SecurityTest@90f6bfd]" name="enablePIN_contacts" class="IntegrationTests.Tests.Payments.SecurityTest"/>
        <method signature="SecurityTest.forgot_Pin()[pri:0, instance:IntegrationTests.Tests.Payments.SecurityTest@90f6bfd]" name="forgot_Pin" class="IntegrationTests.Tests.Payments.SecurityTest"/>
        <method signature="SecurityTest.invalid_incorrectPIN()[pri:0, instance:IntegrationTests.Tests.Payments.SecurityTest@90f6bfd]" name="invalid_incorrectPIN" class="IntegrationTests.Tests.Payments.SecurityTest"/>
        <method signature="SecurityTest.verifyRemoteWipe()[pri:0, instance:IntegrationTests.Tests.Payments.SecurityTest@90f6bfd]" name="verifyRemoteWipe" class="IntegrationTests.Tests.Payments.SecurityTest"/>
        <method signature="SecurityTest.verify_disablePinPayment()[pri:0, instance:IntegrationTests.Tests.Payments.SecurityTest@90f6bfd]" name="verify_disablePinPayment" class="IntegrationTests.Tests.Payments.SecurityTest"/>
        <method signature="SecurityTest.verify_enablePinPayment()[pri:0, instance:IntegrationTests.Tests.Payments.SecurityTest@90f6bfd]" name="verify_enablePinPayment" class="IntegrationTests.Tests.Payments.SecurityTest"/>
        <method signature="SecurityTest.verify_forgotPassword_Recharges()[pri:0, instance:IntegrationTests.Tests.Payments.SecurityTest@90f6bfd]" name="verify_forgotPassword_Recharges" class="IntegrationTests.Tests.Payments.SecurityTest"/>
        <method signature="SecurityTest.verify_invalidPin()[pri:0, instance:IntegrationTests.Tests.Payments.SecurityTest@90f6bfd]" name="verify_invalidPin" class="IntegrationTests.Tests.Payments.SecurityTest"/>
      </group> <!-- security -->
      <group name="web">
        <method signature="LoginTest.verifyLoginLogoutTest()[pri:0, instance:IntegrationTests.Tests.Payments.LoginTest@2d554825]" name="verifyLoginLogoutTest" class="IntegrationTests.Tests.Payments.LoginTest"/>
      </group> <!-- web -->
      <group name="cashpickup">
        <method signature="CashpickupTest.getCashpickup()[pri:0, instance:IntegrationTests.Tests.Payments.CashpickupTest@6be46e8f]" name="getCashpickup" class="IntegrationTests.Tests.Payments.CashpickupTest"/>
        <method signature="CashpickupTest.locationserviceDisabled()[pri:0, instance:IntegrationTests.Tests.Payments.CashpickupTest@6be46e8f]" name="locationserviceDisabled" class="IntegrationTests.Tests.Payments.CashpickupTest"/>
        <method signature="CashpickupTest.locationserviceEnable()[pri:0, instance:IntegrationTests.Tests.Payments.CashpickupTest@6be46e8f]" name="locationserviceEnable" class="IntegrationTests.Tests.Payments.CashpickupTest"/>
        <method signature="CashpickupTest.loggedoutCashpickup()[pri:0, instance:IntegrationTests.Tests.Payments.CashpickupTest@6be46e8f]" name="loggedoutCashpickup" class="IntegrationTests.Tests.Payments.CashpickupTest"/>
      </group> <!-- cashpickup -->
      <group name="imps">
        <method signature="ImpsTest.checkImps()[pri:0, instance:IntegrationTests.Tests.Payments.ImpsTest@4909b8da]" name="checkImps" class="IntegrationTests.Tests.Payments.ImpsTest"/>
        <method signature="ImpsTest.checkImpsFields()[pri:0, instance:IntegrationTests.Tests.Payments.ImpsTest@4909b8da]" name="checkImpsFields" class="IntegrationTests.Tests.Payments.ImpsTest"/>
      </group> <!-- imps -->
      <group name="payback">
        <method signature="PaybackTest.payback_RedeemAllPoints()[pri:0, instance:IntegrationTests.Tests.Payments.PaybackTest@2d3fcdbd]" name="payback_RedeemAllPoints" class="IntegrationTests.Tests.Payments.PaybackTest"/>
        <method signature="PaybackTest.payback_RedeemLimitedPoints()[pri:0, instance:IntegrationTests.Tests.Payments.PaybackTest@2d3fcdbd]" name="payback_RedeemLimitedPoints" class="IntegrationTests.Tests.Payments.PaybackTest"/>
        <method signature="PaybackTest.payback_RedeemZeroPoints()[pri:0, instance:IntegrationTests.Tests.Payments.PaybackTest@2d3fcdbd]" name="payback_RedeemZeroPoints" class="IntegrationTests.Tests.Payments.PaybackTest"/>
        <method signature="PaybackTest.payback_checkNotification()[pri:0, instance:IntegrationTests.Tests.Payments.PaybackTest@2d3fcdbd]" name="payback_checkNotification" class="IntegrationTests.Tests.Payments.PaybackTest"/>
        <method signature="PaybackTest.payback_checkNotificationLoggedOut()[pri:0, instance:IntegrationTests.Tests.Payments.PaybackTest@2d3fcdbd]" name="payback_checkNotificationLoggedOut" class="IntegrationTests.Tests.Payments.PaybackTest"/>
      </group> <!-- payback -->
      <group name="harsimran">
        <method signature="LoginTest.verifyLoginLogoutTest()[pri:0, instance:IntegrationTests.Tests.Payments.LoginTest@2d554825]" name="verifyLoginLogoutTest" class="IntegrationTests.Tests.Payments.LoginTest"/>
      </group> <!-- harsimran -->
      <group name="myAccount">
        <method signature="MyaccountTest.checkFeatures()[pri:0, instance:IntegrationTests.Tests.Payments.MyaccountTest@614c5515]" name="checkFeatures" class="IntegrationTests.Tests.Payments.MyaccountTest"/>
        <method signature="MyaccountTest.checkMyaccount()[pri:0, instance:IntegrationTests.Tests.Payments.MyaccountTest@614c5515]" name="checkMyaccount" class="IntegrationTests.Tests.Payments.MyaccountTest"/>
      </group> <!-- myAccount -->
      <group name="savedConnections">
        <method signature="SavedConnectionsTest.verifySavedConnectionsFeatures()[pri:0, instance:IntegrationTests.Tests.Payments.SavedConnectionsTest@327471b5]" name="verifySavedConnectionsFeatures" class="IntegrationTests.Tests.Payments.SavedConnectionsTest"/>
      </group> <!-- savedConnections -->
      <group name="misc">
        <method signature="MiscellaneousTest.verifyNotification()[pri:0, instance:IntegrationTests.Tests.Payments.MiscellaneousTest@77b52d12]" name="verifyNotification" class="IntegrationTests.Tests.Payments.MiscellaneousTest"/>
        <method signature="MiscellaneousTest.verify_AboutUs()[pri:0, instance:IntegrationTests.Tests.Payments.MiscellaneousTest@77b52d12]" name="verify_AboutUs" class="IntegrationTests.Tests.Payments.MiscellaneousTest"/>
      </group> <!-- misc -->
      <group name="requestMoney">
        <method signature="RequestMoneyTest.verifyRequestMoneyCases_equalsZero_viaContacts()[pri:0, instance:IntegrationTests.Tests.Payments.RequestMoneyTest@6537cf78]" name="verifyRequestMoneyCases_equalsZero_viaContacts" class="IntegrationTests.Tests.Payments.RequestMoneyTest"/>
        <method signature="RequestMoneyTest.verifyRequestMoneyCases_equalsZero_viaEmail()[pri:0, instance:IntegrationTests.Tests.Payments.RequestMoneyTest@6537cf78]" name="verifyRequestMoneyCases_equalsZero_viaEmail" class="IntegrationTests.Tests.Payments.RequestMoneyTest"/>
        <method signature="RequestMoneyTest.verifyRequestMoneyCases_equalsZero_viaMobile()[pri:0, instance:IntegrationTests.Tests.Payments.RequestMoneyTest@6537cf78]" name="verifyRequestMoneyCases_equalsZero_viaMobile" class="IntegrationTests.Tests.Payments.RequestMoneyTest"/>
        <method signature="RequestMoneyTest.verifyRequestMoneyCases_invalidAmount_viaContacts()[pri:0, instance:IntegrationTests.Tests.Payments.RequestMoneyTest@6537cf78]" name="verifyRequestMoneyCases_invalidAmount_viaContacts" class="IntegrationTests.Tests.Payments.RequestMoneyTest"/>
        <method signature="RequestMoneyTest.verifyRequestMoneyCases_invalidAmount_viaEmail()[pri:0, instance:IntegrationTests.Tests.Payments.RequestMoneyTest@6537cf78]" name="verifyRequestMoneyCases_invalidAmount_viaEmail" class="IntegrationTests.Tests.Payments.RequestMoneyTest"/>
        <method signature="RequestMoneyTest.verifyRequestMoneyCases_invalidAmount_viaMobile()[pri:0, instance:IntegrationTests.Tests.Payments.RequestMoneyTest@6537cf78]" name="verifyRequestMoneyCases_invalidAmount_viaMobile" class="IntegrationTests.Tests.Payments.RequestMoneyTest"/>
        <method signature="RequestMoneyTest.verifyRequestMoneyCases_topupLimitReached_viaContacts()[pri:0, instance:IntegrationTests.Tests.Payments.RequestMoneyTest@6537cf78]" name="verifyRequestMoneyCases_topupLimitReached_viaContacts" class="IntegrationTests.Tests.Payments.RequestMoneyTest"/>
        <method signature="RequestMoneyTest.verifyRequestMoneyCases_topupLimitReached_viaMobile()[pri:0, instance:IntegrationTests.Tests.Payments.RequestMoneyTest@6537cf78]" name="verifyRequestMoneyCases_topupLimitReached_viaMobile" class="IntegrationTests.Tests.Payments.RequestMoneyTest"/>
        <method signature="RequestMoneyTest.verifyRequestMoneyCases_userLoggedout()[pri:0, instance:IntegrationTests.Tests.Payments.RequestMoneyTest@6537cf78]" name="verifyRequestMoneyCases_userLoggedout" class="IntegrationTests.Tests.Payments.RequestMoneyTest"/>
        <method signature="RequestMoneyTest.verifyRequestMoneyCases_validAmount_viaContacts()[pri:0, instance:IntegrationTests.Tests.Payments.RequestMoneyTest@6537cf78]" name="verifyRequestMoneyCases_validAmount_viaContacts" class="IntegrationTests.Tests.Payments.RequestMoneyTest"/>
        <method signature="RequestMoneyTest.verifyRequestMoneyCases_validAmount_viaEmail()[pri:0, instance:IntegrationTests.Tests.Payments.RequestMoneyTest@6537cf78]" name="verifyRequestMoneyCases_validAmount_viaEmail" class="IntegrationTests.Tests.Payments.RequestMoneyTest"/>
        <method signature="RequestMoneyTest.verifyRequestMoneyCases_validAmount_viaMobile()[pri:0, instance:IntegrationTests.Tests.Payments.RequestMoneyTest@6537cf78]" name="verifyRequestMoneyCases_validAmount_viaMobile" class="IntegrationTests.Tests.Payments.RequestMoneyTest"/>
        <method signature="RequestMoneyTest.verifyRequestMoneyCases_viaContacts_Accepts()[pri:0, instance:IntegrationTests.Tests.Payments.RequestMoneyTest@6537cf78]" name="verifyRequestMoneyCases_viaContacts_Accepts" class="IntegrationTests.Tests.Payments.RequestMoneyTest"/>
        <method signature="RequestMoneyTest.verifyRequestMoneyCases_viaContacts_Cancels()[pri:0, instance:IntegrationTests.Tests.Payments.RequestMoneyTest@6537cf78]" name="verifyRequestMoneyCases_viaContacts_Cancels" class="IntegrationTests.Tests.Payments.RequestMoneyTest"/>
        <method signature="RequestMoneyTest.verifyRequestMoneyCases_viaEmail_Accepts()[pri:0, instance:IntegrationTests.Tests.Payments.RequestMoneyTest@6537cf78]" name="verifyRequestMoneyCases_viaEmail_Accepts" class="IntegrationTests.Tests.Payments.RequestMoneyTest"/>
        <method signature="RequestMoneyTest.verifyRequestMoneyCases_viaEmail_Cancels()[pri:0, instance:IntegrationTests.Tests.Payments.RequestMoneyTest@6537cf78]" name="verifyRequestMoneyCases_viaEmail_Cancels" class="IntegrationTests.Tests.Payments.RequestMoneyTest"/>
        <method signature="RequestMoneyTest.verifyRequestMoneyCases_viaInvalidEmail()[pri:0, instance:IntegrationTests.Tests.Payments.RequestMoneyTest@6537cf78]" name="verifyRequestMoneyCases_viaInvalidEmail" class="IntegrationTests.Tests.Payments.RequestMoneyTest"/>
        <method signature="RequestMoneyTest.verifyRequestMoneyCases_viaInvalidMobile()[pri:0, instance:IntegrationTests.Tests.Payments.RequestMoneyTest@6537cf78]" name="verifyRequestMoneyCases_viaInvalidMobile" class="IntegrationTests.Tests.Payments.RequestMoneyTest"/>
        <method signature="RequestMoneyTest.verifyRequestMoneyCases_viaMobile_Accepts()[pri:0, instance:IntegrationTests.Tests.Payments.RequestMoneyTest@6537cf78]" name="verifyRequestMoneyCases_viaMobile_Accepts" class="IntegrationTests.Tests.Payments.RequestMoneyTest"/>
        <method signature="RequestMoneyTest.verifyRequestMoneyCases_viaMobile_Cancels()[pri:0, instance:IntegrationTests.Tests.Payments.RequestMoneyTest@6537cf78]" name="verifyRequestMoneyCases_viaMobile_Cancels" class="IntegrationTests.Tests.Payments.RequestMoneyTest"/>
        <method signature="RequestMoneyTest.verifyRequestMoneyCases_viaNon_existingEmail()[pri:0, instance:IntegrationTests.Tests.Payments.RequestMoneyTest@6537cf78]" name="verifyRequestMoneyCases_viaNon_existingEmail" class="IntegrationTests.Tests.Payments.RequestMoneyTest"/>
        <method signature="RequestMoneyTest.verifyRequestMoneyCases_viaNon_existingMobile()[pri:0, instance:IntegrationTests.Tests.Payments.RequestMoneyTest@6537cf78]" name="verifyRequestMoneyCases_viaNon_existingMobile" class="IntegrationTests.Tests.Payments.RequestMoneyTest"/>
        <method signature="RequestMoneyTest.verifyRequestMoneyCases_viaSelfEmail()[pri:0, instance:IntegrationTests.Tests.Payments.RequestMoneyTest@6537cf78]" name="verifyRequestMoneyCases_viaSelfEmail" class="IntegrationTests.Tests.Payments.RequestMoneyTest"/>
        <method signature="RequestMoneyTest.verifyRequestMoneyCases_viaSelfMobile()[pri:0, instance:IntegrationTests.Tests.Payments.RequestMoneyTest@6537cf78]" name="verifyRequestMoneyCases_viaSelfMobile" class="IntegrationTests.Tests.Payments.RequestMoneyTest"/>
        <method signature="RequestMoneyTest.verifySendMoneyCases_topupLimitReached_viaEmail()[pri:0, instance:IntegrationTests.Tests.Payments.RequestMoneyTest@6537cf78]" name="verifySendMoneyCases_topupLimitReached_viaEmail" class="IntegrationTests.Tests.Payments.RequestMoneyTest"/>
      </group> <!-- requestMoney -->
    </groups>
    <test name="Mobikwik Automation Tests" duration-ms="207" started-at="2015-07-07T16:32:03Z" finished-at="2015-07-07T16:32:03Z">
      <class name="IntegrationTests.Tests.Payments.ImpsTest">
        <test-method status="SKIP" signature="createDriver(java.lang.String, java.lang.String, java.lang.String, boolean, java.lang.String)[pri:0, instance:IntegrationTests.Tests.Payments.ImpsTest@4909b8da]" name="createDriver" is-config="true" duration-ms="0" started-at="2015-07-07T22:02:03Z" finished-at="2015-07-07T22:02:03Z">
          <reporter-output>
          </reporter-output>
        </test-method> <!-- createDriver -->
        <test-method status="SKIP" signature="checkImps()[pri:0, instance:IntegrationTests.Tests.Payments.ImpsTest@4909b8da]" name="checkImps" duration-ms="0" started-at="2015-07-07T22:02:03Z" finished-at="2015-07-07T22:02:03Z">
          <reporter-output>
          </reporter-output>
        </test-method> <!-- checkImps -->
        <test-method status="SKIP" signature="createDriver(java.lang.String, java.lang.String, java.lang.String, boolean, java.lang.String)[pri:0, instance:IntegrationTests.Tests.Payments.ImpsTest@4909b8da]" name="createDriver" is-config="true" duration-ms="0" started-at="2015-07-07T22:02:03Z" finished-at="2015-07-07T22:02:03Z">
          <reporter-output>
          </reporter-output>
        </test-method> <!-- createDriver -->
        <test-method status="FAIL" signature="teardown()[pri:0, instance:IntegrationTests.Tests.Payments.ImpsTest@4909b8da]" name="teardown" is-config="true" duration-ms="0" started-at="2015-07-07T22:02:03Z" finished-at="2015-07-07T22:02:03Z">
          <exception class="java.lang.NullPointerException">
            <full-stacktrace>
              <![CDATA[java.lang.NullPointerException
	at UITestFramework.CreateSession.teardown(Unknown Source)
	at sun.reflect.GeneratedMethodAccessor1.invoke(Unknown Source)
	at sun.reflect.DelegatingMethodAccessorImpl.invoke(DelegatingMethodAccessorImpl.java:43)
	at java.lang.reflect.Method.invoke(Method.java:497)
	at org.testng.internal.MethodInvocationHelper.invokeMethod(MethodInvocationHelper.java:84)
	at org.testng.internal.Invoker.invokeConfigurationMethod(Invoker.java:564)
	at org.testng.internal.Invoker.invokeConfigurations(Invoker.java:213)
	at org.testng.internal.Invoker.invokeMethod(Invoker.java:786)
	at org.testng.internal.Invoker.invokeTestMethod(Invoker.java:901)
	at org.testng.internal.Invoker.invokeTestMethods(Invoker.java:1231)
	at org.testng.internal.TestMethodWorker.invokeTestMethods(TestMethodWorker.java:127)
	at org.testng.internal.TestMethodWorker.run(TestMethodWorker.java:111)
	at org.testng.TestRunner.privateRun(TestRunner.java:767)
	at org.testng.TestRunner.run(TestRunner.java:617)
	at org.testng.SuiteRunner.runTest(SuiteRunner.java:334)
	at org.testng.SuiteRunner.runSequentially(SuiteRunner.java:329)
	at org.testng.SuiteRunner.privateRun(SuiteRunner.java:291)
	at org.testng.SuiteRunner.run(SuiteRunner.java:240)
	at org.testng.SuiteRunnerWorker.runSuite(SuiteRunnerWorker.java:52)
	at org.testng.SuiteRunnerWorker.run(SuiteRunnerWorker.java:86)
	at org.testng.TestNG.runSuitesSequentially(TestNG.java:1224)
	at org.testng.TestNG.runSuitesLocally(TestNG.java:1149)
	at org.testng.TestNG.run(TestNG.java:1057)
	at org.testng.TestNG.privateMain(TestNG.java:1364)
	at org.testng.TestNG.main(TestNG.java:1333)
]]>
            </full-stacktrace>
          </exception> <!-- java.lang.NullPointerException -->
          <reporter-output>
          </reporter-output>
        </test-method> <!-- teardown -->
        <test-method status="SKIP" signature="instantiateHelpers(java.lang.String)[pri:0, instance:IntegrationTests.Tests.Payments.ImpsTest@4909b8da]" name="instantiateHelpers" is-config="true" duration-ms="0" started-at="2015-07-07T22:02:03Z" finished-at="2015-07-07T22:02:03Z">
          <reporter-output>
          </reporter-output>
        </test-method> <!-- instantiateHelpers -->
        <test-method status="SKIP" signature="instantiateHelpers(java.lang.String)[pri:0, instance:IntegrationTests.Tests.Payments.ImpsTest@4909b8da]" name="instantiateHelpers" is-config="true" duration-ms="0" started-at="2015-07-07T22:02:03Z" finished-at="2015-07-07T22:02:03Z">
          <reporter-output>
          </reporter-output>
        </test-method> <!-- instantiateHelpers -->
        <test-method status="SKIP" signature="checkImpsFields()[pri:0, instance:IntegrationTests.Tests.Payments.ImpsTest@4909b8da]" name="checkImpsFields" duration-ms="1" started-at="2015-07-07T22:02:03Z" finished-at="2015-07-07T22:02:03Z">
          <reporter-output>
          </reporter-output>
        </test-method> <!-- checkImpsFields -->
        <test-method status="FAIL" signature="teardown()[pri:0, instance:IntegrationTests.Tests.Payments.ImpsTest@4909b8da]" name="teardown" is-config="true" duration-ms="0" started-at="2015-07-07T22:02:03Z" finished-at="2015-07-07T22:02:03Z">
          <exception class="java.lang.NullPointerException">
            <full-stacktrace>
              <![CDATA[java.lang.NullPointerException
	at UITestFramework.CreateSession.teardown(Unknown Source)
	at sun.reflect.GeneratedMethodAccessor1.invoke(Unknown Source)
	at sun.reflect.DelegatingMethodAccessorImpl.invoke(DelegatingMethodAccessorImpl.java:43)
	at java.lang.reflect.Method.invoke(Method.java:497)
	at org.testng.internal.MethodInvocationHelper.invokeMethod(MethodInvocationHelper.java:84)
	at org.testng.internal.Invoker.invokeConfigurationMethod(Invoker.java:564)
	at org.testng.internal.Invoker.invokeConfigurations(Invoker.java:213)
	at org.testng.internal.Invoker.invokeMethod(Invoker.java:786)
	at org.testng.internal.Invoker.invokeTestMethod(Invoker.java:901)
	at org.testng.internal.Invoker.invokeTestMethods(Invoker.java:1231)
	at org.testng.internal.TestMethodWorker.invokeTestMethods(TestMethodWorker.java:127)
	at org.testng.internal.TestMethodWorker.run(TestMethodWorker.java:111)
	at org.testng.TestRunner.privateRun(TestRunner.java:767)
	at org.testng.TestRunner.run(TestRunner.java:617)
	at org.testng.SuiteRunner.runTest(SuiteRunner.java:334)
	at org.testng.SuiteRunner.runSequentially(SuiteRunner.java:329)
	at org.testng.SuiteRunner.privateRun(SuiteRunner.java:291)
	at org.testng.SuiteRunner.run(SuiteRunner.java:240)
	at org.testng.SuiteRunnerWorker.runSuite(SuiteRunnerWorker.java:52)
	at org.testng.SuiteRunnerWorker.run(SuiteRunnerWorker.java:86)
	at org.testng.TestNG.runSuitesSequentially(TestNG.java:1224)
	at org.testng.TestNG.runSuitesLocally(TestNG.java:1149)
	at org.testng.TestNG.run(TestNG.java:1057)
	at org.testng.TestNG.privateMain(TestNG.java:1364)
	at org.testng.TestNG.main(TestNG.java:1333)
]]>
            </full-stacktrace>
          </exception> <!-- java.lang.NullPointerException -->
          <reporter-output>
          </reporter-output>
        </test-method> <!-- teardown -->
      </class> <!-- IntegrationTests.Tests.Payments.ImpsTest -->
      <class name="IntegrationTests.Tests.Payments.SendMoneyTest">
        <test-method status="SKIP" signature="instantiateHelpers(java.lang.String, java.lang.String)[pri:0, instance:IntegrationTests.Tests.Payments.SendMoneyTest@180bc464]" name="instantiateHelpers" is-config="true" duration-ms="0" started-at="2015-07-07T22:02:03Z" finished-at="2015-07-07T22:02:03Z">
          <reporter-output>
          </reporter-output>
        </test-method> <!-- instantiateHelpers -->
        <test-method status="SKIP" signature="createDriver(java.lang.String, java.lang.String, java.lang.String, boolean, java.lang.String)[pri:0, instance:IntegrationTests.Tests.Payments.SendMoneyTest@180bc464]" name="createDriver" is-config="true" duration-ms="0" started-at="2015-07-07T22:02:03Z" finished-at="2015-07-07T22:02:03Z">
          <reporter-output>
          </reporter-output>
        </test-method> <!-- createDriver -->
        <test-method status="SKIP" signature="verifySendMoneyCases_equalsZero_viaContacts()[pri:0, instance:IntegrationTests.Tests.Payments.SendMoneyTest@180bc464]" name="verifySendMoneyCases_equalsZero_viaContacts" duration-ms="0" started-at="2015-07-07T22:02:03Z" finished-at="2015-07-07T22:02:03Z">
          <reporter-output>
          </reporter-output>
        </test-method> <!-- verifySendMoneyCases_equalsZero_viaContacts -->
        <test-method status="SKIP" signature="createDriver(java.lang.String, java.lang.String, java.lang.String, boolean, java.lang.String)[pri:0, instance:IntegrationTests.Tests.Payments.SendMoneyTest@180bc464]" name="createDriver" is-config="true" duration-ms="0" started-at="2015-07-07T22:02:03Z" finished-at="2015-07-07T22:02:03Z">
          <reporter-output>
          </reporter-output>
        </test-method> <!-- createDriver -->
        <test-method status="FAIL" signature="teardown()[pri:0, instance:IntegrationTests.Tests.Payments.SendMoneyTest@180bc464]" name="teardown" is-config="true" duration-ms="0" started-at="2015-07-07T22:02:03Z" finished-at="2015-07-07T22:02:03Z">
          <exception class="java.lang.NullPointerException">
            <full-stacktrace>
              <![CDATA[java.lang.NullPointerException
	at UITestFramework.CreateSession.teardown(Unknown Source)
	at sun.reflect.GeneratedMethodAccessor1.invoke(Unknown Source)
	at sun.reflect.DelegatingMethodAccessorImpl.invoke(DelegatingMethodAccessorImpl.java:43)
	at java.lang.reflect.Method.invoke(Method.java:497)
	at org.testng.internal.MethodInvocationHelper.invokeMethod(MethodInvocationHelper.java:84)
	at org.testng.internal.Invoker.invokeConfigurationMethod(Invoker.java:564)
	at org.testng.internal.Invoker.invokeConfigurations(Invoker.java:213)
	at org.testng.internal.Invoker.invokeMethod(Invoker.java:786)
	at org.testng.internal.Invoker.invokeTestMethod(Invoker.java:901)
	at org.testng.internal.Invoker.invokeTestMethods(Invoker.java:1231)
	at org.testng.internal.TestMethodWorker.invokeTestMethods(TestMethodWorker.java:127)
	at org.testng.internal.TestMethodWorker.run(TestMethodWorker.java:111)
	at org.testng.TestRunner.privateRun(TestRunner.java:767)
	at org.testng.TestRunner.run(TestRunner.java:617)
	at org.testng.SuiteRunner.runTest(SuiteRunner.java:334)
	at org.testng.SuiteRunner.runSequentially(SuiteRunner.java:329)
	at org.testng.SuiteRunner.privateRun(SuiteRunner.java:291)
	at org.testng.SuiteRunner.run(SuiteRunner.java:240)
	at org.testng.SuiteRunnerWorker.runSuite(SuiteRunnerWorker.java:52)
	at org.testng.SuiteRunnerWorker.run(SuiteRunnerWorker.java:86)
	at org.testng.TestNG.runSuitesSequentially(TestNG.java:1224)
	at org.testng.TestNG.runSuitesLocally(TestNG.java:1149)
	at org.testng.TestNG.run(TestNG.java:1057)
	at org.testng.TestNG.privateMain(TestNG.java:1364)
	at org.testng.TestNG.main(TestNG.java:1333)
]]>
            </full-stacktrace>
          </exception> <!-- java.lang.NullPointerException -->
          <reporter-output>
          </reporter-output>
        </test-method> <!-- teardown -->
        <test-method status="SKIP" signature="verifySendMoneyCases_equalsZero_viaEmail()[pri:0, instance:IntegrationTests.Tests.Payments.SendMoneyTest@180bc464]" name="verifySendMoneyCases_equalsZero_viaEmail" duration-ms="0" started-at="2015-07-07T22:02:03Z" finished-at="2015-07-07T22:02:03Z">
          <reporter-output>
          </reporter-output>
        </test-method> <!-- verifySendMoneyCases_equalsZero_viaEmail -->
        <test-method status="FAIL" signature="teardown()[pri:0, instance:IntegrationTests.Tests.Payments.SendMoneyTest@180bc464]" name="teardown" is-config="true" duration-ms="0" started-at="2015-07-07T22:02:03Z" finished-at="2015-07-07T22:02:03Z">
          <exception class="java.lang.NullPointerException">
            <full-stacktrace>
              <![CDATA[java.lang.NullPointerException
	at UITestFramework.CreateSession.teardown(Unknown Source)
	at sun.reflect.GeneratedMethodAccessor1.invoke(Unknown Source)
	at sun.reflect.DelegatingMethodAccessorImpl.invoke(DelegatingMethodAccessorImpl.java:43)
	at java.lang.reflect.Method.invoke(Method.java:497)
	at org.testng.internal.MethodInvocationHelper.invokeMethod(MethodInvocationHelper.java:84)
	at org.testng.internal.Invoker.invokeConfigurationMethod(Invoker.java:564)
	at org.testng.internal.Invoker.invokeConfigurations(Invoker.java:213)
[...]
        </test-method> <!-- instantiateHelpers -->
        <test-method status="FAIL" signature="teardown()[pri:0, instance:IntegrationTests.Tests.Payments.CashpickupTest@6be46e8f]" name="teardown" is-config="true" duration-ms="0" started-at="2015-07-07T22:02:03Z" finished-at="2015-07-07T22:02:03Z">
          <exception class="java.lang.NullPointerException">
            <full-stacktrace>
              <![CDATA[java.lang.NullPointerException
	at UITestFramework.CreateSession.teardown(Unknown Source)
	at sun.reflect.GeneratedMethodAccessor1.invoke(Unknown Source)
	at sun.reflect.DelegatingMethodAccessorImpl.invoke(DelegatingMethodAccessorImpl.java:43)
	at java.lang.reflect.Method.invoke(Method.java:497)
	at org.testng.internal.MethodInvocationHelper.invokeMethod(MethodInvocationHelper.java:84)
	at org.testng.internal.Invoker.invokeConfigurationMethod(Invoker.java:564)
	at org.testng.internal.Invoker.invokeConfigurations(Invoker.java:213)
	at org.testng.internal.Invoker.invokeMethod(Invoker.java:786)
	at org.testng.internal.Invoker.invokeTestMethod(Invoker.java:901)
	at org.testng.internal.Invoker.invokeTestMethods(Invoker.java:1231)
	at org.testng.internal.TestMethodWorker.invokeTestMethods(TestMethodWorker.java:127)
	at org.testng.internal.TestMethodWorker.run(TestMethodWorker.java:111)
	at org.testng.TestRunner.privateRun(TestRunner.java:767)
	at org.testng.TestRunner.run(TestRunner.java:617)
	at org.testng.SuiteRunner.runTest(SuiteRunner.java:334)
	at org.testng.SuiteRunner.runSequentially(SuiteRunner.java:329)
	at org.testng.SuiteRunner.privateRun(SuiteRunner.java:291)
	at org.testng.SuiteRunner.run(SuiteRunner.java:240)
	at org.testng.SuiteRunnerWorker.runSuite(SuiteRunnerWorker.java:52)
	at org.testng.SuiteRunnerWorker.run(SuiteRunnerWorker.java:86)
	at org.testng.TestNG.runSuitesSequentially(TestNG.java:1224)
	at org.testng.TestNG.runSuitesLocally(TestNG.java:1149)
	at org.testng.TestNG.run(TestNG.java:1057)
	at org.testng.TestNG.privateMain(TestNG.java:1364)
	at org.testng.TestNG.main(TestNG.java:1333)
]]>
            </full-stacktrace>
          </exception> <!-- java.lang.NullPointerException -->
          <reporter-output>
          </reporter-output>
        </test-method> <!-- teardown -->
        <test-method status="SKIP" signature="createDriver(java.lang.String, java.lang.String, java.lang.String, boolean, java.lang.String)[pri:0, instance:IntegrationTests.Tests.Payments.CashpickupTest@6be46e8f]" name="createDriver" is-config="true" duration-ms="0" started-at="2015-07-07T22:02:03Z" finished-at="2015-07-07T22:02:03Z">
          <reporter-output>
          </reporter-output>
        </test-method> <!-- createDriver -->
        <test-method status="SKIP" signature="createDriver(java.lang.String, java.lang.String, java.lang.String, boolean, java.lang.String)[pri:0, instance:IntegrationTests.Tests.Payments.CashpickupTest@6be46e8f]" name="createDriver" is-config="true" duration-ms="0" started-at="2015-07-07T22:02:03Z" finished-at="2015-07-07T22:02:03Z">
          <reporter-output>
          </reporter-output>
        </test-method> <!-- createDriver -->
        <test-method status="FAIL" signature="teardown()[pri:0, instance:IntegrationTests.Tests.Payments.CashpickupTest@6be46e8f]" name="teardown" is-config="true" duration-ms="0" started-at="2015-07-07T22:02:03Z" finished-at="2015-07-07T22:02:03Z">
          <exception class="java.lang.NullPointerException">
            <full-stacktrace>
              <![CDATA[java.lang.NullPointerException
	at UITestFramework.CreateSession.teardown(Unknown Source)
	at sun.reflect.GeneratedMethodAccessor1.invoke(Unknown Source)
	at sun.reflect.DelegatingMethodAccessorImpl.invoke(DelegatingMethodAccessorImpl.java:43)
	at java.lang.reflect.Method.invoke(Method.java:497)
	at org.testng.internal.MethodInvocationHelper.invokeMethod(MethodInvocationHelper.java:84)
	at org.testng.internal.Invoker.invokeConfigurationMethod(Invoker.java:564)
	at org.testng.internal.Invoker.invokeConfigurations(Invoker.java:213)
	at org.testng.internal.Invoker.invokeMethod(Invoker.java:786)
	at org.testng.internal.Invoker.invokeTestMethod(Invoker.java:901)
	at org.testng.internal.Invoker.invokeTestMethods(Invoker.java:1231)
	at org.testng.internal.TestMethodWorker.invokeTestMethods(TestMethodWorker.java:127)
	at org.testng.internal.TestMethodWorker.run(TestMethodWorker.java:111)
	at org.testng.TestRunner.privateRun(TestRunner.java:767)
	at org.testng.TestRunner.run(TestRunner.java:617)
	at org.testng.SuiteRunner.runTest(SuiteRunner.java:334)
	at org.testng.SuiteRunner.runSequentially(SuiteRunner.java:329)
	at org.testng.SuiteRunner.privateRun(SuiteRunner.java:291)
	at org.testng.SuiteRunner.run(SuiteRunner.java:240)
	at org.testng.SuiteRunnerWorker.runSuite(SuiteRunnerWorker.java:52)
	at org.testng.SuiteRunnerWorker.run(SuiteRunnerWorker.java:86)
	at org.testng.TestNG.runSuitesSequentially(TestNG.java:1224)
	at org.testng.TestNG.runSuitesLocally(TestNG.java:1149)
	at org.testng.TestNG.run(TestNG.java:1057)
	at org.testng.TestNG.privateMain(TestNG.java:1364)
	at org.testng.TestNG.main(TestNG.java:1333)
]]>
            </full-stacktrace>
          </exception> <!-- java.lang.NullPointerException -->
          <reporter-output>
          </reporter-output>
        </test-method> <!-- teardown -->
        <test-method status="SKIP" signature="instantiateHelpers(java.lang.String)[pri:0, instance:IntegrationTests.Tests.Payments.CashpickupTest@6be46e8f]" name="instantiateHelpers" is-config="true" duration-ms="0" started-at="2015-07-07T22:02:03Z" finished-at="2015-07-07T22:02:03Z">
          <reporter-output>
          </reporter-output>
        </test-method> <!-- instantiateHelpers -->
        <test-method status="SKIP" signature="locationserviceDisabled()[pri:0, instance:IntegrationTests.Tests.Payments.CashpickupTest@6be46e8f]" name="locationserviceDisabled" duration-ms="0" started-at="2015-07-07T22:02:03Z" finished-at="2015-07-07T22:02:03Z">
          <reporter-output>
          </reporter-output>
        </test-method> <!-- locationserviceDisabled -->
        <test-method status="SKIP" signature="locationserviceEnable()[pri:0, instance:IntegrationTests.Tests.Payments.CashpickupTest@6be46e8f]" name="locationserviceEnable" duration-ms="0" started-at="2015-07-07T22:02:03Z" finished-at="2015-07-07T22:02:03Z">
          <reporter-output>
          </reporter-output>
        </test-method> <!-- locationserviceEnable -->
        <test-method status="FAIL" signature="teardown()[pri:0, instance:IntegrationTests.Tests.Payments.CashpickupTest@6be46e8f]" name="teardown" is-config="true" duration-ms="0" started-at="2015-07-07T22:02:03Z" finished-at="2015-07-07T22:02:03Z">
          <exception class="java.lang.NullPointerException">
            <full-stacktrace>
              <![CDATA[java.lang.NullPointerException
	at UITestFramework.CreateSession.teardown(Unknown Source)
	at sun.reflect.GeneratedMethodAccessor1.invoke(Unknown Source)
	at sun.reflect.DelegatingMethodAccessorImpl.invoke(DelegatingMethodAccessorImpl.java:43)
	at java.lang.reflect.Method.invoke(Method.java:497)
	at org.testng.internal.MethodInvocationHelper.invokeMethod(MethodInvocationHelper.java:84)
	at org.testng.internal.Invoker.invokeConfigurationMethod(Invoker.java:564)
	at org.testng.internal.Invoker.invokeConfigurations(Invoker.java:213)
	at org.testng.internal.Invoker.invokeMethod(Invoker.java:786)
	at org.testng.internal.Invoker.invokeTestMethod(Invoker.java:901)
	at org.testng.internal.Invoker.invokeTestMethods(Invoker.java:1231)
	at org.testng.internal.TestMethodWorker.invokeTestMethods(TestMethodWorker.java:127)
	at org.testng.internal.TestMethodWorker.run(TestMethodWorker.java:111)
	at org.testng.TestRunner.privateRun(TestRunner.java:767)
	at org.testng.TestRunner.run(TestRunner.java:617)
	at org.testng.SuiteRunner.runTest(SuiteRunner.java:334)
	at org.testng.SuiteRunner.runSequentially(SuiteRunner.java:329)
	at org.testng.SuiteRunner.privateRun(SuiteRunner.java:291)
	at org.testng.SuiteRunner.run(SuiteRunner.java:240)
	at org.testng.SuiteRunnerWorker.runSuite(SuiteRunnerWorker.java:52)
	at org.testng.SuiteRunnerWorker.run(SuiteRunnerWorker.java:86)
	at org.testng.TestNG.runSuitesSequentially(TestNG.java:1224)
	at org.testng.TestNG.runSuitesLocally(TestNG.java:1149)
	at org.testng.TestNG.run(TestNG.java:1057)
	at org.testng.TestNG.privateMain(TestNG.java:1364)
	at org.testng.TestNG.main(TestNG.java:1333)
]]>
            </full-stacktrace>
          </exception> <!-- java.lang.NullPointerException -->
          <reporter-output>
          </reporter-output>
        </test-method> <!-- teardown -->
        <test-method status="SKIP" signature="instantiateHelpers(java.lang.String)[pri:0, instance:IntegrationTests.Tests.Payments.CashpickupTest@6be46e8f]" name="instantiateHelpers" is-config="true" duration-ms="0" started-at="2015-07-07T22:02:03Z" finished-at="2015-07-07T22:02:03Z">
          <reporter-output>
          </reporter-output>
        </test-method> <!-- instantiateHelpers -->
        <test-method status="SKIP" signature="loggedoutCashpickup()[pri:0, instance:IntegrationTests.Tests.Payments.CashpickupTest@6be46e8f]" name="loggedoutCashpickup" duration-ms="0" started-at="2015-07-07T22:02:03Z" finished-at="2015-07-07T22:02:03Z">
          <reporter-output>
          </reporter-output>
        </test-method> <!-- loggedoutCashpickup -->
        <test-method status="SKIP" signature="instantiateHelpers(java.lang.String)[pri:0, instance:IntegrationTests.Tests.Payments.CashpickupTest@6be46e8f]" name="instantiateHelpers" is-config="true" duration-ms="0" started-at="2015-07-07T22:02:03Z" finished-at="2015-07-07T22:02:03Z">
          <reporter-output>
          </reporter-output>
        </test-method> <!-- instantiateHelpers -->
        <test-method status="SKIP" signature="createDriver(java.lang.String, java.lang.String, java.lang.String, boolean, java.lang.String)[pri:0, instance:IntegrationTests.Tests.Payments.CashpickupTest@6be46e8f]" name="createDriver" is-config="true" duration-ms="0" started-at="2015-07-07T22:02:03Z" finished-at="2015-07-07T22:02:03Z">
          <reporter-output>
          </reporter-output>
        </test-method> <!-- createDriver -->
        <test-method status="FAIL" signature="teardown()[pri:0, instance:IntegrationTests.Tests.Payments.CashpickupTest@6be46e8f]" name="teardown" is-config="true" duration-ms="0" started-at="2015-07-07T22:02:03Z" finished-at="2015-07-07T22:02:03Z">
          <exception class="java.lang.NullPointerException">
            <full-stacktrace>
              <![CDATA[java.lang.NullPointerException
	at UITestFramework.CreateSession.teardown(Unknown Source)
	at sun.reflect.GeneratedMethodAccessor1.invoke(Unknown Source)
	at sun.reflect.DelegatingMethodAccessorImpl.invoke(DelegatingMethodAccessorImpl.java:43)
	at java.lang.reflect.Method.invoke(Method.java:497)
	at org.testng.internal.MethodInvocationHelper.invokeMethod(MethodInvocationHelper.java:84)
	at org.testng.internal.Invoker.invokeConfigurationMethod(Invoker.java:564)
	at org.testng.internal.Invoker.invokeConfigurations(Invoker.java:213)
	at org.testng.internal.Invoker.invokeMethod(Invoker.java:786)
	at org.testng.internal.Invoker.invokeTestMethod(Invoker.java:901)
	at org.testng.internal.Invoker.invokeTestMethods(Invoker.java:1231)
	at org.testng.internal.TestMethodWorker.invokeTestMethods(TestMethodWorker.java:127)
	at org.testng.internal.TestMethodWorker.run(TestMethodWorker.java:111)
	at org.testng.TestRunner.privateRun(TestRunner.java:767)
	at org.testng.TestRunner.run(TestRunner.java:617)
	at org.testng.SuiteRunner.runTest(SuiteRunner.java:334)
	at org.testng.SuiteRunner.runSequentially(SuiteRunner.java:329)
	at org.testng.SuiteRunner.privateRun(SuiteRunner.java:291)
	at org.testng.SuiteRunner.run(SuiteRunner.java:240)
	at org.testng.SuiteRunnerWorker.runSuite(SuiteRunnerWorker.java:52)
	at org.testng.SuiteRunnerWorker.run(SuiteRunnerWorker.java:86)
	at org.testng.TestNG.runSuitesSequentially(TestNG.java:1224)
	at org.testng.TestNG.runSuitesLocally(TestNG.java:1149)
	at org.testng.TestNG.run(TestNG.java:1057)
	at org.testng.TestNG.privateMain(TestNG.java:1364)
	at org.testng.TestNG.main(TestNG.java:1333)
]]>
            </full-stacktrace>
          </exception> <!-- java.lang.NullPointerException -->
          <reporter-output>
          </reporter-output>
        </test-method> <!-- teardown -->
        <test-method status="SKIP" signature="createDriver(java.lang.String, java.lang.String, java.lang.String, boolean, java.lang.String)[pri:0, instance:IntegrationTests.Tests.Payments.CashpickupTest@6be46e8f]" name="createDriver" is-config="true" duration-ms="0" started-at="2015-07-07T22:02:03Z" finished-at="2015-07-07T22:02:03Z">
          <reporter-output>
          </reporter-output>
        </test-method> <!-- createDriver -->
      </class> <!-- IntegrationTests.Tests.Payments.CashpickupTest -->
      <class name="IntegrationTests.Tests.Payments.MiscellaneousTest">
        <test-method status="SKIP" signature="instantiateHelpers(java.lang.String, java.lang.String)[pri:0, instance:IntegrationTests.Tests.Payments.MiscellaneousTest@77b52d12]" name="instantiateHelpers" is-config="true" duration-ms="0" started-at="2015-07-07T22:02:03Z" finished-at="2015-07-07T22:02:03Z">
          <reporter-output>
          </reporter-output>
        </test-method> <!-- instantiateHelpers -->
        <test-method status="FAIL" signature="teardown()[pri:0, instance:IntegrationTests.Tests.Payments.MiscellaneousTest@77b52d12]" name="teardown" is-config="true" duration-ms="0" started-at="2015-07-07T22:02:03Z" finished-at="2015-07-07T22:02:03Z">
          <exception class="java.lang.NullPointerException">
            <full-stacktrace>
              <![CDATA[java.lang.NullPointerException
	at UITestFramework.CreateSession.teardown(Unknown Source)
	at sun.reflect.GeneratedMethodAccessor1.invoke(Unknown Source)
	at sun.reflect.DelegatingMethodAccessorImpl.invoke(DelegatingMethodAccessorImpl.java:43)
	at java.lang.reflect.Method.invoke(Method.java:497)
	at org.testng.internal.MethodInvocationHelper.invokeMethod(MethodInvocationHelper.java:84)
	at org.testng.internal.Invoker.invokeConfigurationMethod(Invoker.java:564)
	at org.testng.internal.Invoker.invokeConfigurations(Invoker.java:213)
	at org.testng.internal.Invoker.invokeMethod(Invoker.java:786)
	at org.testng.internal.Invoker.invokeTestMethod(Invoker.java:901)
	at org.testng.internal.Invoker.invokeTestMethods(Invoker.java:1231)
	at org.testng.internal.TestMethodWorker.invokeTestMethods(TestMethodWorker.java:127)
	at org.testng.internal.TestMethodWorker.run(TestMethodWorker.java:111)
	at org.testng.TestRunner.privateRun(TestRunner.java:767)
	at org.testng.TestRunner.run(TestRunner.java:617)
	at org.testng.SuiteRunner.runTest(SuiteRunner.java:334)
	at org.testng.SuiteRunner.runSequentially(SuiteRunner.java:329)
	at org.testng.SuiteRunner.privateRun(SuiteRunner.java:291)
	at org.testng.SuiteRunner.run(SuiteRunner.java:240)
	at org.testng.SuiteRunnerWorker.runSuite(SuiteRunnerWorker.java:52)
	at org.testng.SuiteRunnerWorker.run(SuiteRunnerWorker.java:86)
	at org.testng.TestNG.runSuitesSequentially(TestNG.java:1224)
	at org.testng.TestNG.runSuitesLocally(TestNG.java:1149)
	at org.testng.TestNG.run(TestNG.java:1057)
	at org.testng.TestNG.privateMain(TestNG.java:1364)
	at org.testng.TestNG.main(TestNG.java:1333)
]]>
            </full-stacktrace>
          </exception> <!-- java.lang.NullPointerException -->
          <reporter-output>
          </reporter-output>
        </test-method> <!-- teardown -->
        <test-method status="SKIP" signature="verifyNotification()[pri:0, instance:IntegrationTests.Tests.Payments.MiscellaneousTest@77b52d12]" name="verifyNotification" duration-ms="0" started-at="2015-07-07T22:02:03Z" finished-at="2015-07-07T22:02:03Z">
          <reporter-output>
          </reporter-output>
        </test-method> <!-- verifyNotification -->
        <test-method status="SKIP" signature="createDriver(java.lang.String, java.lang.String, java.lang.String, boolean, java.lang.String)[pri:0, instance:IntegrationTests.Tests.Payments.MiscellaneousTest@77b52d12]" name="createDriver" is-config="true" duration-ms="0" started-at="2015-07-07T22:02:03Z" finished-at="2015-07-07T22:02:03Z">
          <reporter-output>
          </reporter-output>
        </test-method> <!-- createDriver -->
        <test-method status="SKIP" signature="createDriver(java.lang.String, java.lang.String, java.lang.String, boolean, java.lang.String)[pri:0, instance:IntegrationTests.Tests.Payments.MiscellaneousTest@77b52d12]" name="createDriver" is-config="true" duration-ms="0" started-at="2015-07-07T22:02:03Z" finished-at="2015-07-07T22:02:03Z">
          <reporter-output>
          </reporter-output>
        </test-method> <!-- createDriver -->
        <test-method status="SKIP" signature="verify_AboutUs()[pri:0, instance:IntegrationTests.Tests.Payments.MiscellaneousTest@77b52d12]" name="verify_AboutUs" duration-ms="0" started-at="2015-07-07T22:02:03Z" finished-at="2015-07-07T22:02:03Z">
          <reporter-output>
          </reporter-output>
        </test-method> <!-- verify_AboutUs -->
        <test-method status="FAIL" signature="teardown()[pri:0, instance:IntegrationTests.Tests.Payments.MiscellaneousTest@77b52d12]" name="teardown" is-config="true" duration-ms="0" started-at="2015-07-07T22:02:03Z" finished-at="2015-07-07T22:02:03Z">
          <exception class="java.lang.NullPointerException">
            <full-stacktrace>
              <![CDATA[java.lang.NullPointerException
	at UITestFramework.CreateSession.teardown(Unknown Source)
	at sun.reflect.GeneratedMethodAccessor1.invoke(Unknown Source)
	at sun.reflect.DelegatingMethodAccessorImpl.invoke(DelegatingMethodAccessorImpl.java:43)
	at java.lang.reflect.Method.invoke(Method.java:497)
	at org.testng.internal.MethodInvocationHelper.invokeMethod(MethodInvocationHelper.java:84)
	at org.testng.internal.Invoker.invokeConfigurationMethod(Invoker.java:564)
	at org.testng.internal.Invoker.invokeConfigurations(Invoker.java:213)
	at org.testng.internal.Invoker.invokeMethod(Invoker.java:786)
	at org.testng.internal.Invoker.invokeTestMethod(Invoker.java:901)
	at org.testng.internal.Invoker.invokeTestMethods(Invoker.java:1231)
	at org.testng.internal.TestMethodWorker.invokeTestMethods(TestMethodWorker.java:127)
	at org.testng.internal.TestMethodWorker.run(TestMethodWorker.java:111)
	at org.testng.TestRunner.privateRun(TestRunner.java:767)
	at org.testng.TestRunner.run(TestRunner.java:617)
	at org.testng.SuiteRunner.runTest(SuiteRunner.java:334)
	at org.testng.SuiteRunner.runSequentially(SuiteRunner.java:329)
	at org.testng.SuiteRunner.privateRun(SuiteRunner.java:291)
	at org.testng.SuiteRunner.run(SuiteRunner.java:240)
	at org.testng.SuiteRunnerWorker.runSuite(SuiteRunnerWorker.java:52)
	at org.testng.SuiteRunnerWorker.run(SuiteRunnerWorker.java:86)
	at org.testng.TestNG.runSuitesSequentially(TestNG.java:1224)
	at org.testng.TestNG.runSuitesLocally(TestNG.java:1149)
	at org.testng.TestNG.run(TestNG.java:1057)
	at org.testng.TestNG.privateMain(TestNG.java:1364)
	at org.testng.TestNG.main(TestNG.java:1333)
]]>
            </full-stacktrace>
          </exception> <!-- java.lang.NullPointerException -->
          <reporter-output>
          </reporter-output>
        </test-method> <!-- teardown -->
        <test-method status="SKIP" signature="instantiateHelpers(java.lang.String, java.lang.String)[pri:0, instance:IntegrationTests.Tests.Payments.MiscellaneousTest@77b52d12]" name="instantiateHelpers" is-config="true" duration-ms="0" started-at="2015-07-07T22:02:03Z" finished-at="2015-07-07T22:02:03Z">
          <reporter-output>
          </reporter-output>
        </test-method> <!-- instantiateHelpers -->
      </class> <!-- IntegrationTests.Tests.Payments.MiscellaneousTest -->
    </test> <!-- Mobikwik Automation Tests -->
  </suite> <!-- Appium-Framework -->
</testng-results>
