<?xml version="1.0" encoding="UTF-8"?>
<testng-results skipped="0" failed="0" total="1" passed="1">
  <reporter-output>
    <line>
      <![CDATA[<br>]]>
    </line>
    <line>
      <![CDATA[<Font Color=#008000> PASS </Font>Verify invalid Login scenario]]>
    </line>
  </reporter-output>
  <suite name="Appium-Framework" duration-ms="51176" started-at="2015-04-22T04:27:37Z" finished-at="2015-04-22T04:28:28Z">
    <groups>
      <group name="sanity">
        <method signature="InvalidLoginTest.verifyInvalidLoginTest()[pri:0, instance:IntegrationTests.tests.payments.InvalidLoginTest@6442b0a6]" name="verifyInvalidLoginTest" class="IntegrationTests.tests.payments.InvalidLoginTest"/>
      </group> <!-- sanity -->
    </groups>
    <test name="Mobikwik Automation Tests" duration-ms="51176" started-at="2015-04-22T04:27:37Z" finished-at="2015-04-22T04:28:28Z">
      <class name="IntegrationTests.tests.payments.InvalidLoginTest">
        <test-method status="PASS" signature="createDriver(java.lang.String)[pri:0, instance:IntegrationTests.tests.payments.InvalidLoginTest@6442b0a6]" name="createDriver" is-config="true" duration-ms="13971" started-at="2015-04-22T09:57:37Z" finished-at="2015-04-22T09:57:51Z">
          <params>
            <param index="0">
              <value>
                <![CDATA[android]]>
              </value>
            </param>
          </params>
          <reporter-output>
          </reporter-output>
        </test-method> <!-- createDriver -->
        <test-method status="PASS" signature="instantiateHelpers(java.lang.String)[pri:0, instance:IntegrationTests.tests.payments.InvalidLoginTest@6442b0a6]" name="instantiateHelpers" is-config="true" duration-ms="5" started-at="2015-04-22T09:57:51Z" finished-at="2015-04-22T09:57:51Z">
          <params>
            <param index="0">
              <value>
                <![CDATA[android]]>
              </value>
            </param>
          </params>
          <reporter-output>
          </reporter-output>
        </test-method> <!-- instantiateHelpers -->
        <test-method status="PASS" signature="verifyInvalidLoginTest()[pri:0, instance:IntegrationTests.tests.payments.InvalidLoginTest@6442b0a6]" name="verifyInvalidLoginTest" duration-ms="35887" started-at="2015-04-22T09:57:51Z" finished-at="2015-04-22T09:58:27Z">
          <reporter-output>
            <line>
              <![CDATA[<br>]]>
            </line>
            <line>
              <![CDATA[<Font Color=#008000> PASS </Font>Verify invalid Login scenario]]>
            </line>
          </reporter-output>
        </test-method> <!-- verifyInvalidLoginTest -->
        <test-method status="PASS" signature="teardown()[pri:0, instance:IntegrationTests.tests.payments.InvalidLoginTest@6442b0a6]" name="teardown" is-config="true" duration-ms="1291" started-at="2015-04-22T09:58:27Z" finished-at="2015-04-22T09:58:28Z">
          <reporter-output>
          </reporter-output>
        </test-method> <!-- teardown -->
      </class> <!-- IntegrationTests.tests.payments.InvalidLoginTest -->
    </test> <!-- Mobikwik Automation Tests -->
  </suite> <!-- Appium-Framework -->
</testng-results>
