<?xml version="1.0" encoding="UTF-8"?>
<testng-results skipped="1" failed="0" total="1" passed="0">
  <reporter-output>
  </reporter-output>
  <suite name="Appium-Framework" duration-ms="226108" started-at="2017-08-25T02:54:25Z" finished-at="2017-08-25T02:58:11Z">
    <groups>
    </groups>
    <test name="LoginTest" duration-ms="226108" started-at="2017-08-25T02:54:25Z" finished-at="2017-08-25T02:58:11Z">
      <class name="IntegrationTests.Tests.LoginTest">
        <test-method status="FAIL" signature="createDriver(java.lang.String, java.lang.reflect.Method)[pri:0, instance:IntegrationTests.Tests.LoginTest@5f2108b5]" name="createDriver" is-config="true" duration-ms="0" started-at="2017-08-25T08:24:25Z" finished-at="2017-08-25T08:24:25Z">
          <params>
            <param index="0">
              <value>
                <![CDATA[android]]>
              </value>
            </param>
            <param index="1">
              <value>
                <![CDATA[public void IntegrationTests.Tests.LoginTest.LoginVerification() throws java.lang.InterruptedException]]>
              </value>
            </param>
          </params>
          <exception class="org.openqa.selenium.WebDriverException">
            <message>
              <![CDATA[An unknown server-side error occurred while processing the command. Original error: Error occured while starting App. Original error: net.slideshare.mobile/net.slideshare.mobile.ui.SplashActivity or net.slideshare.mobile.net.slideshare.mobile.ui.SplashActivity never started (WARNING: The server did not provide any stacktrace information)
Command duration or timeout: 225.45 seconds
Build info: version: '2.45.0', revision: '32a636c', time: '2015-03-05 22:01:35'
System info: host: 'RIVLT0117653', ip: '127.0.1.1', os.name: 'Linux', os.arch: 'amd64', os.version: '4.4.0-92-generic', java.version: '1.8.0_121'
Driver info: io.appium.java_client.android.AndroidDriver]]>
            </message>
            <full-stacktrace>
              <![CDATA[org.openqa.selenium.WebDriverException: An unknown server-side error occurred while processing the command. Original error: Error occured while starting App. Original error: net.slideshare.mobile/net.slideshare.mobile.ui.SplashActivity or net.slideshare.mobile.net.slideshare.mobile.ui.SplashActivity never started (WARNING: The server did not provide any stacktrace information)
Command duration or timeout: 225.45 seconds
Build info: version: '2.45.0', revision: '32a636c', time: '2015-03-05 22:01:35'
System info: host: 'RIVLT0117653', ip: '127.0.1.1', os.name: 'Linux', os.arch: 'amd64', os.version: '4.4.0-92-generic', java.version: '1.8.0_121'
Driver info: io.appium.java_client.android.AndroidDriver
	at sun.reflect.NativeConstructorAccessorImpl.newInstance0(Native Method)
	at sun.reflect.NativeConstructorAccessorImpl.newInstance(NativeConstructorAccessorImpl.java:62)
	at sun.reflect.DelegatingConstructorAccessorImpl.newInstance(DelegatingConstructorAccessorImpl.java:45)
	at java.lang.reflect.Constructor.newInstance(Constructor.java:423)
	at org.openqa.selenium.remote.ErrorHandler.createThrowable(ErrorHandler.java:204)
	at org.openqa.selenium.remote.ErrorHandler.throwIfResponseFailed(ErrorHandler.java:156)
	at org.openqa.selenium.remote.RemoteWebDriver.execute(RemoteWebDriver.java:599)
	at io.appium.java_client.AppiumDriver.execute(AppiumDriver.java:180)
	at org.openqa.selenium.remote.RemoteWebDriver.startSession(RemoteWebDriver.java:240)
	at org.openqa.selenium.remote.RemoteWebDriver.<init>(RemoteWebDriver.java:126)
	at org.openqa.selenium.remote.RemoteWebDriver.<init>(RemoteWebDriver.java:153)
	at io.appium.java_client.AppiumDriver.<init>(AppiumDriver.java:109)
	at io.appium.java_client.android.AndroidDriver.<init>(AndroidDriver.java:39)
	at UITestFramework.CreateSession.androidDriver(CreateSession.java:147)
	at UITestFramework.CreateSession.createDriver(CreateSession.java:107)
	at sun.reflect.NativeMethodAccessorImpl.invoke0(Native Method)
	at sun.reflect.NativeMethodAccessorImpl.invoke(NativeMethodAccessorImpl.java:62)
	at sun.reflect.DelegatingMethodAccessorImpl.invoke(DelegatingMethodAccessorImpl.java:43)
	at java.lang.reflect.Method.invoke(Method.java:498)
	at org.testng.internal.MethodInvocationHelper.invokeMethod(MethodInvocationHelper.java:80)
	at org.testng.internal.Invoker.invokeConfigurationMethod(Invoker.java:564)
	at org.testng.internal.Invoker.invokeConfigurations(Invoker.java:213)
	at org.testng.internal.Invoker.invokeMethod(Invoker.java:653)
	at org.testng.internal.Invoker.invokeTestMethod(Invoker.java:901)
	at org.testng.internal.Invoker.invokeTestMethods(Invoker.java:1231)
	at org.testng.internal.TestMethodWorker.invokeTestMethods(TestMethodWorker.java:127)
	at org.testng.internal.TestMethodWorker.run(TestMethodWorker.java:111)
	at org.testng.TestRunner.privateRun(TestRunner.java:767)
	at org.testng.TestRunner.run(TestRunner.java:617)
	at org.testng.SuiteRunner.runTest(SuiteRunner.java:334)
	at org.testng.SuiteRunner.runSequentially(SuiteRunner.java:329)
	at org.testng.SuiteRunner.privateRun(SuiteRunner.java:291)
	at org.testng.SuiteRunner.run(SuiteRunner.java:240)
	at org.testng.SuiteRunnerWorker.runSuite(SuiteRunnerWorker.java:52)
	at org.testng.SuiteRunnerWorker.run(SuiteRunnerWorker.java:86)
	at org.testng.TestNG.runSuitesSequentially(TestNG.java:1198)
	at org.testng.TestNG.runSuitesLocally(TestNG.java:1123)
	at org.testng.TestNG.run(TestNG.java:1031)
	at org.testng.remote.AbstractRemoteTestNG.run(AbstractRemoteTestNG.java:132)
	at org.testng.remote.RemoteTestNG.initAndRun(RemoteTestNG.java:230)
	at org.testng.remote.RemoteTestNG.main(RemoteTestNG.java:76)
]]>
            </full-stacktrace>
          </exception> <!-- org.openqa.selenium.WebDriverException -->
          <reporter-output>
          </reporter-output>
        </test-method> <!-- createDriver -->
        <test-method status="SKIP" signature="instantiateHelpers(java.lang.String)[pri:0, instance:IntegrationTests.Tests.LoginTest@5f2108b5]" name="instantiateHelpers" is-config="true" duration-ms="0" started-at="2017-08-25T08:28:11Z" finished-at="2017-08-25T08:28:11Z">
          <reporter-output>
          </reporter-output>
        </test-method> <!-- instantiateHelpers -->
        <test-method status="SKIP" signature="LoginVerification()[pri:0, instance:IntegrationTests.Tests.LoginTest@5f2108b5]" name="LoginVerification" duration-ms="2" started-at="2017-08-25T08:28:11Z" finished-at="2017-08-25T08:28:11Z">
          <reporter-output>
          </reporter-output>
        </test-method> <!-- LoginVerification -->
        <test-method status="SKIP" signature="teardown()[pri:0, instance:IntegrationTests.Tests.LoginTest@5f2108b5]" name="teardown" is-config="true" duration-ms="0" started-at="2017-08-25T08:28:11Z" finished-at="2017-08-25T08:28:11Z">
          <reporter-output>
          </reporter-output>
        </test-method> <!-- teardown -->
      </class> <!-- IntegrationTests.Tests.LoginTest -->
    </test> <!-- LoginTest -->
  </suite> <!-- Appium-Framework -->
</testng-results>
