<?xml version="1.0" encoding="UTF-8"?>
<testng-results skipped="2" failed="0" total="2" passed="0">
  <reporter-output>
  </reporter-output>
  <suite name="Appium-Framework" duration-ms="63" started-at="2015-05-13T07:33:31Z" finished-at="2015-05-13T07:33:31Z">
    <groups>
      <group name="san">
        <method signature="LoginTest.verifyInvalidLoginTest()[pri:0, instance:IntegrationTests.Tests.Payments.LoginTest@4411d970]" name="verifyInvalidLoginTest" class="IntegrationTests.Tests.Payments.LoginTest"/>
        <method signature="LoginTest.verifyLoginLogoutTest()[pri:0, instance:IntegrationTests.Tests.Payments.LoginTest@4411d970]" name="verifyLoginLogoutTest" class="IntegrationTests.Tests.Payments.LoginTest"/>
      </group> <!-- san -->
      <group name="web">
        <method signature="LoginTest.verifyLoginLogoutTest()[pri:0, instance:IntegrationTests.Tests.Payments.LoginTest@4411d970]" name="verifyLoginLogoutTest" class="IntegrationTests.Tests.Payments.LoginTest"/>
      </group> <!-- web -->
      <group name="sanity">
        <method signature="LoginTest.verifyInvalidLoginTest()[pri:0, instance:IntegrationTests.Tests.Payments.LoginTest@4411d970]" name="verifyInvalidLoginTest" class="IntegrationTests.Tests.Payments.LoginTest"/>
        <method signature="LoginTest.verifyLoginLogoutTest()[pri:0, instance:IntegrationTests.Tests.Payments.LoginTest@4411d970]" name="verifyLoginLogoutTest" class="IntegrationTests.Tests.Payments.LoginTest"/>
      </group> <!-- sanity -->
      <group name="harsimran">
        <method signature="LoginTest.verifyLoginLogoutTest()[pri:0, instance:IntegrationTests.Tests.Payments.LoginTest@4411d970]" name="verifyLoginLogoutTest" class="IntegrationTests.Tests.Payments.LoginTest"/>
      </group> <!-- harsimran -->
    </groups>
    <test name="Mobikwik Automation Tests" duration-ms="63" started-at="2015-05-13T07:33:31Z" finished-at="2015-05-13T07:33:31Z">
      <class name="IntegrationTests.Tests.Payments.LoginTest">
        <test-method status="FAIL" signature="createDriver(java.lang.String, java.lang.String, java.lang.String, java.lang.String)[pri:0, instance:IntegrationTests.Tests.Payments.LoginTest@4411d970]" name="createDriver" is-config="true" duration-ms="0" started-at="2015-05-13T13:03:31Z" finished-at="2015-05-13T13:03:31Z">
          <exception class="org.testng.TestNGException">
            <message>
              <![CDATA[
Parameter 'level' is required by @Configuration on method createDriver but has not been marked @Optional or defined
in /home/shanky/tests/AutomationTests/UIAutomation/testng.xml]]>
            </message>
            <full-stacktrace>
              <![CDATA[org.testng.TestNGException: 
Parameter 'level' is required by @Configuration on method createDriver but has not been marked @Optional or defined
in /home/shanky/tests/AutomationTests/UIAutomation/testng.xml
	at org.testng.internal.Parameters.createParameters(Parameters.java:155)
	at org.testng.internal.Parameters.createParameters(Parameters.java:358)
	at org.testng.internal.Parameters.createConfigurationParameters(Parameters.java:86)
	at org.testng.internal.Invoker.invokeConfigurations(Invoker.java:199)
	at org.testng.internal.Invoker.invokeMethod(Invoker.java:653)
	at org.testng.internal.Invoker.invokeTestMethod(Invoker.java:901)
	at org.testng.internal.Invoker.invokeTestMethods(Invoker.java:1231)
	at org.testng.internal.TestMethodWorker.invokeTestMethods(TestMethodWorker.java:127)
	at org.testng.internal.TestMethodWorker.run(TestMethodWorker.java:111)
	at org.testng.TestRunner.privateRun(TestRunner.java:767)
	at org.testng.TestRunner.run(TestRunner.java:617)
	at org.testng.SuiteRunner.runTest(SuiteRunner.java:334)
	at org.testng.SuiteRunner.runSequentially(SuiteRunner.java:329)
	at org.testng.SuiteRunner.privateRun(SuiteRunner.java:291)
	at org.testng.SuiteRunner.run(SuiteRunner.java:240)
	at org.testng.SuiteRunnerWorker.runSuite(SuiteRunnerWorker.java:52)
	at org.testng.SuiteRunnerWorker.run(SuiteRunnerWorker.java:86)
	at org.testng.TestNG.runSuitesSequentially(TestNG.java:1224)
	at org.testng.TestNG.runSuitesLocally(TestNG.java:1149)
	at org.testng.TestNG.run(TestNG.java:1057)
	at org.testng.TestNG.privateMain(TestNG.java:1364)
	at org.testng.TestNG.main(TestNG.java:1333)
]]>
            </full-stacktrace>
          </exception> <!-- org.testng.TestNGException -->
          <reporter-output>
          </reporter-output>
        </test-method> <!-- createDriver -->
        <test-method status="SKIP" signature="verifyLoginLogoutTest()[pri:0, instance:IntegrationTests.Tests.Payments.LoginTest@4411d970]" name="verifyLoginLogoutTest" duration-ms="4" started-at="2015-05-13T13:03:31Z" finished-at="2015-05-13T13:03:31Z">
          <reporter-output>
          </reporter-output>
        </test-method> <!-- verifyLoginLogoutTest -->
        <test-method status="SKIP" signature="instantiateHelpers(java.lang.String)[pri:0, instance:IntegrationTests.Tests.Payments.LoginTest@4411d970]" name="instantiateHelpers" is-config="true" duration-ms="0" started-at="2015-05-13T13:03:31Z" finished-at="2015-05-13T13:03:31Z">
          <reporter-output>
          </reporter-output>
        </test-method> <!-- instantiateHelpers -->
        <test-method status="FAIL" signature="teardown()[pri:0, instance:IntegrationTests.Tests.Payments.LoginTest@4411d970]" name="teardown" is-config="true" duration-ms="0" started-at="2015-05-13T13:03:31Z" finished-at="2015-05-13T13:03:31Z">
          <exception class="java.lang.NullPointerException">
            <full-stacktrace>
              <![CDATA[java.lang.NullPointerException
	at UITestFramework.CreateSession.teardown(Unknown Source)
	at sun.reflect.NativeMethodAccessorImpl.invoke0(Native Method)
	at sun.reflect.NativeMethodAccessorImpl.invoke(NativeMethodAccessorImpl.java:62)
	at sun.reflect.DelegatingMethodAccessorImpl.invoke(DelegatingMethodAccessorImpl.java:43)
	at java.lang.reflect.Method.invoke(Method.java:497)
	at org.testng.internal.MethodInvocationHelper.invokeMethod(MethodInvocationHelper.java:84)
	at org.testng.internal.Invoker.invokeConfigurationMethod(Invoker.java:564)
	at org.testng.internal.Invoker.invokeConfigurations(Invoker.java:213)
	at org.testng.internal.Invoker.invokeMethod(Invoker.java:786)
	at org.testng.internal.Invoker.invokeTestMethod(Invoker.java:901)
	at org.testng.internal.Invoker.invokeTestMethods(Invoker.java:1231)
	at org.testng.internal.TestMethodWorker.invokeTestMethods(TestMethodWorker.java:127)
	at org.testng.internal.TestMethodWorker.run(TestMethodWorker.java:111)
	at org.testng.TestRunner.privateRun(TestRunner.java:767)
	at org.testng.TestRunner.run(TestRunner.java:617)
	at org.testng.SuiteRunner.runTest(SuiteRunner.java:334)
	at org.testng.SuiteRunner.runSequentially(SuiteRunner.java:329)
	at org.testng.SuiteRunner.privateRun(SuiteRunner.java:291)
	at org.testng.SuiteRunner.run(SuiteRunner.java:240)
	at org.testng.SuiteRunnerWorker.runSuite(SuiteRunnerWorker.java:52)
	at org.testng.SuiteRunnerWorker.run(SuiteRunnerWorker.java:86)
	at org.testng.TestNG.runSuitesSequentially(TestNG.java:1224)
	at org.testng.TestNG.runSuitesLocally(TestNG.java:1149)
	at org.testng.TestNG.run(TestNG.java:1057)
	at org.testng.TestNG.privateMain(TestNG.java:1364)
	at org.testng.TestNG.main(TestNG.java:1333)
]]>
            </full-stacktrace>
          </exception> <!-- java.lang.NullPointerException -->
          <reporter-output>
          </reporter-output>
        </test-method> <!-- teardown -->
        <test-method status="SKIP" signature="createDriver(java.lang.String, java.lang.String, java.lang.String, java.lang.String)[pri:0, instance:IntegrationTests.Tests.Payments.LoginTest@4411d970]" name="createDriver" is-config="true" duration-ms="0" started-at="2015-05-13T13:03:31Z" finished-at="2015-05-13T13:03:31Z">
          <reporter-output>
          </reporter-output>
        </test-method> <!-- createDriver -->
        <test-method status="SKIP" signature="instantiateHelpers(java.lang.String)[pri:0, instance:IntegrationTests.Tests.Payments.LoginTest@4411d970]" name="instantiateHelpers" is-config="true" duration-ms="0" started-at="2015-05-13T13:03:31Z" finished-at="2015-05-13T13:03:31Z">
          <reporter-output>
          </reporter-output>
        </test-method> <!-- instantiateHelpers -->
        <test-method status="FAIL" signature="teardown()[pri:0, instance:IntegrationTests.Tests.Payments.LoginTest@4411d970]" name="teardown" is-config="true" duration-ms="0" started-at="2015-05-13T13:03:31Z" finished-at="2015-05-13T13:03:31Z">
          <exception class="java.lang.NullPointerException">
            <full-stacktrace>
              <![CDATA[java.lang.NullPointerException
	at UITestFramework.CreateSession.teardown(Unknown Source)
	at sun.reflect.NativeMethodAccessorImpl.invoke0(Native Method)
	at sun.reflect.NativeMethodAccessorImpl.invoke(NativeMethodAccessorImpl.java:62)
	at sun.reflect.DelegatingMethodAccessorImpl.invoke(DelegatingMethodAccessorImpl.java:43)
	at java.lang.reflect.Method.invoke(Method.java:497)
	at org.testng.internal.MethodInvocationHelper.invokeMethod(MethodInvocationHelper.java:84)
	at org.testng.internal.Invoker.invokeConfigurationMethod(Invoker.java:564)
	at org.testng.internal.Invoker.invokeConfigurations(Invoker.java:213)
	at org.testng.internal.Invoker.invokeMethod(Invoker.java:786)
	at org.testng.internal.Invoker.invokeTestMethod(Invoker.java:901)
	at org.testng.internal.Invoker.invokeTestMethods(Invoker.java:1231)
	at org.testng.internal.TestMethodWorker.invokeTestMethods(TestMethodWorker.java:127)
	at org.testng.internal.TestMethodWorker.run(TestMethodWorker.java:111)
	at org.testng.TestRunner.privateRun(TestRunner.java:767)
	at org.testng.TestRunner.run(TestRunner.java:617)
	at org.testng.SuiteRunner.runTest(SuiteRunner.java:334)
	at org.testng.SuiteRunner.runSequentially(SuiteRunner.java:329)
	at org.testng.SuiteRunner.privateRun(SuiteRunner.java:291)
	at org.testng.SuiteRunner.run(SuiteRunner.java:240)
	at org.testng.SuiteRunnerWorker.runSuite(SuiteRunnerWorker.java:52)
	at org.testng.SuiteRunnerWorker.run(SuiteRunnerWorker.java:86)
	at org.testng.TestNG.runSuitesSequentially(TestNG.java:1224)
	at org.testng.TestNG.runSuitesLocally(TestNG.java:1149)
	at org.testng.TestNG.run(TestNG.java:1057)
	at org.testng.TestNG.privateMain(TestNG.java:1364)
	at org.testng.TestNG.main(TestNG.java:1333)
]]>
            </full-stacktrace>
          </exception> <!-- java.lang.NullPointerException -->
          <reporter-output>
          </reporter-output>
        </test-method> <!-- teardown -->
        <test-method status="SKIP" signature="verifyInvalidLoginTest()[pri:0, instance:IntegrationTests.Tests.Payments.LoginTest@4411d970]" name="verifyInvalidLoginTest" duration-ms="0" started-at="2015-05-13T13:03:31Z" finished-at="2015-05-13T13:03:31Z">
          <reporter-output>
          </reporter-output>
        </test-method> <!-- verifyInvalidLoginTest -->
      </class> <!-- IntegrationTests.Tests.Payments.LoginTest -->
    </test> <!-- Mobikwik Automation Tests -->
  </suite> <!-- Appium-Framework -->
</testng-results>
